<?xml version="1.0" encoding="UTF-8"?>
<coverage generated="1644111131689" clover="4.3.1">
   <project name="ece651-sp22-sz232-battleship" timestamp="1644111131318">
      <metrics coveredelements="1362" complexity="295" loc="2891" methods="170" classes="33" statements="1006" packages="1" coveredconditionals="186" coveredmethods="170" elements="1362" ncloc="1936" files="33" conditionals="186" coveredstatements="1006"/>
      <package name="edu.duke.sz232.battleship">
         <metrics coveredelements="1362" complexity="295" loc="2891" methods="170" classes="33" statements="1006" coveredconditionals="186" coveredmethods="170" elements="1362" ncloc="1936" files="33" conditionals="186" coveredstatements="1006"/>
         <file path="/home/cannavaro/Desktop/651/ece651-sp22-sz232-battleship/src/main/java/edu/duke/sz232/battleship/SimpleShipDisplayInfo.java" name="SimpleShipDisplayInfo.java">
            <metrics coveredelements="7" coveredconditionals="2" complexity="3" loc="28" coveredmethods="2" methods="2" elements="7" classes="1" ncloc="12" statements="3" conditionals="2" coveredstatements="3"/>
            <class name="SimpleShipDisplayInfo">
               <metrics coveredelements="7" coveredconditionals="2" complexity="3" coveredmethods="2" methods="2" elements="7" statements="3" conditionals="2" coveredstatements="3"/>
            </class>
            <line complexity="1" visibility="public" signature="SimpleShipDisplayInfo(T,T)" num="13" count="265" type="method"/>
            <line num="14" count="265" type="stmt"/>
            <line num="15" count="265" type="stmt"/>
            <line complexity="2" visibility="public" signature="getInfo(Coordinate,boolean) : T" num="23" count="71820" type="method"/>
            <line num="25" count="71820" type="stmt"/>
            <line falsecount="31301" truecount="40519" num="25" type="cond"/>
         </file>
         <file path="/home/cannavaro/Desktop/651/ece651-sp22-sz232-battleship/src/main/java/edu/duke/sz232/battleship/BattleShipBoard.java" name="BattleShipBoard.java">
            <metrics coveredelements="115" coveredconditionals="34" complexity="35" loc="221" coveredmethods="14" methods="14" elements="115" classes="1" ncloc="128" statements="67" conditionals="34" coveredstatements="67"/>
            <class name="BattleShipBoard">
               <metrics coveredelements="115" coveredconditionals="34" complexity="35" coveredmethods="14" methods="14" elements="115" statements="67" conditionals="34" coveredstatements="67"/>
            </class>
            <line complexity="1" visibility="public" signature="BattleShipBoard(int,int,T)" num="26" count="42" type="method"/>
            <line num="27" count="42" type="stmt"/>
            <line complexity="3" visibility="public" signature="BattleShipBoard(int,int,PlacementRuleChecker&lt;T&gt;,T)" num="40" count="49" type="method"/>
            <line num="41" count="49" type="stmt"/>
            <line falsecount="47" truecount="2" num="41" type="cond"/>
            <line num="42" count="2" type="stmt"/>
            <line num="44" count="47" type="stmt"/>
            <line falsecount="45" truecount="2" num="44" type="cond"/>
            <line num="45" count="2" type="stmt"/>
            <line num="47" count="45" type="stmt"/>
            <line num="48" count="45" type="stmt"/>
            <line num="49" count="45" type="stmt"/>
            <line num="50" count="45" type="stmt"/>
            <line num="51" count="45" type="stmt"/>
            <line num="52" count="45" type="stmt"/>
            <line complexity="1" visibility="public" signature="getHeight() : int" num="55" count="24333" type="method"/>
            <line num="56" count="24333" type="stmt"/>
            <line complexity="1" visibility="public" signature="getWidth() : int" num="59" count="258361" type="method"/>
            <line num="60" count="258361" type="stmt"/>
            <line complexity="2" visibility="public" signature="tryAddShip(Ship&lt;T&gt;) : String" num="69" count="116" type="method"/>
            <line num="70" count="116" type="stmt"/>
            <line num="71" count="116" type="stmt"/>
            <line falsecount="6" truecount="110" num="71" type="cond"/>
            <line num="72" count="110" type="stmt"/>
            <line num="73" count="110" type="stmt"/>
            <line num="75" count="6" type="stmt"/>
            <line complexity="1" visibility="public" signature="whatIsAtForSelf(Coordinate) : T" num="83" count="141334" type="method"/>
            <line num="84" count="141334" type="stmt"/>
            <line complexity="2" visibility="public" signature="whatIsAtForEnemy(Coordinate) : T" num="93" count="116997" type="method"/>
            <line num="94" count="116997" type="stmt"/>
            <line falsecount="103989" truecount="13008" num="94" type="cond"/>
            <line num="95" count="13008" type="stmt"/>
            <line num="97" count="103989" type="stmt"/>
            <line complexity="2" visibility="protected" signature="whatIsAt(Coordinate,boolean) : T" num="105" count="245323" type="method"/>
            <line num="106" count="245323" type="stmt"/>
            <line num="107" count="2098229" type="stmt"/>
            <line falsecount="2026430" truecount="71799" num="107" type="cond"/>
            <line num="108" count="71799" type="stmt"/>
            <line num="111" count="173524" type="stmt"/>
            <line complexity="3" visibility="public" signature="fireAt(Coordinate) : Ship&lt;T&gt;" num="120" count="509" type="method"/>
            <line num="122" count="509" type="stmt"/>
            <line falsecount="506" truecount="3" num="122" type="cond"/>
            <line num="123" count="3" type="stmt"/>
            <line num="125" count="506" type="stmt"/>
            <line num="126" count="4027" type="stmt"/>
            <line num="127" count="4027" type="stmt"/>
            <line num="128" count="14150" type="stmt"/>
            <line falsecount="13880" truecount="270" num="128" type="cond"/>
            <line num="129" count="270" type="stmt"/>
            <line num="130" count="270" type="stmt"/>
            <line num="134" count="236" type="stmt"/>
            <line num="135" count="236" type="stmt"/>
            <line complexity="2" visibility="public" signature="hasAllSunk() : boolean" num="143" count="504" type="method"/>
            <line num="144" count="504" type="stmt"/>
            <line num="145" count="2236" type="stmt"/>
            <line falsecount="1737" truecount="499" num="145" type="cond"/>
            <line num="146" count="499" type="stmt"/>
            <line num="149" count="5" type="stmt"/>
            <line complexity="5" visibility="public" signature="isValid(Coordinate) : boolean" num="155" count="716" type="method"/>
            <line num="156" count="716" type="stmt"/>
            <line falsecount="583" truecount="133" num="156" type="cond"/>
            <line num="157" count="133" type="stmt"/>
            <line num="159" count="583" type="stmt"/>
            <line complexity="3" visibility="public" signature="removeShip(Coordinate) : Ship&lt;T&gt;" num="169" count="6" type="method"/>
            <line num="170" count="6" type="stmt"/>
            <line falsecount="5" truecount="1" num="170" type="cond"/>
            <line num="171" count="1" type="stmt"/>
            <line num="173" count="5" type="stmt"/>
            <line num="174" count="5" type="stmt"/>
            <line falsecount="3" truecount="2" num="174" type="cond"/>
            <line num="175" count="2" type="stmt"/>
            <line num="177" count="3" type="stmt"/>
            <line num="178" count="3" type="stmt"/>
            <line complexity="2" visibility="public" signature="getShipAtCoordinate(Coordinate) : Ship&lt;T&gt;" num="187" count="48" type="method"/>
            <line num="188" count="48" type="stmt"/>
            <line num="189" count="135" type="stmt"/>
            <line falsecount="109" truecount="26" num="189" type="cond"/>
            <line num="190" count="26" type="stmt"/>
            <line num="193" count="22" type="stmt"/>
            <line complexity="7" visibility="public" signature="sonar(Coordinate) : HashMap&lt;String, Integer&gt;" num="201" count="5" type="method"/>
            <line num="202" count="5" type="stmt"/>
            <line falsecount="4" truecount="1" num="202" type="cond"/>
            <line num="203" count="1" type="stmt"/>
            <line num="205" count="4" type="stmt"/>
            <line num="206" count="4" type="stmt"/>
            <line falsecount="4" truecount="28" num="206" type="cond"/>
            <line num="207" count="28" type="stmt"/>
            <line falsecount="28" truecount="196" num="207" type="cond"/>
            <line num="208" count="196" type="stmt"/>
            <line num="209" count="196" type="stmt"/>
            <line num="210" count="196" type="stmt"/>
            <line falsecount="153" truecount="43" num="210" type="cond"/>
            <line num="211" count="43" type="stmt"/>
            <line num="212" count="43" type="stmt"/>
            <line falsecount="20" truecount="23" num="212" type="cond"/>
            <line num="213" count="23" type="stmt"/>
            <line num="214" count="23" type="stmt"/>
            <line num="219" count="4" type="stmt"/>
         </file>
         <file path="/home/cannavaro/Desktop/651/ece651-sp22-sz232-battleship/src/main/java/edu/duke/sz232/battleship/BasicShip.java" name="BasicShip.java">
            <metrics coveredelements="33" coveredconditionals="4" complexity="10" loc="110" coveredmethods="8" methods="8" elements="33" classes="1" ncloc="56" statements="21" conditionals="4" coveredstatements="21"/>
            <class name="BasicShip">
               <metrics coveredelements="33" coveredconditionals="4" complexity="10" coveredmethods="8" methods="8" elements="33" statements="21" conditionals="4" coveredstatements="21"/>
            </class>
            <line complexity="1" visibility="public" signature="BasicShip(Iterable&lt;Coordinate&gt;,ShipDisplayInfo&lt;T&gt;,ShipDisplayInfo&lt;T&gt;)" num="20" count="132" type="method"/>
            <line num="22" count="132" type="stmt"/>
            <line num="23" count="132" type="stmt"/>
            <line num="24" count="608" type="stmt"/>
            <line num="26" count="132" type="stmt"/>
            <line num="27" count="132" type="stmt"/>
            <line complexity="2" visibility="protected" signature="checkCoordinateInThisShip(Coordinate) : void" num="35" count="72096" type="method"/>
            <line num="36" count="72096" type="stmt"/>
            <line falsecount="72095" truecount="1" num="36" type="cond"/>
            <line num="37" count="1" type="stmt"/>
            <line complexity="1" visibility="public" signature="occupiesCoordinates(Coordinate) : boolean" num="46" count="2098364" type="method"/>
            <line num="48" count="2098364" type="stmt"/>
            <line complexity="1" visibility="public" signature="isSunk() : boolean" num="56" count="2240" type="method"/>
            <line num="58" count="2240" type="stmt"/>
            <line num="59" count="2240" type="stmt"/>
            <line num="60" count="6238" type="stmt"/>
            <line num="62" count="2240" type="stmt"/>
            <line complexity="1" visibility="public" signature="recordHitAt(Coordinate) : void" num="70" count="275" type="method"/>
            <line num="72" count="275" type="stmt"/>
            <line num="73" count="275" type="stmt"/>
            <line complexity="1" visibility="public" signature="wasHitAt(Coordinate) : boolean" num="81" count="1" type="method"/>
            <line num="83" count="1" type="stmt"/>
            <line num="84" count="1" type="stmt"/>
            <line complexity="2" visibility="public" signature="getDisplayInfoAt(Coordinate,boolean) : T" num="90" count="71818" type="method"/>
            <line num="92" count="71818" type="stmt"/>
            <line num="93" count="71818" type="stmt"/>
            <line falsecount="29621" truecount="42197" num="93" type="cond"/>
            <line num="94" count="42197" type="stmt"/>
            <line num="96" count="29621" type="stmt"/>
            <line complexity="1" visibility="public" signature="getCoordinates() : Iterable&lt;Coordinate&gt;" num="105" count="4263" type="method"/>
            <line num="107" count="4263" type="stmt"/>
         </file>
         <file path="/home/cannavaro/Desktop/651/ece651-sp22-sz232-battleship/src/main/java/edu/duke/sz232/battleship/IrregularShip.java" name="IrregularShip.java">
            <metrics coveredelements="94" coveredconditionals="44" complexity="26" loc="110" coveredmethods="4" methods="4" elements="94" classes="1" ncloc="83" statements="46" conditionals="44" coveredstatements="46"/>
            <class name="IrregularShip">
               <metrics coveredelements="94" coveredconditionals="44" complexity="26" coveredmethods="4" methods="4" elements="94" statements="46" conditionals="44" coveredstatements="46"/>
            </class>
            <line complexity="1" visibility="public" signature="getName() : String" num="8" count="178" type="method"/>
            <line num="10" count="178" type="stmt"/>
            <line complexity="1" visibility="public" signature="IrregularShip(String,Coordinate,char,ShipDisplayInfo&lt;T&gt;,ShipDisplayInfo&lt;T&gt;)" num="21" count="53" type="method"/>
            <line num="23" count="53" type="stmt"/>
            <line num="24" count="53" type="stmt"/>
            <line complexity="1" visibility="public" signature="IrregularShip(String,Coordinate,char,T,T)" num="27" count="53" type="method"/>
            <line num="28" count="53" type="stmt"/>
            <line complexity="23" visibility="package" signature="makeCoords(Coordinate,String,char) : HashSet&lt;Coordinate&gt;" num="37" count="53" type="method"/>
            <line num="38" count="53" type="stmt"/>
            <line num="39" count="53" type="stmt"/>
            <line num="40" count="53" type="stmt"/>
            <line num="42" count="53" type="stmt"/>
            <line falsecount="25" truecount="28" num="42" type="cond"/>
            <line num="43" count="28" type="stmt"/>
            <line falsecount="27" truecount="1" num="43" type="cond"/>
            <line num="44" count="1" type="stmt"/>
            <line num="45" count="1" type="stmt"/>
            <line falsecount="1" truecount="3" num="45" type="cond"/>
            <line num="46" count="3" type="stmt"/>
            <line num="49" count="28" type="stmt"/>
            <line falsecount="5" truecount="23" num="49" type="cond"/>
            <line num="50" count="23" type="stmt"/>
            <line num="51" count="23" type="stmt"/>
            <line falsecount="23" truecount="69" num="51" type="cond"/>
            <line num="52" count="69" type="stmt"/>
            <line num="55" count="28" type="stmt"/>
            <line falsecount="27" truecount="1" num="55" type="cond"/>
            <line num="56" count="1" type="stmt"/>
            <line num="57" count="1" type="stmt"/>
            <line falsecount="1" truecount="3" num="57" type="cond"/>
            <line num="58" count="3" type="stmt"/>
            <line num="61" count="28" type="stmt"/>
            <line falsecount="25" truecount="3" num="61" type="cond"/>
            <line num="62" count="3" type="stmt"/>
            <line num="63" count="3" type="stmt"/>
            <line falsecount="3" truecount="9" num="63" type="cond"/>
            <line num="64" count="9" type="stmt"/>
            <line num="69" count="53" type="stmt"/>
            <line falsecount="28" truecount="25" num="69" type="cond"/>
            <line num="70" count="25" type="stmt"/>
            <line falsecount="23" truecount="2" num="70" type="cond"/>
            <line num="71" count="2" type="stmt"/>
            <line falsecount="2" truecount="8" num="71" type="cond"/>
            <line num="72" count="8" type="stmt"/>
            <line num="74" count="2" type="stmt"/>
            <line falsecount="2" truecount="6" num="74" type="cond"/>
            <line num="75" count="6" type="stmt"/>
            <line num="79" count="25" type="stmt"/>
            <line falsecount="7" truecount="18" num="79" type="cond"/>
            <line num="80" count="18" type="stmt"/>
            <line falsecount="18" truecount="54" num="80" type="cond"/>
            <line num="81" count="54" type="stmt"/>
            <line num="83" count="18" type="stmt"/>
            <line falsecount="18" truecount="72" num="83" type="cond"/>
            <line num="84" count="72" type="stmt"/>
            <line num="88" count="25" type="stmt"/>
            <line falsecount="23" truecount="2" num="88" type="cond"/>
            <line num="89" count="2" type="stmt"/>
            <line falsecount="2" truecount="6" num="89" type="cond"/>
            <line num="90" count="6" type="stmt"/>
            <line num="92" count="2" type="stmt"/>
            <line falsecount="2" truecount="8" num="92" type="cond"/>
            <line num="93" count="8" type="stmt"/>
            <line num="97" count="25" type="stmt"/>
            <line falsecount="22" truecount="3" num="97" type="cond"/>
            <line num="98" count="3" type="stmt"/>
            <line falsecount="3" truecount="12" num="98" type="cond"/>
            <line num="99" count="12" type="stmt"/>
            <line num="101" count="3" type="stmt"/>
            <line falsecount="3" truecount="9" num="101" type="cond"/>
            <line num="102" count="9" type="stmt"/>
            <line num="107" count="53" type="stmt"/>
         </file>
         <file path="/home/cannavaro/Desktop/651/ece651-sp22-sz232-battleship/src/main/java/edu/duke/sz232/battleship/Placement.java" name="Placement.java">
            <metrics coveredelements="42" coveredconditionals="12" complexity="25" loc="79" coveredmethods="7" methods="7" elements="42" classes="1" ncloc="51" statements="23" conditionals="12" coveredstatements="23"/>
            <class name="Placement">
               <metrics coveredelements="42" coveredconditionals="12" complexity="25" coveredmethods="7" methods="7" elements="42" statements="23" conditionals="12" coveredstatements="23"/>
            </class>
            <line complexity="5" visibility="package" signature="Placement(Coordinate,char)" num="12" count="26" type="method"/>
            <line num="13" count="26" type="stmt"/>
            <line num="14" count="26" type="stmt"/>
            <line falsecount="14" truecount="12" num="14" type="cond"/>
            <line num="15" count="12" type="stmt"/>
            <line num="16" count="14" type="stmt"/>
            <line falsecount="2" truecount="12" num="16" type="cond"/>
            <line num="17" count="12" type="stmt"/>
            <line num="19" count="2" type="stmt"/>
            <line complexity="1" visibility="public" signature="getOrientation() : char" num="23" count="137" type="method"/>
            <line num="24" count="137" type="stmt"/>
            <line complexity="1" visibility="public" signature="getWhere() : Coordinate" num="27" count="139" type="method"/>
            <line num="28" count="139" type="stmt"/>
            <line complexity="1" visibility="public" signature="toString() : String" num="34" count="8" type="method"/>
            <line num="36" count="8" type="stmt"/>
            <line complexity="1" visibility="public" signature="hashCode() : int" num="42" count="8" type="method"/>
            <line num="44" count="8" type="stmt"/>
            <line complexity="2" visibility="public" signature="equals(Object) : boolean" num="50" count="8" type="method"/>
            <line num="52" count="8" type="stmt"/>
            <line falsecount="1" truecount="7" num="52" type="cond"/>
            <line num="53" count="7" type="stmt"/>
            <line num="54" count="7" type="stmt"/>
            <line num="56" count="1" type="stmt"/>
            <line complexity="14" visibility="package" signature="Placement(String)" num="64" count="126" type="method"/>
            <line num="65" count="126" type="stmt"/>
            <line falsecount="123" truecount="3" num="65" type="cond"/>
            <line num="66" count="3" type="stmt"/>
            <line num="68" count="123" type="stmt"/>
            <line num="69" count="121" type="stmt"/>
            <line num="70" count="121" type="stmt"/>
            <line falsecount="91" truecount="30" num="70" type="cond"/>
            <line num="71" count="30" type="stmt"/>
            <line num="72" count="91" type="stmt"/>
            <line falsecount="1" truecount="90" num="72" type="cond"/>
            <line num="73" count="90" type="stmt"/>
            <line num="75" count="1" type="stmt"/>
         </file>
         <file path="/home/cannavaro/Desktop/651/ece651-sp22-sz232-battleship/src/main/java/edu/duke/sz232/battleship/TextPlayer.java" name="TextPlayer.java">
            <metrics coveredelements="145" coveredconditionals="22" complexity="35" loc="298" coveredmethods="16" methods="16" elements="145" classes="1" ncloc="209" statements="107" conditionals="22" coveredstatements="107"/>
            <class name="TextPlayer">
               <metrics coveredelements="145" coveredconditionals="22" complexity="35" coveredmethods="16" methods="16" elements="145" statements="107" conditionals="22" coveredstatements="107"/>
            </class>
            <line complexity="1" visibility="public" signature="TextPlayer(String,Board&lt;Character&gt;,BufferedReader,PrintStream,AbstractShipFactory&lt;Character&gt;)" num="26" count="14" type="method"/>
            <line num="28" count="14" type="stmt"/>
            <line num="29" count="14" type="stmt"/>
            <line num="30" count="14" type="stmt"/>
            <line num="31" count="14" type="stmt"/>
            <line num="32" count="14" type="stmt"/>
            <line num="33" count="14" type="stmt"/>
            <line num="34" count="14" type="stmt"/>
            <line num="35" count="14" type="stmt"/>
            <line num="36" count="14" type="stmt"/>
            <line num="37" count="14" type="stmt"/>
            <line num="38" count="14" type="stmt"/>
            <line num="39" count="14" type="stmt"/>
            <line complexity="1" visibility="protected" signature="setupShipCreationMap() : void" num="42" count="14" type="method"/>
            <line num="43" count="14" type="stmt"/>
            <line num="44" count="14" type="stmt"/>
            <line num="45" count="14" type="stmt"/>
            <line num="46" count="14" type="stmt"/>
            <line complexity="1" visibility="protected" signature="setupShipCreationList() : void" num="50" count="14" type="method"/>
            <line num="51" count="14" type="stmt"/>
            <line num="52" count="14" type="stmt"/>
            <line num="53" count="14" type="stmt"/>
            <line num="54" count="14" type="stmt"/>
            <line complexity="2" visibility="public" signature="readPlacement(String) : Placement" num="65" count="38" type="method"/>
            <line num="66" count="38" type="stmt"/>
            <line num="67" count="38" type="stmt"/>
            <line num="68" count="38" type="stmt"/>
            <line falsecount="35" truecount="3" num="68" type="cond"/>
            <line num="69" count="3" type="stmt"/>
            <line num="71" count="35" type="stmt"/>
            <line complexity="2" visibility="public" signature="readCoordinate(String) : Coordinate" num="81" count="99" type="method"/>
            <line num="82" count="99" type="stmt"/>
            <line num="83" count="99" type="stmt"/>
            <line num="84" count="99" type="stmt"/>
            <line falsecount="96" truecount="3" num="84" type="cond"/>
            <line num="85" count="3" type="stmt"/>
            <line num="87" count="96" type="stmt"/>
            <line complexity="6" visibility="public" signature="readChoice(String) : char" num="90" count="105" type="method"/>
            <line num="91" count="105" type="stmt"/>
            <line num="92" count="105" type="stmt"/>
            <line num="93" count="105" type="stmt"/>
            <line falsecount="102" truecount="3" num="93" type="cond"/>
            <line num="94" count="3" type="stmt"/>
            <line num="96" count="102" type="stmt"/>
            <line falsecount="92" truecount="10" num="96" type="cond"/>
            <line num="97" count="10" type="stmt"/>
            <line num="99" count="92" type="stmt"/>
            <line complexity="3" visibility="public" signature="doOnePlacement(String,Function&lt;Placement, Ship&lt;Character&gt;&gt;) : void" num="109" count="24" type="method"/>
            <line num="110" count="24" type="stmt"/>
            <line num="111" count="32" type="stmt"/>
            <line num="112" count="32" type="stmt"/>
            <line num="113" count="29" type="stmt"/>
            <line num="114" count="29" type="stmt"/>
            <line num="115" count="29" type="stmt"/>
            <line falsecount="24" truecount="5" num="115" type="cond"/>
            <line num="116" count="5" type="stmt"/>
            <line num="118" count="24" type="stmt"/>
            <line num="119" count="24" type="stmt"/>
            <line num="122" count="3" type="stmt"/>
            <line complexity="1" visibility="public" signature="getBoardTextView() : BoardTextView" num="132" count="88" type="method"/>
            <line num="133" count="88" type="stmt"/>
            <line complexity="1" visibility="public" signature="doPlacementPhase() : void" num="141" count="2" type="method"/>
            <line num="142" count="2" type="stmt"/>
            <line num="143" count="2" type="stmt"/>
            <line num="156" count="2" type="stmt"/>
            <line num="157" count="20" type="stmt"/>
            <line num="158" count="20" type="stmt"/>
            <line complexity="2" visibility="public" signature="doAttackingPhase(BoardTextView,Board&lt;Character&gt;,Player) : boolean" num="163" count="88" type="method"/>
            <line num="165" count="88" type="stmt"/>
            <line num="166" count="88" type="stmt"/>
            <line falsecount="86" truecount="2" num="166" type="cond"/>
            <line num="167" count="2" type="stmt"/>
            <line num="168" count="2" type="stmt"/>
            <line num="170" count="86" type="stmt"/>
            <line complexity="1" visibility="public" signature="hasLost() : boolean" num="178" count="87" type="method"/>
            <line num="179" count="87" type="stmt"/>
            <line complexity="1" visibility="public" signature="playOneTurn(BoardTextView,Board&lt;Character&gt;) : void" num="189" count="88" type="method"/>
            <line num="190" count="88" type="stmt"/>
            <line num="191" count="88" type="stmt"/>
            <line num="192" count="88" type="stmt"/>
            <line num="193" count="88" type="stmt"/>
            <line complexity="4" visibility="public" signature="promptChoice(Board&lt;Character&gt;) : void" num="201" count="88" type="method"/>
            <line num="202" count="88" type="stmt"/>
            <line num="206" count="88" type="stmt"/>
            <line num="207" count="98" type="stmt"/>
            <line num="208" count="98" type="stmt"/>
            <line num="209" count="92" type="stmt"/>
            <line falsecount="87" truecount="5" num="209" type="cond"/>
            <line num="210" count="5" type="stmt"/>
            <line num="211" count="87" type="stmt"/>
            <line falsecount="83" truecount="4" num="211" type="cond"/>
            <line num="212" count="4" type="stmt"/>
            <line num="214" count="83" type="stmt"/>
            <line num="216" count="88" type="stmt"/>
            <line num="218" count="10" type="stmt"/>
            <line complexity="3" visibility="public" signature="promptAttack(Board&lt;Character&gt;) : String" num="230" count="84" type="method"/>
            <line num="231" count="84" type="stmt"/>
            <line num="232" count="84" type="stmt"/>
            <line num="233" count="87" type="stmt"/>
            <line num="234" count="87" type="stmt"/>
            <line num="235" count="85" type="stmt"/>
            <line num="236" count="84" type="stmt"/>
            <line falsecount="79" truecount="5" num="236" type="cond"/>
            <line num="237" count="5" type="stmt"/>
            <line num="239" count="79" type="stmt"/>
            <line num="241" count="3" type="stmt"/>
            <line complexity="3" visibility="public" signature="doOneMovement() : void" num="251" count="5" type="method"/>
            <line num="252" count="5" type="stmt"/>
            <line falsecount="3" truecount="2" num="252" type="cond"/>
            <line num="253" count="2" type="stmt"/>
            <line num="255" count="3" type="stmt"/>
            <line num="257" count="3" type="stmt"/>
            <line num="258" count="3" type="stmt"/>
            <line num="259" count="4" type="stmt"/>
            <line num="260" count="4" type="stmt"/>
            <line num="261" count="4" type="stmt"/>
            <line num="262" count="3" type="stmt"/>
            <line num="264" count="1" type="stmt"/>
            <line num="267" count="3" type="stmt"/>
            <line num="268" count="3" type="stmt"/>
            <line complexity="3" visibility="public" signature="doSonarScan(Board&lt;Character&gt;) : void" num="277" count="6" type="method"/>
            <line num="278" count="6" type="stmt"/>
            <line falsecount="4" truecount="2" num="278" type="cond"/>
            <line num="279" count="2" type="stmt"/>
            <line num="281" count="4" type="stmt"/>
            <line num="283" count="4" type="stmt"/>
            <line num="284" count="4" type="stmt"/>
            <line num="285" count="5" type="stmt"/>
            <line num="286" count="5" type="stmt"/>
            <line num="287" count="4" type="stmt"/>
            <line num="288" count="4" type="stmt"/>
            <line num="290" count="1" type="stmt"/>
            <line num="293" count="4" type="stmt"/>
            <line num="294" count="8" type="stmt"/>
         </file>
         <file path="/home/cannavaro/Desktop/651/ece651-sp22-sz232-battleship/src/main/java/edu/duke/sz232/battleship/V2ShipFactory.java" name="V2ShipFactory.java">
            <metrics coveredelements="20" coveredconditionals="2" complexity="7" loc="58" coveredmethods="6" methods="6" elements="20" classes="1" ncloc="32" statements="12" conditionals="2" coveredstatements="12"/>
            <class name="V2ShipFactory">
               <metrics coveredelements="20" coveredconditionals="2" complexity="7" coveredmethods="6" methods="6" elements="20" statements="12" conditionals="2" coveredstatements="12"/>
            </class>
            <line complexity="1" visibility="public" signature="makeSubmarine(Placement) : Ship&lt;Character&gt;" num="5" count="18" type="method"/>
            <line num="7" count="18" type="stmt"/>
            <line complexity="1" visibility="public" signature="makeBattleship(Placement) : Ship&lt;Character&gt;" num="10" count="24" type="method"/>
            <line num="12" count="24" type="stmt"/>
            <line complexity="1" visibility="public" signature="makeCarrier(Placement) : Ship&lt;Character&gt;" num="15" count="20" type="method"/>
            <line num="17" count="20" type="stmt"/>
            <line complexity="1" visibility="public" signature="makeDestroyer(Placement) : Ship&lt;Character&gt;" num="20" count="26" type="method"/>
            <line num="22" count="26" type="stmt"/>
            <line complexity="1" visibility="protected" signature="createIrregularShip(Placement,char,String) : Ship&lt;Character&gt;" num="32" count="53" type="method"/>
            <line num="33" count="53" type="stmt"/>
            <line num="34" count="53" type="stmt"/>
            <line complexity="2" visibility="protected" signature="createRectangleShip(Placement,int,int,char,String) : Ship&lt;Character&gt;" num="47" count="45" type="method"/>
            <line num="48" count="45" type="stmt"/>
            <line num="49" count="45" type="stmt"/>
            <line falsecount="42" truecount="3" num="49" type="cond"/>
            <line num="50" count="3" type="stmt"/>
            <line num="51" count="3" type="stmt"/>
            <line num="52" count="3" type="stmt"/>
            <line num="54" count="45" type="stmt"/>
         </file>
         <file path="/home/cannavaro/Desktop/651/ece651-sp22-sz232-battleship/src/main/java/edu/duke/sz232/battleship/RectangleShip.java" name="RectangleShip.java">
            <metrics coveredelements="19" coveredconditionals="4" complexity="7" loc="59" coveredmethods="5" methods="5" elements="19" classes="1" ncloc="30" statements="10" conditionals="4" coveredstatements="10"/>
            <class name="RectangleShip">
               <metrics coveredelements="19" coveredconditionals="4" complexity="7" coveredmethods="5" methods="5" elements="19" statements="10" conditionals="4" coveredstatements="10"/>
            </class>
            <line complexity="3" visibility="package" signature="makeCoords(Coordinate,int,int) : HashSet&lt;Coordinate&gt;" num="17" count="80" type="method"/>
            <line num="18" count="80" type="stmt"/>
            <line num="19" count="80" type="stmt"/>
            <line falsecount="80" truecount="117" num="19" type="cond"/>
            <line num="20" count="117" type="stmt"/>
            <line falsecount="117" truecount="326" num="20" type="cond"/>
            <line num="21" count="326" type="stmt"/>
            <line num="24" count="80" type="stmt"/>
            <line complexity="1" visibility="public" signature="RectangleShip(String,Coordinate,int,int,ShipDisplayInfo&lt;T&gt;,ShipDisplayInfo&lt;T&gt;)" num="36" count="79" type="method"/>
            <line num="38" count="79" type="stmt"/>
            <line num="39" count="79" type="stmt"/>
            <line complexity="1" visibility="public" signature="RectangleShip(String,Coordinate,int,int,T,T)" num="46" count="79" type="method"/>
            <line num="47" count="79" type="stmt"/>
            <line complexity="1" visibility="public" signature="RectangleShip(Coordinate,T,T)" num="51" count="9" type="method"/>
            <line num="52" count="9" type="stmt"/>
            <line complexity="1" visibility="public" signature="getName() : String" num="55" count="141" type="method"/>
            <line num="57" count="141" type="stmt"/>
         </file>
         <file path="/home/cannavaro/Desktop/651/ece651-sp22-sz232-battleship/src/main/java/edu/duke/sz232/battleship/BoardTextView.java" name="BoardTextView.java">
            <metrics coveredelements="74" coveredconditionals="18" complexity="17" loc="128" coveredmethods="7" methods="7" elements="74" classes="1" ncloc="77" statements="49" conditionals="18" coveredstatements="49"/>
            <class name="BoardTextView">
               <metrics coveredelements="74" coveredconditionals="18" complexity="17" coveredmethods="7" methods="7" elements="74" statements="49" conditionals="18" coveredstatements="49"/>
            </class>
            <line complexity="1" visibility="public" signature="BoardTextView(Board&lt;Character&gt;)" num="24" count="37" type="method"/>
            <line num="25" count="37" type="stmt"/>
            <line complexity="2" visibility="package" signature="makeHeader() : String" num="33" count="2239" type="method"/>
            <line num="34" count="2239" type="stmt"/>
            <line num="35" count="2239" type="stmt"/>
            <line num="36" count="2239" type="stmt"/>
            <line falsecount="2239" truecount="22090" num="36" type="cond"/>
            <line num="37" count="22090" type="stmt"/>
            <line num="38" count="22090" type="stmt"/>
            <line num="39" count="22090" type="stmt"/>
            <line num="41" count="2239" type="stmt"/>
            <line num="42" count="2239" type="stmt"/>
            <line complexity="5" visibility="public" signature="displayAnyBoard(Function&lt;Coordinate, Character&gt;) : String" num="50" count="1112" type="method"/>
            <line num="51" count="1112" type="stmt"/>
            <line num="52" count="1112" type="stmt"/>
            <line num="53" count="1112" type="stmt"/>
            <line falsecount="1112" truecount="22009" num="53" type="cond"/>
            <line num="54" count="22009" type="stmt"/>
            <line num="55" count="22009" type="stmt"/>
            <line num="56" count="22009" type="stmt"/>
            <line falsecount="7934" truecount="14075" num="56" type="cond"/>
            <line num="58" count="22009" type="stmt"/>
            <line falsecount="22009" truecount="197626" num="58" type="cond"/>
            <line num="59" count="197626" type="stmt"/>
            <line num="60" count="197626" type="stmt"/>
            <line falsecount="167895" truecount="29731" num="60" type="cond"/>
            <line num="61" count="29731" type="stmt"/>
            <line num="63" count="167895" type="stmt"/>
            <line num="66" count="22009" type="stmt"/>
            <line num="67" count="22009" type="stmt"/>
            <line num="68" count="22009" type="stmt"/>
            <line num="70" count="1112" type="stmt"/>
            <line num="71" count="1112" type="stmt"/>
            <line complexity="1" visibility="public" signature="displayMyOwnBoard() : String" num="74" count="609" type="method"/>
            <line num="75" count="609" type="stmt"/>
            <line complexity="1" visibility="public" signature="displayEnemyBoard() : String" num="78" count="503" type="method"/>
            <line num="79" count="503" type="stmt"/>
            <line complexity="5" visibility="public" signature="displayMyBoardWithEnemyNextToIt(BoardTextView,String,String) : String" num="89" count="502" type="method"/>
            <line num="90" count="502" type="stmt"/>
            <line num="91" count="502" type="stmt"/>
            <line num="92" count="502" type="stmt"/>
            <line num="93" count="502" type="stmt"/>
            <line num="94" count="502" type="stmt"/>
            <line num="95" count="502" type="stmt"/>
            <line num="96" count="502" type="stmt"/>
            <line falsecount="502" truecount="11044" num="96" type="cond"/>
            <line num="97" count="11044" type="stmt"/>
            <line num="98" count="11044" type="stmt"/>
            <line falsecount="11044" truecount="176704" num="98" type="cond"/>
            <line num="99" count="176704" type="stmt"/>
            <line num="101" count="11044" type="stmt"/>
            <line falsecount="10040" truecount="1004" num="101" type="cond"/>
            <line num="102" count="1004" type="stmt"/>
            <line num="104" count="11044" type="stmt"/>
            <line num="105" count="11044" type="stmt"/>
            <line num="107" count="502" type="stmt"/>
            <line complexity="2" visibility="public" signature="generateHeaders(String,String,int) : String" num="116" count="502" type="method"/>
            <line num="117" count="502" type="stmt"/>
            <line num="118" count="502" type="stmt"/>
            <line num="119" count="502" type="stmt"/>
            <line falsecount="502" truecount="12082" num="119" type="cond"/>
            <line num="120" count="12082" type="stmt"/>
            <line num="122" count="502" type="stmt"/>
            <line num="123" count="502" type="stmt"/>
            <line num="124" count="502" type="stmt"/>
         </file>
         <file path="/home/cannavaro/Desktop/651/ece651-sp22-sz232-battleship/src/main/java/edu/duke/sz232/battleship/Player.java" name="Player.java">
            <metrics coveredelements="0" coveredconditionals="0" complexity="0" loc="39" coveredmethods="0" methods="0" elements="0" classes="1" ncloc="7" statements="0" conditionals="0" coveredstatements="0"/>
            <class name="Player">
               <metrics coveredelements="0" coveredconditionals="0" complexity="0" coveredmethods="0" methods="0" elements="0" statements="0" conditionals="0" coveredstatements="0"/>
            </class>
         </file>
         <file path="/home/cannavaro/Desktop/651/ece651-sp22-sz232-battleship/src/main/java/edu/duke/sz232/battleship/ComputerPlayer.java" name="ComputerPlayer.java">
            <metrics coveredelements="89" coveredconditionals="8" complexity="16" loc="209" coveredmethods="12" methods="12" elements="89" classes="1" ncloc="141" statements="69" conditionals="8" coveredstatements="69"/>
            <class name="ComputerPlayer">
               <metrics coveredelements="89" coveredconditionals="8" complexity="16" coveredmethods="12" methods="12" elements="89" statements="69" conditionals="8" coveredstatements="69"/>
            </class>
            <line complexity="1" visibility="public" signature="ComputerPlayer(String,Board&lt;Character&gt;,BufferedReader,PrintStream,AbstractShipFactory&lt;Character&gt;)" num="41" count="6" type="method"/>
            <line num="43" count="6" type="stmt"/>
            <line num="44" count="6" type="stmt"/>
            <line num="45" count="6" type="stmt"/>
            <line num="46" count="6" type="stmt"/>
            <line num="47" count="6" type="stmt"/>
            <line num="48" count="6" type="stmt"/>
            <line num="49" count="6" type="stmt"/>
            <line num="50" count="6" type="stmt"/>
            <line num="51" count="6" type="stmt"/>
            <line num="52" count="6" type="stmt"/>
            <line num="53" count="6" type="stmt"/>
            <line num="54" count="6" type="stmt"/>
            <line num="55" count="6" type="stmt"/>
            <line num="56" count="6" type="stmt"/>
            <line complexity="1" visibility="public" signature="setPlacements() : List&lt;Placement&gt;" num="64" count="6" type="method"/>
            <line num="65" count="6" type="stmt"/>
            <line num="66" count="6" type="stmt"/>
            <line num="67" count="6" type="stmt"/>
            <line num="68" count="6" type="stmt"/>
            <line num="69" count="6" type="stmt"/>
            <line num="70" count="6" type="stmt"/>
            <line num="71" count="6" type="stmt"/>
            <line num="72" count="6" type="stmt"/>
            <line num="73" count="6" type="stmt"/>
            <line num="74" count="6" type="stmt"/>
            <line num="75" count="6" type="stmt"/>
            <line num="76" count="6" type="stmt"/>
            <line complexity="3" visibility="public" signature="setCoordinates() : List&lt;Coordinate&gt;" num="84" count="6" type="method"/>
            <line num="85" count="6" type="stmt"/>
            <line num="86" count="6" type="stmt"/>
            <line falsecount="6" truecount="120" num="86" type="cond"/>
            <line num="87" count="120" type="stmt"/>
            <line falsecount="120" truecount="1200" num="87" type="cond"/>
            <line num="88" count="1200" type="stmt"/>
            <line num="89" count="1200" type="stmt"/>
            <line num="92" count="6" type="stmt"/>
            <line complexity="1" visibility="protected" signature="setupShipCreationMap() : void" num="95" count="6" type="method"/>
            <line num="96" count="6" type="stmt"/>
            <line num="97" count="6" type="stmt"/>
            <line num="98" count="6" type="stmt"/>
            <line num="99" count="6" type="stmt"/>
            <line complexity="1" visibility="protected" signature="setupShipCreationList() : void" num="103" count="6" type="method"/>
            <line num="104" count="6" type="stmt"/>
            <line num="105" count="6" type="stmt"/>
            <line num="106" count="6" type="stmt"/>
            <line num="107" count="6" type="stmt"/>
            <line complexity="1" visibility="public" signature="doPlacementPhase() : void" num="115" count="6" type="method"/>
            <line num="117" count="6" type="stmt"/>
            <line num="118" count="6" type="stmt"/>
            <line num="131" count="6" type="stmt"/>
            <line num="132" count="60" type="stmt"/>
            <line num="133" count="60" type="stmt"/>
            <line complexity="1" visibility="public" signature="doOnePlacement(String,Function&lt;Placement, Ship&lt;Character&gt;&gt;) : void" num="144" count="60" type="method"/>
            <line num="145" count="60" type="stmt"/>
            <line num="146" count="60" type="stmt"/>
            <line num="147" count="60" type="stmt"/>
            <line num="148" count="60" type="stmt"/>
            <line num="149" count="60" type="stmt"/>
            <line num="150" count="60" type="stmt"/>
            <line num="151" count="60" type="stmt"/>
            <line complexity="2" visibility="public" signature="doAttackingPhase(BoardTextView,Board&lt;Character&gt;,Player) : boolean" num="158" count="413" type="method"/>
            <line num="161" count="413" type="stmt"/>
            <line num="162" count="413" type="stmt"/>
            <line num="163" count="413" type="stmt"/>
            <line falsecount="411" truecount="2" num="163" type="cond"/>
            <line num="164" count="2" type="stmt"/>
            <line num="165" count="2" type="stmt"/>
            <line num="167" count="411" type="stmt"/>
            <line complexity="1" visibility="public" signature="playOneTurn(BoardTextView,Board&lt;Character&gt;) : void" num="177" count="413" type="method"/>
            <line num="178" count="413" type="stmt"/>
            <line num="179" count="413" type="stmt"/>
            <line num="180" count="413" type="stmt"/>
            <line num="181" count="413" type="stmt"/>
            <line complexity="2" visibility="public" signature="promptAttack(Board&lt;Character&gt;) : String" num="190" count="413" type="method"/>
            <line num="191" count="413" type="stmt"/>
            <line num="192" count="413" type="stmt"/>
            <line num="193" count="413" type="stmt"/>
            <line falsecount="184" truecount="229" num="193" type="cond"/>
            <line num="194" count="229" type="stmt"/>
            <line num="196" count="184" type="stmt"/>
            <line complexity="1" visibility="public" signature="getBoardTextView() : BoardTextView" num="199" count="414" type="method"/>
            <line num="201" count="414" type="stmt"/>
            <line complexity="1" visibility="public" signature="hasLost() : boolean" num="204" count="414" type="method"/>
            <line num="206" count="414" type="stmt"/>
         </file>
         <file path="/home/cannavaro/Desktop/651/ece651-sp22-sz232-battleship/src/main/java/edu/duke/sz232/battleship/ShipDisplayInfo.java" name="ShipDisplayInfo.java">
            <metrics coveredelements="0" coveredconditionals="0" complexity="0" loc="10" coveredmethods="0" methods="0" elements="0" classes="1" ncloc="3" statements="0" conditionals="0" coveredstatements="0"/>
            <class name="ShipDisplayInfo">
               <metrics coveredelements="0" coveredconditionals="0" complexity="0" coveredmethods="0" methods="0" elements="0" statements="0" conditionals="0" coveredstatements="0"/>
            </class>
         </file>
         <file path="/home/cannavaro/Desktop/651/ece651-sp22-sz232-battleship/src/main/java/edu/duke/sz232/battleship/Ship.java" name="Ship.java">
            <metrics coveredelements="0" coveredconditionals="0" complexity="0" loc="70" coveredmethods="0" methods="0" elements="0" classes="1" ncloc="10" statements="0" conditionals="0" coveredstatements="0"/>
            <class name="Ship">
               <metrics coveredelements="0" coveredconditionals="0" complexity="0" coveredmethods="0" methods="0" elements="0" statements="0" conditionals="0" coveredstatements="0"/>
            </class>
         </file>
         <file path="/home/cannavaro/Desktop/651/ece651-sp22-sz232-battleship/src/main/java/edu/duke/sz232/battleship/V1ShipFactory.java" name="V1ShipFactory.java">
            <metrics coveredelements="17" coveredconditionals="2" complexity="6" loc="69" coveredmethods="5" methods="5" elements="17" classes="1" ncloc="28" statements="10" conditionals="2" coveredstatements="10"/>
            <class name="V1ShipFactory">
               <metrics coveredelements="17" coveredconditionals="2" complexity="6" coveredmethods="5" methods="5" elements="17" statements="10" conditionals="2" coveredstatements="10"/>
            </class>
            <line complexity="1" visibility="public" signature="makeSubmarine(Placement) : Ship&lt;Character&gt;" num="9" count="4" type="method"/>
            <line num="11" count="4" type="stmt"/>
            <line complexity="1" visibility="public" signature="makeBattleship(Placement) : Ship&lt;Character&gt;" num="19" count="8" type="method"/>
            <line num="21" count="8" type="stmt"/>
            <line complexity="1" visibility="public" signature="makeCarrier(Placement) : Ship&lt;Character&gt;" num="30" count="1" type="method"/>
            <line num="32" count="1" type="stmt"/>
            <line complexity="1" visibility="public" signature="makeDestroyer(Placement) : Ship&lt;Character&gt;" num="41" count="7" type="method"/>
            <line num="43" count="7" type="stmt"/>
            <line complexity="2" visibility="protected" signature="createRectangleShip(Placement,int,int,char,String) : Ship&lt;Character&gt;" num="57" count="20" type="method"/>
            <line num="58" count="20" type="stmt"/>
            <line num="60" count="20" type="stmt"/>
            <line falsecount="13" truecount="7" num="60" type="cond"/>
            <line num="61" count="7" type="stmt"/>
            <line num="62" count="7" type="stmt"/>
            <line num="63" count="7" type="stmt"/>
            <line num="65" count="20" type="stmt"/>
         </file>
         <file path="/home/cannavaro/Desktop/651/ece651-sp22-sz232-battleship/src/main/java/edu/duke/sz232/battleship/Coordinate.java" name="Coordinate.java">
            <metrics coveredelements="33" coveredconditionals="8" complexity="16" loc="69" coveredmethods="7" methods="7" elements="33" classes="1" ncloc="46" statements="18" conditionals="8" coveredstatements="18"/>
            <class name="Coordinate">
               <metrics coveredelements="33" coveredconditionals="8" complexity="16" coveredmethods="7" methods="7" elements="33" statements="18" conditionals="8" coveredstatements="18"/>
            </class>
            <line complexity="1" visibility="package" signature="Coordinate(int,int)" num="10" count="259987" type="method"/>
            <line num="11" count="259987" type="stmt"/>
            <line num="12" count="259987" type="stmt"/>
            <line complexity="1" visibility="public" signature="getRow() : int" num="15" count="2436" type="method"/>
            <line num="16" count="2436" type="stmt"/>
            <line complexity="1" visibility="public" signature="getColumn() : int" num="19" count="2350" type="method"/>
            <line num="20" count="2350" type="stmt"/>
            <line complexity="2" visibility="public" signature="equals(Object) : boolean" num="27" count="243197" type="method"/>
            <line num="29" count="243197" type="stmt"/>
            <line falsecount="1" truecount="243196" num="29" type="cond"/>
            <line num="30" count="243196" type="stmt"/>
            <line num="31" count="243196" type="stmt"/>
            <line num="33" count="1" type="stmt"/>
            <line complexity="1" visibility="public" signature="toString() : String" num="36" count="2345839" type="method"/>
            <line num="38" count="2345839" type="stmt"/>
            <line complexity="1" visibility="public" signature="hashCode() : int" num="41" count="2345827" type="method"/>
            <line num="43" count="2345827" type="stmt"/>
            <line complexity="9" visibility="public" signature="Coordinate(String)" num="51" count="255" type="method"/>
            <line num="52" count="255" type="stmt"/>
            <line falsecount="252" truecount="3" num="52" type="cond"/>
            <line num="53" count="3" type="stmt"/>
            <line num="55" count="252" type="stmt"/>
            <line falsecount="241" truecount="11" num="55" type="cond"/>
            <line num="57" count="11" type="stmt"/>
            <line num="59" count="241" type="stmt"/>
            <line falsecount="127" truecount="114" num="59" type="cond"/>
            <line num="60" count="114" type="stmt"/>
            <line num="62" count="127" type="stmt"/>
            <line num="65" count="241" type="stmt"/>
         </file>
         <file path="/home/cannavaro/Desktop/651/ece651-sp22-sz232-battleship/src/main/java/edu/duke/sz232/battleship/NoCollisionRuleChecker.java" name="NoCollisionRuleChecker.java">
            <metrics coveredelements="10" coveredconditionals="2" complexity="3" loc="28" coveredmethods="2" methods="2" elements="10" classes="1" ncloc="16" statements="6" conditionals="2" coveredstatements="6"/>
            <class name="NoCollisionRuleChecker">
               <metrics coveredelements="10" coveredconditionals="2" complexity="3" coveredmethods="2" methods="2" elements="10" statements="6" conditionals="2" coveredstatements="6"/>
            </class>
            <line complexity="1" visibility="public" signature="NoCollisionRuleChecker(PlacementRuleChecker&lt;T&gt;)" num="7" count="48" type="method"/>
            <line num="8" count="48" type="stmt"/>
            <line complexity="2" visibility="protected" signature="checkMyRule(Ship&lt;T&gt;,Board&lt;T&gt;) : String" num="17" count="117" type="method"/>
            <line num="19" count="117" type="stmt"/>
            <line num="20" count="117" type="stmt"/>
            <line num="21" count="427" type="stmt"/>
            <line falsecount="422" truecount="5" num="21" type="cond"/>
            <line num="22" count="5" type="stmt"/>
            <line num="25" count="112" type="stmt"/>
         </file>
         <file path="/home/cannavaro/Desktop/651/ece651-sp22-sz232-battleship/src/main/java/edu/duke/sz232/battleship/App.java" name="App.java">
            <metrics coveredelements="41" coveredconditionals="8" complexity="9" loc="85" coveredmethods="4" methods="4" elements="41" classes="1" ncloc="58" statements="29" conditionals="8" coveredstatements="29"/>
            <class name="App">
               <metrics coveredelements="41" coveredconditionals="8" complexity="9" coveredmethods="4" methods="4" elements="41" statements="29" conditionals="8" coveredstatements="29"/>
            </class>
            <line complexity="3" visibility="public" signature="main(String[]) : void" num="16" count="4" type="method"/>
            <line num="17" count="4" type="stmt"/>
            <line num="18" count="4" type="stmt"/>
            <line num="19" count="4" type="stmt"/>
            <line num="20" count="4" type="stmt"/>
            <line num="21" count="4" type="stmt"/>
            <line num="22" count="4" type="stmt"/>
            <line num="23" count="4" type="stmt"/>
            <line num="25" count="4" type="stmt"/>
            <line num="26" count="252" type="stmt"/>
            <line falsecount="249" truecount="3" num="26" type="cond"/>
            <line num="27" count="3" type="stmt"/>
            <line num="30" count="249" type="stmt"/>
            <line falsecount="248" truecount="1" num="30" type="cond"/>
            <line num="31" count="1" type="stmt"/>
            <line complexity="4" visibility="public" signature="initPlayer(String,Board&lt;Character&gt;,BufferedReader,PrintStream,AbstractShipFactory&lt;Character&gt;) : Player" num="48" count="8" type="method"/>
            <line num="51" count="8" type="stmt"/>
            <line num="52" count="11" type="stmt"/>
            <line num="53" count="11" type="stmt"/>
            <line num="57" count="11" type="stmt"/>
            <line num="58" count="11" type="stmt"/>
            <line num="59" count="11" type="stmt"/>
            <line falsecount="9" truecount="2" num="59" type="cond"/>
            <line num="60" count="2" type="stmt"/>
            <line num="61" count="2" type="stmt"/>
            <line num="62" count="9" type="stmt"/>
            <line falsecount="3" truecount="6" num="62" type="cond"/>
            <line num="63" count="6" type="stmt"/>
            <line num="64" count="6" type="stmt"/>
            <line num="66" count="3" type="stmt"/>
            <line num="69" count="3" type="stmt"/>
            <line complexity="1" visibility="public" signature="doPlacementPhase() : void" num="75" count="4" type="method"/>
            <line num="76" count="4" type="stmt"/>
            <line num="77" count="4" type="stmt"/>
            <line complexity="1" visibility="public" signature="App(Player,Player)" num="80" count="1" type="method"/>
            <line num="81" count="1" type="stmt"/>
            <line num="82" count="1" type="stmt"/>
         </file>
         <file path="/home/cannavaro/Desktop/651/ece651-sp22-sz232-battleship/src/main/java/edu/duke/sz232/battleship/PlacementRuleChecker.java" name="PlacementRuleChecker.java">
            <metrics coveredelements="13" coveredconditionals="4" complexity="4" loc="33" coveredmethods="2" methods="2" elements="13" classes="1" ncloc="17" statements="7" conditionals="4" coveredstatements="7"/>
            <class name="PlacementRuleChecker">
               <metrics coveredelements="13" coveredconditionals="4" complexity="4" coveredmethods="2" methods="2" elements="13" statements="7" conditionals="4" coveredstatements="7"/>
            </class>
            <line complexity="1" visibility="public" signature="PlacementRuleChecker(PlacementRuleChecker&lt;T&gt;)" num="15" count="96" type="method"/>
            <line num="16" count="96" type="stmt"/>
            <line complexity="3" visibility="public" signature="checkPlacement(Ship&lt;T&gt;,Board&lt;T&gt;) : String" num="19" count="236" type="method"/>
            <line num="21" count="236" type="stmt"/>
            <line num="22" count="236" type="stmt"/>
            <line falsecount="225" truecount="11" num="22" type="cond"/>
            <line num="23" count="11" type="stmt"/>
            <line num="26" count="225" type="stmt"/>
            <line falsecount="113" truecount="112" num="26" type="cond"/>
            <line num="27" count="112" type="stmt"/>
            <line num="30" count="113" type="stmt"/>
         </file>
         <file path="/home/cannavaro/Desktop/651/ece651-sp22-sz232-battleship/src/main/java/edu/duke/sz232/battleship/Board.java" name="Board.java">
            <metrics coveredelements="0" coveredconditionals="0" complexity="0" loc="68" coveredmethods="0" methods="0" elements="0" classes="1" ncloc="14" statements="0" conditionals="0" coveredstatements="0"/>
            <class name="Board">
               <metrics coveredelements="0" coveredconditionals="0" complexity="0" coveredmethods="0" methods="0" elements="0" statements="0" conditionals="0" coveredstatements="0"/>
            </class>
         </file>
         <file path="/home/cannavaro/Desktop/651/ece651-sp22-sz232-battleship/src/main/java/edu/duke/sz232/battleship/AbstractShipFactory.java" name="AbstractShipFactory.java">
            <metrics coveredelements="0" coveredconditionals="0" complexity="0" loc="41" coveredmethods="0" methods="0" elements="0" classes="1" ncloc="6" statements="0" conditionals="0" coveredstatements="0"/>
            <class name="AbstractShipFactory">
               <metrics coveredelements="0" coveredconditionals="0" complexity="0" coveredmethods="0" methods="0" elements="0" statements="0" conditionals="0" coveredstatements="0"/>
            </class>
         </file>
         <file path="/home/cannavaro/Desktop/651/ece651-sp22-sz232-battleship/src/main/java/edu/duke/sz232/battleship/InBoundsRuleChecker.java" name="InBoundsRuleChecker.java">
            <metrics coveredelements="16" coveredconditionals="4" complexity="4" loc="33" coveredmethods="2" methods="2" elements="16" classes="1" ncloc="21" statements="10" conditionals="4" coveredstatements="10"/>
            <class name="InBoundsRuleChecker">
               <metrics coveredelements="16" coveredconditionals="4" complexity="4" coveredmethods="2" methods="2" elements="16" statements="10" conditionals="4" coveredstatements="10"/>
            </class>
            <line complexity="1" visibility="public" signature="InBoundsRuleChecker(PlacementRuleChecker&lt;T&gt;)" num="7" count="48" type="method"/>
            <line num="8" count="48" type="stmt"/>
            <line complexity="3" visibility="protected" signature="checkMyRule(Ship&lt;T&gt;,Board&lt;T&gt;) : String" num="17" count="119" type="method"/>
            <line num="19" count="119" type="stmt"/>
            <line num="20" count="119" type="stmt"/>
            <line num="21" count="429" type="stmt"/>
            <line num="22" count="429" type="stmt"/>
            <line num="23" count="429" type="stmt"/>
            <line falsecount="425" truecount="4" num="23" type="cond"/>
            <line num="24" count="4" type="stmt"/>
            <line num="26" count="425" type="stmt"/>
            <line falsecount="423" truecount="2" num="26" type="cond"/>
            <line num="27" count="2" type="stmt"/>
            <line num="31" count="113" type="stmt"/>
         </file>
         <file path="/home/cannavaro/Desktop/651/ece651-sp22-sz232-battleship/src/test/java/edu/duke/sz232/battleship/BoardTextViewTest.java" name="BoardTextViewTest.java">
            <metrics coveredelements="69" coveredconditionals="0" complexity="9" loc="143" coveredmethods="9" methods="9" elements="69" classes="1" ncloc="116" statements="60" conditionals="0" coveredstatements="60"/>
            <class name="BoardTextViewTest">
               <metrics coveredelements="69" coveredconditionals="0" complexity="9" coveredmethods="9" methods="9" elements="69" statements="60" conditionals="0" coveredstatements="60"/>
            </class>
            <line complexity="1" visibility="public" signature="test_display_empty_2by2() : void" num="12" count="1" type="method"/>
            <line num="14" count="1" type="stmt"/>
            <line num="15" count="1" type="stmt"/>
            <line num="16" count="1" type="stmt"/>
            <line num="17" count="1" type="stmt"/>
            <line num="18" count="1" type="stmt"/>
            <line num="22" count="1" type="stmt"/>
            <line complexity="1" visibility="public" signature="test_display_empty_3by2() : void" num="25" count="1" type="method"/>
            <line num="27" count="1" type="stmt"/>
            <line num="28" count="1" type="stmt"/>
            <line num="30" count="1" type="stmt"/>
            <line complexity="1" visibility="public" signature="test_display_empty_3by5() : void" num="33" count="1" type="method"/>
            <line num="35" count="1" type="stmt"/>
            <line num="36" count="1" type="stmt"/>
            <line num="41" count="1" type="stmt"/>
            <line complexity="1" visibility="public" signature="test_dispaly_single_basic_ship_3by5() : void" num="44" count="1" type="method"/>
            <line num="46" count="1" type="stmt"/>
            <line num="48" count="1" type="stmt"/>
            <line num="49" count="1" type="stmt"/>
            <line num="50" count="1" type="stmt"/>
            <line num="56" count="1" type="stmt"/>
            <line complexity="1" visibility="public" signature="test_dispaly_multiple_basic_ship_3by5() : void" num="59" count="1" type="method"/>
            <line num="61" count="1" type="stmt"/>
            <line num="62" count="1" type="stmt"/>
            <line num="63" count="1" type="stmt"/>
            <line num="64" count="1" type="stmt"/>
            <line num="65" count="1" type="stmt"/>
            <line num="66" count="1" type="stmt"/>
            <line num="67" count="1" type="stmt"/>
            <line num="68" count="1" type="stmt"/>
            <line num="74" count="1" type="stmt"/>
            <line complexity="1" visibility="private" signature="emptyBoardHelper(int,int,String,String) : void" num="83" count="2" type="method"/>
            <line num="84" count="2" type="stmt"/>
            <line num="85" count="2" type="stmt"/>
            <line num="86" count="2" type="stmt"/>
            <line num="87" count="2" type="stmt"/>
            <line num="88" count="2" type="stmt"/>
            <line complexity="1" visibility="private" signature="notEmptyBoardHelper(int,int,String,LinkedList&lt;Ship&lt;Character&gt;&gt;) : void" num="91" count="2" type="method"/>
            <line num="92" count="2" type="stmt"/>
            <line num="93" count="2" type="stmt"/>
            <line num="94" count="4" type="stmt"/>
            <line num="96" count="2" type="stmt"/>
            <line num="97" count="2" type="stmt"/>
            <line num="98" count="2" type="stmt"/>
            <line num="99" count="2" type="stmt"/>
            <line complexity="1" visibility="public" signature="test_fire_enemy_display() : void" num="103" count="1" type="method"/>
            <line num="105" count="1" type="stmt"/>
            <line num="106" count="1" type="stmt"/>
            <line num="107" count="1" type="stmt"/>
            <line num="108" count="1" type="stmt"/>
            <line num="109" count="1" type="stmt"/>
            <line num="110" count="1" type="stmt"/>
            <line num="111" count="1" type="stmt"/>
            <line num="113" count="1" type="stmt"/>
            <line num="114" count="1" type="stmt"/>
            <line num="115" count="3" type="stmt"/>
            <line num="117" count="1" type="stmt"/>
            <line num="119" count="1" type="stmt"/>
            <line num="121" count="1" type="stmt"/>
            <line num="122" count="1" type="stmt"/>
            <line num="123" count="1" type="stmt"/>
            <line num="129" count="1" type="stmt"/>
            <line num="130" count="1" type="stmt"/>
            <line complexity="1" visibility="public" signature="test_display_my_board_with_enemy_board() : void" num="134" count="1" type="method"/>
            <line num="136" count="1" type="stmt"/>
            <line num="137" count="1" type="stmt"/>
            <line num="138" count="1" type="stmt"/>
            <line num="139" count="1" type="stmt"/>
            <line num="140" count="1" type="stmt"/>
         </file>
         <file path="/home/cannavaro/Desktop/651/ece651-sp22-sz232-battleship/src/test/java/edu/duke/sz232/battleship/V1ShipFactoryTest.java" name="V1ShipFactoryTest.java">
            <metrics coveredelements="27" coveredconditionals="0" complexity="6" loc="62" coveredmethods="6" methods="6" elements="27" classes="1" ncloc="48" statements="21" conditionals="0" coveredstatements="21"/>
            <class name="V1ShipFactoryTest">
               <metrics coveredelements="27" coveredconditionals="0" complexity="6" coveredmethods="6" methods="6" elements="27" statements="21" conditionals="0" coveredstatements="21"/>
            </class>
            <line complexity="1" visibility="package" signature="testMakeBattleship() : void" num="10" count="1" type="method"/>
            <line num="12" count="1" type="stmt"/>
            <line num="13" count="1" type="stmt"/>
            <line num="14" count="1" type="stmt"/>
            <line num="15" count="1" type="stmt"/>
            <line complexity="1" visibility="package" signature="testMakeCarrier() : void" num="19" count="1" type="method"/>
            <line num="21" count="1" type="stmt"/>
            <line num="22" count="1" type="stmt"/>
            <line num="23" count="1" type="stmt"/>
            <line num="24" count="1" type="stmt"/>
            <line complexity="1" visibility="package" signature="testMakeDestroyer() : void" num="29" count="1" type="method"/>
            <line num="31" count="1" type="stmt"/>
            <line num="32" count="1" type="stmt"/>
            <line num="33" count="1" type="stmt"/>
            <line num="34" count="1" type="stmt"/>
            <line complexity="1" visibility="package" signature="testMakeSubmarine() : void" num="38" count="1" type="method"/>
            <line num="40" count="1" type="stmt"/>
            <line num="41" count="1" type="stmt"/>
            <line num="42" count="1" type="stmt"/>
            <line num="43" count="1" type="stmt"/>
            <line complexity="1" visibility="private" signature="checkShip(Ship&lt;Character&gt;,String,char,Coordinate) : void" num="47" count="4" type="method"/>
            <line num="49" count="4" type="stmt"/>
            <line num="50" count="15" type="stmt"/>
            <line num="52" count="4" type="stmt"/>
            <line complexity="1" visibility="package" signature="test_out_of_boundary() : void" num="55" count="1" type="method"/>
            <line num="57" count="1" type="stmt"/>
            <line num="58" count="1" type="stmt"/>
         </file>
         <file path="/home/cannavaro/Desktop/651/ece651-sp22-sz232-battleship/src/test/java/edu/duke/sz232/battleship/RectangleShipTest.java" name="RectangleShipTest.java">
            <metrics coveredelements="34" coveredconditionals="0" complexity="5" loc="59" coveredmethods="5" methods="5" elements="34" classes="1" ncloc="52" statements="29" conditionals="0" coveredstatements="29"/>
            <class name="RectangleShipTest">
               <metrics coveredelements="34" coveredconditionals="0" complexity="5" coveredmethods="5" methods="5" elements="34" statements="29" conditionals="0" coveredstatements="29"/>
            </class>
            <line complexity="1" visibility="package" signature="testMakeCoords() : void" num="12" count="1" type="method"/>
            <line num="14" count="1" type="stmt"/>
            <line num="15" count="1" type="stmt"/>
            <line num="16" count="1" type="stmt"/>
            <line num="17" count="1" type="stmt"/>
            <line num="18" count="1" type="stmt"/>
            <line num="19" count="1" type="stmt"/>
            <line complexity="1" visibility="package" signature="testCheckCoordinateInThisShip() : void" num="22" count="1" type="method"/>
            <line num="24" count="1" type="stmt"/>
            <line num="25" count="1" type="stmt"/>
            <line num="26" count="1" type="stmt"/>
            <line num="27" count="1" type="stmt"/>
            <line num="28" count="1" type="stmt"/>
            <line complexity="1" visibility="package" signature="testIsSunk() : void" num="31" count="1" type="method"/>
            <line num="33" count="1" type="stmt"/>
            <line num="34" count="1" type="stmt"/>
            <line num="35" count="1" type="stmt"/>
            <line num="36" count="1" type="stmt"/>
            <line num="37" count="1" type="stmt"/>
            <line num="38" count="1" type="stmt"/>
            <line complexity="1" visibility="package" signature="testRecordHitAt() : void" num="40" count="1" type="method"/>
            <line num="42" count="1" type="stmt"/>
            <line num="43" count="1" type="stmt"/>
            <line num="44" count="1" type="stmt"/>
            <line num="45" count="1" type="stmt"/>
            <line num="46" count="1" type="stmt"/>
            <line num="47" count="1" type="stmt"/>
            <line num="48" count="1" type="stmt"/>
            <line num="49" count="1" type="stmt"/>
            <line complexity="1" visibility="package" signature="testIsHitAt() : void" num="51" count="1" type="method"/>
            <line num="53" count="1" type="stmt"/>
            <line num="54" count="1" type="stmt"/>
            <line num="55" count="1" type="stmt"/>
            <line num="56" count="1" type="stmt"/>
         </file>
         <file path="/home/cannavaro/Desktop/651/ece651-sp22-sz232-battleship/src/test/java/edu/duke/sz232/battleship/NoCollisionRuleCheckerTest.java" name="NoCollisionRuleCheckerTest.java">
            <metrics coveredelements="22" coveredconditionals="0" complexity="2" loc="38" coveredmethods="2" methods="2" elements="22" classes="1" ncloc="33" statements="20" conditionals="0" coveredstatements="20"/>
            <class name="NoCollisionRuleCheckerTest">
               <metrics coveredelements="22" coveredconditionals="0" complexity="2" coveredmethods="2" methods="2" elements="22" statements="20" conditionals="0" coveredstatements="20"/>
            </class>
            <line complexity="1" visibility="public" signature="testNoCollisionRuleChecker() : void" num="9" count="1" type="method"/>
            <line num="11" count="1" type="stmt"/>
            <line num="12" count="1" type="stmt"/>
            <line num="13" count="1" type="stmt"/>
            <line num="14" count="1" type="stmt"/>
            <line num="15" count="1" type="stmt"/>
            <line num="16" count="1" type="stmt"/>
            <line num="17" count="1" type="stmt"/>
            <line num="18" count="1" type="stmt"/>
            <line num="19" count="1" type="stmt"/>
            <line complexity="1" visibility="public" signature="testMultipleRuleChecker() : void" num="22" count="1" type="method"/>
            <line num="24" count="1" type="stmt"/>
            <line num="27" count="1" type="stmt"/>
            <line num="28" count="1" type="stmt"/>
            <line num="29" count="1" type="stmt"/>
            <line num="30" count="1" type="stmt"/>
            <line num="31" count="1" type="stmt"/>
            <line num="32" count="1" type="stmt"/>
            <line num="33" count="1" type="stmt"/>
            <line num="34" count="1" type="stmt"/>
            <line num="35" count="1" type="stmt"/>
            <line num="36" count="1" type="stmt"/>
         </file>
         <file path="/home/cannavaro/Desktop/651/ece651-sp22-sz232-battleship/src/test/java/edu/duke/sz232/battleship/SimpleShipDisplayInfoTest.java" name="SimpleShipDisplayInfoTest.java">
            <metrics coveredelements="4" coveredconditionals="0" complexity="1" loc="16" coveredmethods="1" methods="1" elements="4" classes="1" ncloc="11" statements="3" conditionals="0" coveredstatements="3"/>
            <class name="SimpleShipDisplayInfoTest">
               <metrics coveredelements="4" coveredconditionals="0" complexity="1" coveredmethods="1" methods="1" elements="4" statements="3" conditionals="0" coveredstatements="3"/>
            </class>
            <line complexity="1" visibility="package" signature="test_simple_ship_display_info() : void" num="9" count="1" type="method"/>
            <line num="12" count="1" type="stmt"/>
            <line num="13" count="1" type="stmt"/>
            <line num="14" count="1" type="stmt"/>
         </file>
         <file path="/home/cannavaro/Desktop/651/ece651-sp22-sz232-battleship/src/test/java/edu/duke/sz232/battleship/BattleShipBoardTest.java" name="BattleShipBoardTest.java">
            <metrics coveredelements="78" coveredconditionals="4" complexity="12" loc="121" coveredmethods="10" methods="10" elements="78" classes="1" ncloc="100" statements="64" conditionals="4" coveredstatements="64"/>
            <class name="BattleShipBoardTest">
               <metrics coveredelements="78" coveredconditionals="4" complexity="12" coveredmethods="10" methods="10" elements="78" statements="64" conditionals="4" coveredstatements="64"/>
            </class>
            <line complexity="1" visibility="public" signature="test_width_and_height() : void" num="9" count="1" type="method"/>
            <line num="11" count="1" type="stmt"/>
            <line num="12" count="1" type="stmt"/>
            <line num="13" count="1" type="stmt"/>
            <line complexity="1" visibility="public" signature="test_invalid_dimensions() : void" num="16" count="1" type="method"/>
            <line num="18" count="1" type="stmt"/>
            <line num="19" count="1" type="stmt"/>
            <line num="20" count="1" type="stmt"/>
            <line num="21" count="1" type="stmt"/>
            <line complexity="1" visibility="public" signature="test_add_ship() : void" num="24" count="1" type="method"/>
            <line num="26" count="1" type="stmt"/>
            <line num="27" count="1" type="stmt"/>
            <line num="28" count="1" type="stmt"/>
            <line num="29" count="1" type="stmt"/>
            <line num="30" count="1" type="stmt"/>
            <line num="31" count="1" type="stmt"/>
            <line num="32" count="1" type="stmt"/>
            <line num="33" count="1" type="stmt"/>
            <line num="34" count="1" type="stmt"/>
            <line complexity="1" visibility="public" signature="test_invalid_add_ship() : void" num="38" count="1" type="method"/>
            <line num="40" count="1" type="stmt"/>
            <line num="41" count="1" type="stmt"/>
            <line complexity="1" visibility="public" signature="test_fire_at() : void" num="46" count="1" type="method"/>
            <line num="48" count="1" type="stmt"/>
            <line num="49" count="1" type="stmt"/>
            <line num="50" count="1" type="stmt"/>
            <line num="51" count="1" type="stmt"/>
            <line num="52" count="1" type="stmt"/>
            <line num="53" count="1" type="stmt"/>
            <line num="54" count="1" type="stmt"/>
            <line num="55" count="1" type="stmt"/>
            <line num="56" count="1" type="stmt"/>
            <line num="57" count="1" type="stmt"/>
            <line num="58" count="1" type="stmt"/>
            <line num="59" count="1" type="stmt"/>
            <line num="60" count="1" type="stmt"/>
            <line complexity="1" visibility="public" signature="test_fire_miss() : void" num="63" count="1" type="method"/>
            <line num="65" count="1" type="stmt"/>
            <line num="66" count="1" type="stmt"/>
            <line num="67" count="1" type="stmt"/>
            <line num="68" count="1" type="stmt"/>
            <line num="69" count="1" type="stmt"/>
            <line complexity="1" visibility="public" signature="test_has_all_sunk() : void" num="73" count="1" type="method"/>
            <line num="75" count="1" type="stmt"/>
            <line num="76" count="1" type="stmt"/>
            <line num="77" count="1" type="stmt"/>
            <line num="78" count="1" type="stmt"/>
            <line num="79" count="1" type="stmt"/>
            <line num="80" count="1" type="stmt"/>
            <line num="81" count="1" type="stmt"/>
            <line num="82" count="1" type="stmt"/>
            <line complexity="1" visibility="public" signature="test_out_of_boundry() : void" num="85" count="1" type="method"/>
            <line num="87" count="1" type="stmt"/>
            <line num="88" count="1" type="stmt"/>
            <line num="89" count="1" type="stmt"/>
            <line num="90" count="1" type="stmt"/>
            <line num="91" count="1" type="stmt"/>
            <line num="92" count="1" type="stmt"/>
            <line num="93" count="1" type="stmt"/>
            <line num="94" count="1" type="stmt"/>
            <line complexity="3" visibility="private" signature="checkWhatIsAtBoard(BattleShipBoard&lt;T&gt;,T[][]) : void" num="97" count="3" type="method"/>
            <line num="98" count="3" type="stmt"/>
            <line falsecount="3" truecount="60" num="98" type="cond"/>
            <line num="99" count="60" type="stmt"/>
            <line falsecount="60" truecount="600" num="99" type="cond"/>
            <line num="100" count="600" type="stmt"/>
            <line complexity="1" visibility="public" signature="test_remove_ship() : void" num="106" count="1" type="method"/>
            <line num="108" count="1" type="stmt"/>
            <line num="109" count="1" type="stmt"/>
            <line num="110" count="1" type="stmt"/>
            <line num="111" count="1" type="stmt"/>
            <line num="112" count="1" type="stmt"/>
            <line num="113" count="1" type="stmt"/>
            <line num="114" count="1" type="stmt"/>
            <line num="116" count="1" type="stmt"/>
            <line num="117" count="1" type="stmt"/>
         </file>
[...]
            <class name="CoordinateTest">
               <metrics coveredelements="50" coveredconditionals="0" complexity="5" coveredmethods="5" methods="5" elements="50" statements="45" conditionals="0" coveredstatements="45"/>
            </class>
            <line complexity="1" visibility="public" signature="test_column_and_rows() : void" num="10" count="1" type="method"/>
            <line num="12" count="1" type="stmt"/>
            <line num="13" count="1" type="stmt"/>
            <line num="14" count="1" type="stmt"/>
            <line complexity="1" visibility="public" signature="test_equals() : void" num="17" count="1" type="method"/>
            <line num="19" count="1" type="stmt"/>
            <line num="20" count="1" type="stmt"/>
            <line num="21" count="1" type="stmt"/>
            <line num="22" count="1" type="stmt"/>
            <line num="23" count="1" type="stmt"/>
            <line num="24" count="1" type="stmt"/>
            <line num="25" count="1" type="stmt"/>
            <line num="26" count="1" type="stmt"/>
            <line num="27" count="1" type="stmt"/>
            <line num="28" count="1" type="stmt"/>
            <line num="29" count="1" type="stmt"/>
            <line num="30" count="1" type="stmt"/>
            <line num="31" count="1" type="stmt"/>
            <line num="32" count="1" type="stmt"/>
            <line complexity="1" visibility="public" signature="test_hashCode() : void" num="36" count="1" type="method"/>
            <line num="38" count="1" type="stmt"/>
            <line num="39" count="1" type="stmt"/>
            <line num="40" count="1" type="stmt"/>
            <line num="41" count="1" type="stmt"/>
            <line num="42" count="1" type="stmt"/>
            <line num="43" count="1" type="stmt"/>
            <line num="44" count="1" type="stmt"/>
            <line complexity="1" visibility="package" signature="test_string_constructor_valid_cases() : void" num="47" count="1" type="method"/>
            <line num="49" count="1" type="stmt"/>
            <line num="50" count="1" type="stmt"/>
            <line num="51" count="1" type="stmt"/>
            <line num="52" count="1" type="stmt"/>
            <line num="53" count="1" type="stmt"/>
            <line num="54" count="1" type="stmt"/>
            <line num="55" count="1" type="stmt"/>
            <line num="56" count="1" type="stmt"/>
            <line num="57" count="1" type="stmt"/>
            <line num="58" count="1" type="stmt"/>
            <line num="59" count="1" type="stmt"/>
            <line num="60" count="1" type="stmt"/>
            <line complexity="1" visibility="public" signature="test_string_constructor_error_cases() : void" num="63" count="1" type="method"/>
            <line num="65" count="1" type="stmt"/>
            <line num="66" count="1" type="stmt"/>
            <line num="67" count="1" type="stmt"/>
            <line num="68" count="1" type="stmt"/>
            <line num="69" count="1" type="stmt"/>
            <line num="70" count="1" type="stmt"/>
            <line num="71" count="1" type="stmt"/>
            <line num="72" count="1" type="stmt"/>
            <line num="73" count="1" type="stmt"/>
         </file>
         <file path="/home/cannavaro/Desktop/651/ece651-sp22-sz232-battleship/src/test/java/edu/duke/sz232/battleship/InBoundsRuleCheckerTest.java" name="InBoundsRuleCheckerTest.java">
            <metrics coveredelements="10" coveredconditionals="0" complexity="1" loc="22" coveredmethods="1" methods="1" elements="10" classes="1" ncloc="17" statements="9" conditionals="0" coveredstatements="9"/>
            <class name="InBoundsRuleCheckerTest">
               <metrics coveredelements="10" coveredconditionals="0" complexity="1" coveredmethods="1" methods="1" elements="10" statements="9" conditionals="0" coveredstatements="9"/>
            </class>
            <line complexity="1" visibility="public" signature="testInboundsRule() : void" num="8" count="1" type="method"/>
            <line num="10" count="1" type="stmt"/>
            <line num="11" count="1" type="stmt"/>
            <line num="12" count="1" type="stmt"/>
            <line num="13" count="1" type="stmt"/>
            <line num="14" count="1" type="stmt"/>
            <line num="15" count="1" type="stmt"/>
            <line num="16" count="1" type="stmt"/>
            <line num="17" count="1" type="stmt"/>
            <line num="18" count="1" type="stmt"/>
         </file>
         <file path="/home/cannavaro/Desktop/651/ece651-sp22-sz232-battleship/src/test/java/edu/duke/sz232/battleship/PlacementTest.java" name="PlacementTest.java">
            <metrics coveredelements="56" coveredconditionals="0" complexity="6" loc="83" coveredmethods="6" methods="6" elements="56" classes="1" ncloc="75" statements="50" conditionals="0" coveredstatements="50"/>
            <class name="PlacementTest">
               <metrics coveredelements="56" coveredconditionals="0" complexity="6" coveredmethods="6" methods="6" elements="56" statements="50" conditionals="0" coveredstatements="50"/>
            </class>
            <line complexity="1" visibility="package" signature="test_to_string() : void" num="10" count="1" type="method"/>
            <line num="12" count="1" type="stmt"/>
            <line num="13" count="1" type="stmt"/>
            <line num="14" count="1" type="stmt"/>
            <line num="15" count="1" type="stmt"/>
            <line num="16" count="1" type="stmt"/>
            <line num="17" count="1" type="stmt"/>
            <line num="18" count="1" type="stmt"/>
            <line num="19" count="1" type="stmt"/>
            <line num="20" count="1" type="stmt"/>
            <line num="21" count="1" type="stmt"/>
            <line num="22" count="1" type="stmt"/>
            <line num="23" count="1" type="stmt"/>
            <line complexity="1" visibility="package" signature="invalid_to_string() : void" num="26" count="1" type="method"/>
            <line num="28" count="1" type="stmt"/>
            <line complexity="1" visibility="package" signature="test_string_constructor_valid_cases() : void" num="31" count="1" type="method"/>
            <line num="33" count="1" type="stmt"/>
            <line num="34" count="1" type="stmt"/>
            <line num="35" count="1" type="stmt"/>
            <line num="36" count="1" type="stmt"/>
            <line num="37" count="1" type="stmt"/>
            <line num="38" count="1" type="stmt"/>
            <line num="39" count="1" type="stmt"/>
            <line num="40" count="1" type="stmt"/>
            <line num="41" count="1" type="stmt"/>
            <line complexity="1" visibility="package" signature="test_string_constructor_error_cases() : void" num="44" count="1" type="method"/>
            <line num="46" count="1" type="stmt"/>
            <line num="47" count="1" type="stmt"/>
            <line num="48" count="1" type="stmt"/>
            <line complexity="1" visibility="package" signature="test_hashCode() : void" num="51" count="1" type="method"/>
            <line num="53" count="1" type="stmt"/>
            <line num="54" count="1" type="stmt"/>
            <line num="55" count="1" type="stmt"/>
            <line num="56" count="1" type="stmt"/>
            <line num="57" count="1" type="stmt"/>
            <line num="58" count="1" type="stmt"/>
            <line num="59" count="1" type="stmt"/>
            <line num="60" count="1" type="stmt"/>
            <line num="61" count="1" type="stmt"/>
            <line num="62" count="1" type="stmt"/>
            <line num="63" count="1" type="stmt"/>
            <line num="64" count="1" type="stmt"/>
            <line complexity="1" visibility="package" signature="test_equals() : void" num="67" count="1" type="method"/>
            <line num="69" count="1" type="stmt"/>
            <line num="70" count="1" type="stmt"/>
            <line num="71" count="1" type="stmt"/>
            <line num="72" count="1" type="stmt"/>
            <line num="73" count="1" type="stmt"/>
            <line num="74" count="1" type="stmt"/>
            <line num="75" count="1" type="stmt"/>
            <line num="76" count="1" type="stmt"/>
            <line num="77" count="1" type="stmt"/>
            <line num="78" count="1" type="stmt"/>
            <line num="79" count="1" type="stmt"/>
            <line num="80" count="1" type="stmt"/>
            <line num="81" count="1" type="stmt"/>
         </file>
         <file path="/home/cannavaro/Desktop/651/ece651-sp22-sz232-battleship/src/test/java/edu/duke/sz232/battleship/IrregularShipTest.java" name="IrregularShipTest.java">
            <metrics coveredelements="64" coveredconditionals="0" complexity="9" loc="134" coveredmethods="9" methods="9" elements="64" classes="1" ncloc="120" statements="55" conditionals="0" coveredstatements="55"/>
            <class name="IrregularShipTest">
               <metrics coveredelements="64" coveredconditionals="0" complexity="9" coveredmethods="9" methods="9" elements="64" statements="55" conditionals="0" coveredstatements="55"/>
            </class>
            <line complexity="1" visibility="public" signature="place_battleship_test_right() : void" num="10" count="1" type="method"/>
            <line num="12" count="1" type="stmt"/>
            <line num="13" count="1" type="stmt"/>
            <line num="14" count="1" type="stmt"/>
            <line num="15" count="1" type="stmt"/>
            <line num="16" count="1" type="stmt"/>
            <line num="21" count="1" type="stmt"/>
            <line complexity="1" visibility="public" signature="place_battleship_test_left() : void" num="24" count="1" type="method"/>
            <line num="26" count="1" type="stmt"/>
            <line num="27" count="1" type="stmt"/>
            <line num="28" count="1" type="stmt"/>
            <line num="29" count="1" type="stmt"/>
            <line num="30" count="1" type="stmt"/>
            <line num="35" count="1" type="stmt"/>
            <line complexity="1" visibility="public" signature="place_battleship_test_up() : void" num="38" count="1" type="method"/>
            <line num="40" count="1" type="stmt"/>
            <line num="41" count="1" type="stmt"/>
            <line num="42" count="1" type="stmt"/>
            <line num="43" count="1" type="stmt"/>
            <line num="44" count="1" type="stmt"/>
            <line num="49" count="1" type="stmt"/>
            <line complexity="1" visibility="public" signature="place_battleship_test_down() : void" num="52" count="1" type="method"/>
            <line num="54" count="1" type="stmt"/>
            <line num="55" count="1" type="stmt"/>
            <line num="56" count="1" type="stmt"/>
            <line num="57" count="1" type="stmt"/>
            <line num="58" count="1" type="stmt"/>
            <line num="63" count="1" type="stmt"/>
            <line complexity="1" visibility="public" signature="place_carrier_test_down() : void" num="66" count="1" type="method"/>
            <line num="68" count="1" type="stmt"/>
            <line num="69" count="1" type="stmt"/>
            <line num="70" count="1" type="stmt"/>
            <line num="71" count="1" type="stmt"/>
            <line num="72" count="1" type="stmt"/>
            <line num="77" count="1" type="stmt"/>
            <line complexity="1" visibility="public" signature="place_carrier_test_up() : void" num="80" count="1" type="method"/>
            <line num="82" count="1" type="stmt"/>
            <line num="83" count="1" type="stmt"/>
            <line num="84" count="1" type="stmt"/>
            <line num="85" count="1" type="stmt"/>
            <line num="86" count="1" type="stmt"/>
            <line num="91" count="1" type="stmt"/>
            <line complexity="1" visibility="public" signature="place_carrier_test_right() : void" num="94" count="1" type="method"/>
            <line num="96" count="1" type="stmt"/>
            <line num="97" count="1" type="stmt"/>
            <line num="98" count="1" type="stmt"/>
            <line num="99" count="1" type="stmt"/>
            <line num="100" count="1" type="stmt"/>
            <line num="105" count="1" type="stmt"/>
            <line complexity="1" visibility="public" signature="place_carrier_test_left() : void" num="108" count="1" type="method"/>
            <line num="110" count="1" type="stmt"/>
            <line num="111" count="1" type="stmt"/>
            <line num="112" count="1" type="stmt"/>
            <line num="113" count="1" type="stmt"/>
            <line num="114" count="1" type="stmt"/>
            <line num="119" count="1" type="stmt"/>
            <line complexity="1" visibility="private" signature="notEmptyBoardHelper(int,int,String,LinkedList&lt;Ship&lt;Character&gt;&gt;) : void" num="124" count="8" type="method"/>
            <line num="125" count="8" type="stmt"/>
            <line num="126" count="8" type="stmt"/>
            <line num="127" count="8" type="stmt"/>
            <line num="129" count="8" type="stmt"/>
            <line num="130" count="8" type="stmt"/>
            <line num="131" count="8" type="stmt"/>
            <line num="132" count="8" type="stmt"/>
         </file>
         <file path="/home/cannavaro/Desktop/651/ece651-sp22-sz232-battleship/src/test/java/edu/duke/sz232/battleship/TextPlayerTest.java" name="TextPlayerTest.java">
            <metrics coveredelements="100" coveredconditionals="4" complexity="11" loc="154" coveredmethods="8" methods="8" elements="100" classes="1" ncloc="134" statements="88" conditionals="4" coveredstatements="88"/>
            <class name="TextPlayerTest">
               <metrics coveredelements="100" coveredconditionals="4" complexity="11" coveredmethods="8" methods="8" elements="100" statements="88" conditionals="4" coveredstatements="88"/>
            </class>
            <line complexity="2" visibility="package" signature="test_read_placement() : void" num="19" count="1" type="method"/>
            <line num="21" count="1" type="stmt"/>
            <line num="22" count="1" type="stmt"/>
            <line num="23" count="1" type="stmt"/>
            <line num="24" count="1" type="stmt"/>
            <line num="25" count="1" type="stmt"/>
            <line num="26" count="1" type="stmt"/>
            <line num="27" count="1" type="stmt"/>
            <line num="28" count="1" type="stmt"/>
            <line num="29" count="1" type="stmt"/>
            <line num="30" count="1" type="stmt"/>
            <line num="31" count="1" type="stmt"/>
            <line falsecount="1" truecount="3" num="31" type="cond"/>
            <line num="32" count="3" type="stmt"/>
            <line num="33" count="3" type="stmt"/>
            <line num="34" count="3" type="stmt"/>
            <line num="35" count="3" type="stmt"/>
            <line complexity="2" visibility="public" signature="move_ship_test() : void" num="39" count="1" type="method"/>
            <line num="41" count="1" type="stmt"/>
            <line num="42" count="1" type="stmt"/>
            <line num="43" count="1" type="stmt"/>
            <line num="44" count="1" type="stmt"/>
            <line num="46" count="1" type="stmt"/>
            <line num="47" count="1" type="stmt"/>
            <line num="48" count="1" type="stmt"/>
            <line num="53" count="1" type="stmt"/>
            <line num="54" count="1" type="stmt"/>
            <line num="55" count="2" type="stmt"/>
            <line num="57" count="1" type="stmt"/>
            <line num="58" count="1" type="stmt"/>
            <line num="59" count="1" type="stmt"/>
            <line num="60" count="1" type="stmt"/>
            <line num="62" count="1" type="stmt"/>
            <line num="63" count="1" type="stmt"/>
            <line num="64" count="1" type="stmt"/>
            <line num="65" count="1" type="stmt"/>
            <line num="66" count="1" type="stmt"/>
            <line num="67" count="1" type="stmt"/>
            <line complexity="1" visibility="package" signature="test_do_one_placement() : void" num="74" count="1" type="method"/>
            <line num="76" count="1" type="stmt"/>
            <line num="77" count="1" type="stmt"/>
            <line num="78" count="1" type="stmt"/>
            <line num="79" count="1" type="stmt"/>
            <line num="80" count="1" type="stmt"/>
            <line num="81" count="1" type="stmt"/>
            <line complexity="2" visibility="package" signature="test_read_EOF() : void" num="85" count="1" type="method"/>
            <line num="87" count="1" type="stmt"/>
            <line num="88" count="1" type="stmt"/>
            <line num="89" count="1" type="stmt"/>
            <line num="90" count="1" type="stmt"/>
            <line num="91" count="1" type="stmt"/>
            <line num="92" count="1" type="stmt"/>
            <line num="93" count="1" type="stmt"/>
            <line num="94" count="1" type="stmt"/>
            <line num="95" count="1" type="stmt"/>
            <line num="96" count="1" type="stmt"/>
            <line num="97" count="1" type="stmt"/>
            <line falsecount="1" truecount="3" num="97" type="cond"/>
            <line num="98" count="3" type="stmt"/>
            <line num="99" count="3" type="stmt"/>
            <line num="100" count="3" type="stmt"/>
            <line complexity="1" visibility="package" signature="test_read_choice() : void" num="104" count="1" type="method"/>
            <line num="106" count="1" type="stmt"/>
            <line num="107" count="1" type="stmt"/>
            <line num="108" count="1" type="stmt"/>
            <line num="109" count="1" type="stmt"/>
            <line num="111" count="1" type="stmt"/>
            <line num="112" count="1" type="stmt"/>
            <line num="113" count="1" type="stmt"/>
            <line num="114" count="1" type="stmt"/>
            <line num="115" count="1" type="stmt"/>
            <line num="116" count="1" type="stmt"/>
            <line num="117" count="1" type="stmt"/>
            <line num="119" count="1" type="stmt"/>
            <line num="120" count="1" type="stmt"/>
            <line num="121" count="1" type="stmt"/>
            <line num="122" count="1" type="stmt"/>
            <line num="123" count="1" type="stmt"/>
            <line complexity="1" visibility="public" signature="test_attack() : void" num="127" count="1" type="method"/>
            <line num="129" count="1" type="stmt"/>
            <line num="130" count="1" type="stmt"/>
            <line num="131" count="1" type="stmt"/>
            <line num="132" count="1" type="stmt"/>
            <line num="133" count="1" type="stmt"/>
            <line num="134" count="1" type="stmt"/>
            <line complexity="1" visibility="public" signature="test_sonar() : void" num="137" count="1" type="method"/>
            <line num="139" count="1" type="stmt"/>
            <line num="140" count="1" type="stmt"/>
            <line num="141" count="1" type="stmt"/>
            <line num="142" count="1" type="stmt"/>
            <line num="143" count="1" type="stmt"/>
            <line num="144" count="1" type="stmt"/>
            <line complexity="1" visibility="private" signature="createTextPlayer(int,int,String,ByteArrayOutputStream) : TextPlayer" num="147" count="1" type="method"/>
            <line num="148" count="1" type="stmt"/>
            <line num="149" count="1" type="stmt"/>
            <line num="150" count="1" type="stmt"/>
            <line num="151" count="1" type="stmt"/>
            <line num="152" count="1" type="stmt"/>
         </file>
      </package>
   </project>
   <testproject name="ece651-sp22-sz232-battleship" timestamp="1644111131318">
      <metrics coveredelements="0" complexity="0" loc="0" methods="0" classes="0" statements="0" packages="0" coveredconditionals="0" coveredmethods="0" elements="0" ncloc="0" files="0" conditionals="0" coveredstatements="0"/>
   </testproject>
</coverage>