<?xml version="1.0" encoding="UTF-8"?>
<testsuite name="edu.duke.sz232.battleship.AppTest" tests="2" skipped="0" failures="1" errors="0" timestamp="2022-02-05T05:43:14" hostname="ubuntu" time="0.573">
  <properties/>
  <testcase name="test_main()" classname="edu.duke.sz232.battleship.AppTest" time="0.27">
    <failure message="org.opentest4j.AssertionFailedError: expected: &lt;Player A is a:&#10;1. human player&#10;2. computer player&#10;Please enter 1 or 2 to select&#10;Generating textPlayer&#10;Player B is a:&#10;1. human player&#10;2. computer player&#10;Please enter 1 or 2 to select&#10;Generating ComputerPlayer&#10;  0|1|2|3|4|5|6|7|8|9&#10;A  | | | | | | | | |  A&#10;B  | | | | | | | | |  B&#10;C  | | | | | | | | |  C&#10;D  | | | | | | | | |  D&#10;E  | | | | | | | | |  E&#10;F  | | | | | | | | |  F&#10;G  | | | | | | | | |  G&#10;H  | | | | | | | | |  H&#10;I  | | | | | | | | |  I&#10;J  | | | | | | | | |  J&#10;K  | | | | | | | | |  K&#10;L  | | | | | | | | |  L&#10;M  | | | | | | | | |  M&#10;N  | | | | | | | | |  N&#10;O  | | | | | | | | |  O&#10;P  | | | | | | | | |  P&#10;Q  | | | | | | | | |  Q&#10;R  | | | | | | | | |  R&#10;S  | | | | | | | | |  S&#10;T  | | | | | | | | |  T&#10;  0|1|2|3|4|5|6|7|8|9&#10;--------------------------------------------------------------------------------&#10;Player A: you are going to place the following ships (which are all&#10;rectangular). For each ship, type the coordinate of the upper left&#10;side of the ship, followed by either H (for horizontal) or V (for&#10;vertical).  For example M4H would place a ship horizontally starting&#10;at M4 and going to the right.  You have&#10;&#10;2 &quot;Submarines&quot; ships that are 1x2 &#10;3 &quot;Destroyers&quot; that are 1x3&#10;3 &quot;Battleships&quot; that are 1x4&#10;2 &quot;Carriers&quot; that are 1x6&#10;--------------------------------------------------------------------------------&#10;Player A where do you want to place a Submarine?&#10;  0|1|2|3|4|5|6|7|8|9&#10;A s|s| | | | | | | |  A&#10;B  | | | | | | | | |  B&#10;C  | | | | | | | | |  C&#10;D  | | | | | | | | |  D&#10;E  | | | | | | | | |  E&#10;F  | | | | | | | | |  F&#10;G  | | | | | | | | |  G&#10;H  | | | | | | | | |  H&#10;I  | | | | | | | | |  I&#10;J  | | | | | | | | |  J&#10;K  | | | | | | | | |  K&#10;L  | | | | | | | | |  L&#10;M  | | | | | | | | |  M&#10;N  | | | | | | | | |  N&#10;O  | | | | | | | | |  O&#10;P  | | | | | | | | |  P&#10;Q  | | | | | | | | |  Q&#10;R  | | | | | | | | |  R&#10;S  | | | | | | | | |  S&#10;T  | | | | | | | | |  T&#10;  0|1|2|3|4|5|6|7|8|9&#10;Player A where do you want to place a Submarine?&#10;  0|1|2|3|4|5|6|7|8|9&#10;A s|s| | | | | | | |  A&#10;B s|s| | | | | | | |  B&#10;C  | | | | | | | | |  C&#10;D  | | | | | | | | |  D&#10;E  | | | | | | | | |  E&#10;F  | | | | | | | | |  F&#10;G  | | | | | | | | |  G&#10;H  | | | | | | | | |  H&#10;I  | | | | | | | | |  I&#10;J  | | | | | | | | |  J&#10;K  | | | | | | | | |  K&#10;L  | | | | | | | | |  L&#10;M  | | | | | | | | |  M&#10;N  | | | | | | | | |  N&#10;O  | | | | | | | | |  O&#10;P  | | | | | | | | |  P&#10;Q  | | | | | | | | |  Q&#10;R  | | | | | | | | |  R&#10;S  | | | | | | | | |  S&#10;T  | | | | | | | | |  T&#10;  0|1|2|3|4|5|6|7|8|9&#10;Player A where do you want to place a Destroyer?&#10;  0|1|2|3|4|5|6|7|8|9&#10;A s|s| | | | | | | |  A&#10;B s|s| | | | | | | |  B&#10;C d| | | | | | | | |  C&#10;D d| | | | | | | | |  D&#10;E d| | | | | | | | |  E&#10;F  | | | | | | | | |  F&#10;G  | | | | | | | | |  G&#10;H  | | | | | | | | |  H&#10;I  | | | | | | | | |  I&#10;J  | | | | | | | | |  J&#10;K  | | | | | | | | |  K&#10;L  | | | | | | | | |  L&#10;M  | | | | | | | | |  M&#10;N  | | | | | | | | |  N&#10;O  | | | | | | | | |  O&#10;P  | | | | | | | | |  P&#10;Q  | | | | | | | | |  Q&#10;R  | | | | | | | | |  R&#10;S  | | | | | | | | |  S&#10;T  | | | | | | | | |  T&#10;  0|1|2|3|4|5|6|7|8|9&#10;Player A where do you want to place a Destroyer?&#10;  0|1|2|3|4|5|6|7|8|9&#10;A s|s| | | | | | | |  A&#10;B s|s| | | | | | | |  B&#10;C d|d| | | | | | | |  C&#10;D d|d| | | | | | | |  D&#10;E d|d| | | | | | | |  E&#10;F  | | | | | | | | |  F&#10;G  | | | | | | | | |  G&#10;H  | | | | | | | | |  H&#10;I  | | | | | | | | |  I&#10;J  | | | | | | | | |  J&#10;K  | | | | | | | | |  K&#10;L  | | | | | | | | |  L&#10;M  | | | | | | | | |  M&#10;N  | | | | | | | | |  N&#10;O  | | | | | | | | |  O&#10;P  | | | | | | | | |  P&#10;Q  | | | | | | | | |  Q&#10;R  | | | | | | | | |  R&#10;S  | | | | | | | | |  S&#10;T  | | | | | | | | |  T&#10;  0|1|2|3|4|5|6|7|8|9&#10;Player A where do you want to place a Destroyer?&#10;  0|1|2|3|4|5|6|7|8|9&#10;A s|s|d| | | | | | |  A&#10;B s|s|d| | | | | | |  B&#10;C d|d|d| | | | | | |  C&#10;D d|d| | | | | | | |  D&#10;E d|d| | | | | | | |  E&#10;F  | | | | | | | | |  F&#10;G  | | | | | | | | |  G&#10;H  | | | | | | | | |  H&#10;I  | | | | | | | | |  I&#10;J  | | | | | | | | |  J&#10;K  | | | | | | | | |  K&#10;L  | | | | | | | | |  L&#10;M  | | | | | | | | |  M&#10;N  | | | | | | | | |  N&#10;O  | | | | | | | | |  O&#10;P  | | | | | | | | |  P&#10;Q  | | | | | | | | |  Q&#10;R  | | | | | | | | |  R&#10;S  | | | | | | | | |  S&#10;T  | | | | | | | | |  T&#10;  0|1|2|3|4|5|6|7|8|9&#10;Player A where do you want to place a Battleship?&#10;  0|1|2|3|4|5|6|7|8|9&#10;A s|s|d| | | | | | |  A&#10;B s|s|d|b| | | | | |  B&#10;C d|d|d|b|b| | | | |  C&#10;D d|d| |b| | | | | |  D&#10;E d|d| | | | | | | |  E&#10;F  | | | | | | | | |  F&#10;G  | | | | | | | | |  G&#10;H  | | | | | | | | |  H&#10;I  | | | | | | | | |  I&#10;J  | | | | | | | | |  J&#10;K  | | | | | | | | |  K&#10;L  | | | | | | | | |  L&#10;M  | | | | | | | | |  M&#10;N  | | | | | | | | |  N&#10;O  | | | | | | | | |  O&#10;P  | | | | | | | | |  P&#10;Q  | | | | | | | | |  Q&#10;R  | | | | | | | | |  R&#10;S  | | | | | | | | |  S&#10;T  | | | | | | | | |  T&#10;  0|1|2|3|4|5|6|7|8|9&#10;Player A where do you want to place a Battleship?&#10;  0|1|2|3|4|5|6|7|8|9&#10;A s|s|d| | | | | | |  A&#10;B s|s|d|b| | |b| | |  B&#10;C d|d|d|b|b|b|b| | |  C&#10;D d|d| |b| | |b| | |  D&#10;E d|d| | | | | | | |  E&#10;F  | | | | | | | | |  F&#10;G  | | | | | | | | |  G&#10;H  | | | | | | | | |  H&#10;I  | | | | | | | | |  I&#10;J  | | | | | | | | |  J&#10;K  | | | | | | | | |  K&#10;L  | | | | | | | | |  L&#10;M  | | | | | | | | |  M&#10;N  | | | | | | | | |  N&#10;O  | | | | | | | | |  O&#10;P  | | | | | | | | |  P&#10;Q  | | | | | | | | |  Q&#10;R  | | | | | | | | |  R&#10;S  | | | | | | | | |  S&#10;T  | | | | | | | | |  T&#10;  0|1|2|3|4|5|6|7|8|9&#10;Player A where do you want to place a Battleship?&#10;  0|1|2|3|4|5|6|7|8|9&#10;A s|s|d| | | | | | |  A&#10;B s|s|d|b| | |b| | |b B&#10;C d|d|d|b|b|b|b| |b|b C&#10;D d|d| |b| | |b| | |b D&#10;E d|d| | | | | | | |  E&#10;F  | | | | | | | | |  F&#10;G  | | | | | | | | |  G&#10;H  | | | | | | | | |  H&#10;I  | | | | | | | | |  I&#10;J  | | | | | | | | |  J&#10;K  | | | | | | | | |  K&#10;L  | | | | | | | | |  L&#10;M  | | | | | | | | |  M&#10;N  | | | | | | | | |  N&#10;O  | | | | | | | | |  O&#10;P  | | | | | | | | |  P&#10;Q  | | | | | | | | |  Q&#10;R  | | | | | | | | |  R&#10;S  | | | | | | | | |  S&#10;T  | | | | | | | | |  T&#10;  0|1|2|3|4|5|6|7|8|9&#10;Player A where do you want to place a Carrier?&#10;  0|1|2|3|4|5|6|7|8|9&#10;A s|s|d| | | | | | |  A&#10;B s|s|d|b| | |b| | |b B&#10;C d|d|d|b|b|b|b| |b|b C&#10;D d|d| |b| | |b| | |b D&#10;E d|d| | | | | | | |  E&#10;F  | | | | | | | | |  F&#10;G  | | | | | | | | |  G&#10;H  | | | | | | | | |  H&#10;I c| | | | | | | | |  I&#10;J c| | | | | | | | |  J&#10;K c|c| | | | | | | |  K&#10;L c|c| | | | | | | |  L&#10;M  |c| | | | | | | |  M&#10;N  | | | | | | | | |  N&#10;O  | | | | | | | | |  O&#10;P  | | | | | | | | |  P&#10;Q  | | | | | | | | |  Q&#10;R  | | | | | | | | |  R&#10;S  | | | | | | | | |  S&#10;T  | | | | | | | | |  T&#10;  0|1|2|3|4|5|6|7|8|9&#10;Player A where do you want to place a Carrier?&#10;  0|1|2|3|4|5|6|7|8|9&#10;A s|s|d| | | | | | |  A&#10;B s|s|d|b| | |b| | |b B&#10;C d|d|d|b|b|b|b| |b|b C&#10;D d|d| |b| | |b| | |b D&#10;E d|d| | | | | | | |  E&#10;F  | | | | | | | | |  F&#10;G  | | | | | | | | |  G&#10;H  | | | | | | | | |  H&#10;I c| | | | | | |c| |  I&#10;J c| | | | | | |c|c|  J&#10;K c|c| | | | | |c|c|  K&#10;L c|c| | | | | | |c|  L&#10;M  |c| | | | | | |c|  M&#10;N  | | | | | | | | |  N&#10;O  | | | | | | | | |  O&#10;P  | | | | | | | | |  P&#10;Q  | | | | | | | | |  Q&#10;R  | | | | | | | | |  R&#10;S  | | | | | | | | |  S&#10;T  | | | | | | | | |  T&#10;  0|1|2|3|4|5|6|7|8|9&#10;  0|1|2|3|4|5|6|7|8|9&#10;A  | | | | | | | | |  A&#10;B  | | | | | | | | |  B&#10;C  | | | | | | | | |  C&#10;D  | | | | | | | | |  D&#10;E  | | | | | | | | |  E&#10;F  | | | | | | | | |  F&#10;G  | | | | | | | | |  G&#10;H  | | | | | | | | |  H&#10;I  | | | | | | | | |  I&#10;J  | | | | | | | | |  J&#10;K  | | | | | | | | |  K&#10;L  | | | | | | | | |  L&#10;M  | | | | | | | | |  M&#10;N  | | | | | | | | |  N&#10;O  | | | | | | | | |  O&#10;P  | | | | | | | | |  P&#10;Q  | | | | | | | | |  Q&#10;R  | | | | | | | | |  R&#10;S  | | | | | | | | |  S&#10;T  | | | | | | | | |  T&#10;  0|1|2|3|4|5|6|7|8|9&#10;--------------------------------------------------------------------------------&#10;Computer player B: you are going to place the following ships (which are all&#10;rectangular). For each ship, type the coordinate of the upper left&#10;side of the ship, followed by either H (for horizontal) or V (for&#10;vertical).  For example M4H would place a ship horizontally starting&#10;at M4 and going to the right.  You have&#10;&#10;2 &quot;Submarines&quot; ships that are 1x2 &#10;3 &quot;Destroyers&quot; that are 1x3&#10;3 &quot;Battleships&quot; that are 1x4&#10;2 &quot;Carriers&quot; that are 1x6&#10;--------------------------------------------------------------------------------&#10;Player B where do you want to place a Submarine?&#10;  0|1|2|3|4|5|6|7|8|9&#10;A s| | | | | | | | |  A&#10;B s| | | | | | | | |  B&#10;C  | | | | | | | | |  C&#10;D  | | | | | | | | |  D&#10;E  | | | | | | | | |  E&#10;F  | | | | | | | | |  F&#10;G  | | | | | | | | |  G&#10;H  | | | | | | | | |  H&#10;I  | | | | | | | | |  I&#10;J  | | | | | | | | |  J&#10;K  | | | | | | | | |  K&#10;L  | | | | | | | | |  L&#10;M  | | | | | | | | |  M&#10;N  | | | | | | | | |  N&#10;O  | | | | | | | | |  O&#10;P  | | | | | | | | |  P&#10;Q  | | | | | | | | |  Q&#10;R  | | | | | | | | |  R&#10;S  | | | | | | | | |  S&#10;T  | | | | | | | | |  T&#10;  0|1|2|3|4|5|6|7|8|9&#10;Player B where do you want to place a Submarine?&#10;  0|1|2|3|4|5|6|7|8|9&#10;A s|s| | | | | | | |  A&#10;B s|s| | | | | | | |  B&#10;C  | | | | | | | | |  C&#10;D  | | | | | | | | |  D&#10;E  | | | | | | | | |  E&#10;F  | | | | | | | | |  F&#10;G  | | | | | | | | |  G&#10;H  | | | | | | | | |  H&#10;I  | | | | | | | | |  I&#10;J  | | | | | | | | |  J&#10;K  | | | | | | | | |  K&#10;L  | | | | | | | | |  L&#10;M  | | | | | | | | |  M&#10;N  | | | | | | | | |  N&#10;O  | | | | | | | | |  O&#10;P  | | | | | | | | |  P&#10;Q  | | | | | | | | |  Q&#10;R  | | | | | | | | |  R&#10;S  | | | | | | | | |  S&#10;T  | | | | | | | | |  T&#10;  0|1|2|3|4|5|6|7|8|9&#10;Player B where do you want to place a Destroyer?&#10;  0|1|2|3|4|5|6|7|8|9&#10;A s|s|d| | | | | | |  A&#10;B s|s|d| | | | | | |  B&#10;C  | |d| | | | | | |  C&#10;D  | | | | | | | | |  D&#10;E  | | | | | | | | |  E&#10;F  | | | | | | | | |  F&#10;G  | | | | | | | | |  G&#10;H  | | | | | | | | |  H&#10;I  | | | | | | | | |  I&#10;J  | | | | | | | | |  J&#10;K  | | | | | | | | |  K&#10;L  | | | | | | | | |  L&#10;M  | | | | | | | | |  M&#10;N  | | | | | | | | |  N&#10;O  | | | | | | | | |  O&#10;P  | | | | | | | | |  P&#10;Q  | | | | | | | | |  Q&#10;R  | | | | | | | | |  R&#10;S  | | | | | | | | |  S&#10;T  | | | | | | | | |  T&#10;  0|1|2|3|4|5|6|7|8|9&#10;Player B where do you want to place a Destroyer?&#10;  0|1|2|3|4|5|6|7|8|9&#10;A s|s|d|d| | | | | |  A&#10;B s|s|d|d| | | | | |  B&#10;C  | |d|d| | | | | |  C&#10;D  | | | | | | | | |  D&#10;E  | | | | | | | | |  E&#10;F  | | | | | | | | |  F&#10;G  | | | | | | | | |  G&#10;H  | | | | | | | | |  H&#10;I  | | | | | | | | |  I&#10;J  | | | | | | | | |  J&#10;K  | | | | | | | | |  K&#10;L  | | | | | | | | |  L&#10;M  | | | | | | | | |  M&#10;N  | | | | | | | | |  N&#10;O  | | | | | | | | |  O&#10;P  | | | | | | | | |  P&#10;Q  | | | | | | | | |  Q&#10;R  | | | | | | | | |  R&#10;S  | | | | | | | | |  S&#10;T  | | | | | | | | |  T&#10;  0|1|2|3|4|5|6|7|8|9&#10;Player B where do you want to place a Destroyer?&#10;  0|1|2|3|4|5|6|7|8|9&#10;A s|s|d|d|d| | | | |  A&#10;B s|s|d|d|d| | | | |  B&#10;C  | |d|d|d| | | | |  C&#10;D  | | | | | | | | |  D&#10;E  | | | | | | | | |  E&#10;F  | | | | | | | | |  F&#10;G  | | | | | | | | |  G&#10;H  | | | | | | | | |  H&#10;I  | | | | | | | | |  I&#10;J  | | | | | | | | |  J&#10;K  | | | | | | | | |  K&#10;L  | | | | | | | | |  L&#10;M  | | | | | | | | |  M&#10;N  | | | | | | | | |  N&#10;O  | | | | | | | | |  O&#10;P  | | | | | | | | |  P&#10;Q  | | | | | | | | |  Q&#10;R  | | | | | | | | |  R&#10;S  | | | | | | | | |  S&#10;T  | | | | | | | | |  T&#10;  0|1|2|3|4|5|6|7|8|9&#10;Player B where do you want to place a Battleship?&#10;  0|1|2|3|4|5|6|7|8|9&#10;A s|s|d|d|d|b| | | |  A&#10;B s|s|d|d|d|b|b| | |  B&#10;C  | |d|d|d|b| | | |  C&#10;D  | | | | | | | | |  D&#10;E  | | | | | | | | |  E&#10;F  | | | | | | | | |  F&#10;G  | | | | | | | | |  G&#10;H  | | | | | | | | |  H&#10;I  | | | | | | | | |  I&#10;J  | | | | | | | | |  J&#10;K  | | | | | | | | |  K&#10;L  | | | | | | | | |  L&#10;M  | | | | | | | | |  M&#10;N  | | | | | | | | |  N&#10;O  | | | | | | | | |  O&#10;P  | | | | | | | | |  P&#10;Q  | | | | | | | | |  Q&#10;R  | | | | | | | | |  R&#10;S  | | | | | | | | |  S&#10;T  | | | | | | | | |  T&#10;  0|1|2|3|4|5|6|7|8|9&#10;Player B where do you want to place a Battleship?&#10;  0|1|2|3|4|5|6|7|8|9&#10;A s|s|d|d|d|b| |b| |  A&#10;B s|s|d|d|d|b|b|b|b|  B&#10;C  | |d|d|d|b| |b| |  C&#10;D  | | | | | | | | |  D&#10;E  | | | | | | | | |  E&#10;F  | | | | | | | | |  F&#10;G  | | | | | | | | |  G&#10;H  | | | | | | | | |  H&#10;I  | | | | | | | | |  I&#10;J  | | | | | | | | |  J&#10;K  | | | | | | | | |  K&#10;L  | | | | | | | | |  L&#10;M  | | | | | | | | |  M&#10;N  | | | | | | | | |  N&#10;O  | | | | | | | | |  O&#10;P  | | | | | | | | |  P&#10;Q  | | | | | | | | |  Q&#10;R  | | | | | | | | |  R&#10;S  | | | | | | | | |  S&#10;T  | | | | | | | | |  T&#10;  0|1|2|3|4|5|6|7|8|9&#10;Player B where do you want to place a Battleship?&#10;  0|1|2|3|4|5|6|7|8|9&#10;A s|s|d|d|d|b| |b| |  A&#10;B s|s|d|d|d|b|b|b|b|  B&#10;C  | |d|d|d|b| |b| |  C&#10;D b| | | | | | | | |  D&#10;E b|b| | | | | | | |  E&#10;F b| | | | | | | | |  F&#10;G  | | | | | | | | |  G&#10;H  | | | | | | | | |  H&#10;I  | | | | | | | | |  I&#10;J  | | | | | | | | |  J&#10;K  | | | | | | | | |  K&#10;L  | | | | | | | | |  L&#10;M  | | | | | | | | |  M&#10;N  | | | | | | | | |  N&#10;O  | | | | | | | | |  O&#10;P  | | | | | | | | |  P&#10;Q  | | | | | | | | |  Q&#10;R  | | | | | | | | |  R&#10;S  | | | | | | | | |  S&#10;T  | | | | | | | | |  T&#10;  0|1|2|3|4|5|6|7|8|9&#10;Player B where do you want to place a Carrier?&#10;  0|1|2|3|4|5|6|7|8|9&#10;A s|s|d|d|d|b| |b| |  A&#10;B s|s|d|d|d|b|b|b|b|  B&#10;C  | |d|d|d|b| |b| |  C&#10;D b| | | | | | | | |  D&#10;E b|b| | | | | | | |  E&#10;F b|c|c|c|c| | | | |  F&#10;G c|c|c| | | | | | |  G&#10;H  | | | | | | | | |  H&#10;I  | | | | | | | | |  I&#10;J  | | | | | | | | |  J&#10;K  | | | | | | | | |  K&#10;L  | | | | | | | | |  L&#10;M  | | | | | | | | |  M&#10;N  | | | | | | | | |  N&#10;O  | | | | | | | | |  O&#10;P  | | | | | | | | |  P&#10;Q  | | | | | | | | |  Q&#10;R  | | | | | | | | |  R&#10;S  | | | | | | | | |  S&#10;T  | | | | | | | | |  T&#10;  0|1|2|3|4|5|6|7|8|9&#10;Player B where do you want to place a Carrier?&#10;  0|1|2|3|4|5|6|7|8|9&#10;A s|s|d|d|d|b| |b| |  A&#10;B s|s|d|d|d|b|b|b|b|  B&#10;C  | |d|d|d|b| |b| |  C&#10;D b| | | | | | | | |  D&#10;E b|b| | | | | | | |  E&#10;F b|c|c|c|c| | | | |  F&#10;G c|c|c| | | | | | |  G&#10;H  |c|c|c|c| | | | |  H&#10;I c|c|c| | | | | | |  I&#10;J  | | | | | | | | |  J&#10;K  | | | | | | | | |  K&#10;L  | | | | | | | | |  L&#10;M  | | | | | | | | |  M&#10;N  | | | | | | | | |  N&#10;O  | | | | | | | | |  O&#10;P  | | | | | | | | |  P&#10;Q  | | | | | | | | |  Q&#10;R  | | | | | | | | |  R&#10;S  | | | | | | | | |  S&#10;T  | | | | | | | | |  T&#10;  0|1|2|3|4|5|6|7|8|9&#10;Your ocean                             Enemy's ocean&#10;  0|1|2|3|4|5|6|7|8|9                    0|1|2|3|4|5|6|7|8|9&#10;A s|s|d| | | | | | |  A                A  | | | | | | | | |  A&#10;B s|s|d|b| | |b| | |b B                B  | | | | | | | | |  B&#10;C d|d|d|b|b|b|b| |b|b C                C  | | | | | | | | |  C&#10;D d|d| |b| | |b| | |b D                D  | | | | | | | | |  D&#10;E d|d| | | | | | | |  E                E  | | | | | | | | |  E&#10;F  | | | | | | | | |  F                F  | | | | | | | | |  F&#10;G  | | | | | | | | |  G                G  | | | | | | | | |  G&#10;H  | | | | | | | | |  H                H  | | | | | | | | |  H&#10;I c| | | | | | |c| |  I                I  | | | | | | | | |  I&#10;J c| | | | | | |c|c|  J                J  | | | | | | | | |  J&#10;K c|c| | | | | |c|c|  K                K  | | | | | | | | |  K&#10;L c|c| | | | | | |c|  L                L  | | | | | | | | |  L&#10;M  |c| | | | | | |c|  M                M  | | | | | | | | |  M&#10;N  | | | | | | | | |  N                N  | | | | | | | | |  N&#10;O  | | | | | | | | |  O                O  | | | | | | | | |  O&#10;P  | | | | | | | | |  P                P  | | | | | | | | |  P&#10;Q  | | | | | | | | |  Q                Q  | | | | | | | | |  Q&#10;R  | | | | | | | | |  R                R  | | | | | | | | |  R&#10;S  | | | | | | | | |  S                S  | | | | | | | | |  S&#10;T  | | | | | | | | |  T                T  | | | | | | | | |  T&#10;  0|1|2|3|4|5|6|7|8|9                    0|1|2|3|4|5|6|7|8|9&#10;Possible actions for Player A:&#10;F Fire at a square&#10;M Move a ship to another square (2 remaining)&#10;S Sonar scan (1 remaining)&#10;Please Select the coordinate of ship to move&#10;Player A where do you want to place a Carrier?&#10;Invalid placement String&#10;Player A where do you want to place a Carrier?&#10;That placement is invalid: the ship goes off the right of the board.&#10;Player A where do you want to place a Carrier?&#10;That placement is invalid: the ship goes off the right of the board.&#10;Player A where do you want to place a Carrier?&#10;That placement is invalid: the ship goes off the right of the board.&#10;Player A where do you want to place a Carrier?&#10;  0|1|2|3|4|5|6|7|8|9&#10;A s|s|d| | | | | | |  A&#10;B s|s|d|b| | |b| | |b B&#10;C d|d|d|b|b|b|b| |b|b C&#10;D d|d| |b| | |b| | |b D&#10;E d|d| | | | | | | |  E&#10;F  | | | | | | | | |  F&#10;G  | | | | | | | | |  G&#10;H  | | | | | | | | |  H&#10;I c| | | | | |c|c|c|c I&#10;J c| | | | |c|c|c| |  J&#10;K c|c| | | | | | | |  K&#10;L c|c| | | | | | | |  L&#10;M  |c| | | | | | | |  M&#10;N  | | | | | | | | |  N&#10;O  | | | | | | | | |  O&#10;P  | | | | | | | | |  P&#10;Q  | | | | | | | | |  Q&#10;R  | | | | | | | | |  R&#10;S  | | | | | | | | |  S&#10;T  | | | | | | | | |  T&#10;  0|1|2|3|4|5|6|7|8|9&#10;Computer is attacking&#10;Computer's ocean                       Enemy's ocean&#10;  0|1|2|3|4|5|6|7|8|9                    0|1|2|3|4|5|6|7|8|9&#10;A s|s|d|d|d|b| |b| |  A                A  | | | | | | | | |  A&#10;B s|s|d|d|d|b|b|b|b|  B                B  | | | | | | | | |  B&#10;C  | |d|d|d|b| |b| |  C                C  | | | | | | | | |  C&#10;D b| | | | | | | | |  D                D  | | | | | | | | |  D&#10;E b|b| | | | | | | |  E                E  | | | | | | | | |  E&#10;F b|c|c|c|c| | | | |  F                F  | | | | | | | | |  F&#10;G c|c|c| | | | | | |  G                G  | | | | | | | | |  G&#10;H  |c|c|c|c| | | | |  H                H  | | | | | | | | |  H&#10;I c|c|c| | | | | | |  I                I  | | | | | | | | |  I&#10;J  | | | | | | | | |  J                J  | | | | | | | | |  J&#10;K  | | | | | | | | |  K                K  | | | | | | | | |  K&#10;L  | | | | | | | | |  L                L  | | | | | | | | |  L&#10;M  | | | | | | | | |  M                M  | | | | | | | | |  M&#10;N  | | | | | | | | |  N                N  | | | | | | | | |  N&#10;O  | | | | | | | | |  O                O  | | | | | | | | |  O&#10;P  | | | | | | | | |  P                P  | | | | | | | | |  P&#10;Q  | | | | | | | | |  Q                Q  | | | | | | | | |  Q&#10;R  | | | | | | | | |  R                R  | | | | | | | | |  R&#10;S  | | | | | | | | |  S                S  | | | | | | | | |  S&#10;T  | | | | | | | | |  T                T  | | | | | | | | |  T&#10;  0|1|2|3|4|5|6|7|8|9                    0|1|2|3|4|5|6|7|8|9&#10;Computer hit a Submarine!&#10;Your ocean                             Enemy's ocean&#10;  0|1|2|3|4|5|6|7|8|9                    0|1|2|3|4|5|6|7|8|9&#10;A x|s|d| | | | | | |  A                A  | | | | | | | | |  A&#10;B s|s|d|b| | |b| | |b B                B  | | | | | | | | |  B&#10;C d|d|d|b|b|b|b| |b|b C                C  | | | | | | | | |  C&#10;D d|d| |b| | |b| | |b D                D  | | | | | | | | |  D&#10;E d|d| | | | | | | |  E                E  | | | | | | | | |  E&#10;F  | | | | | | | | |  F                F  | | | | | | | | |  F&#10;G  | | | | | | | | |  G                G  | | | | | | | | |  G&#10;H  | | | | | | | | |  H                H  | | | | | | | | |  H&#10;I c| | | | | |c|c|c|c I                I  | | | | | | | | |  I&#10;J c| | | | |c|c|c| |  J                J  | | | | | | | | |  J&#10;K c|c| | | | | | | |  K                K  | | | | | | | | |  K&#10;L c|c| | | | | | | |  L                L  | | | | | | | | |  L&#10;M  |c| | | | | | | |  M                M  | | | | | | | | |  M&#10;N  | | | | | | | | |  N                N  | | | | | | | | |  N&#10;O  | | | | | | | | |  O                O  | | | | | | | | |  O&#10;P  | | | | | | | | |  P                P  | | | | | | | | |  P&#10;Q  | | | | | | | | |  Q                Q  | | | | | | | | |  Q&#10;R  | | | | | | | | |  R                R  | | | | | | | | |  R&#10;S  | | | | | | | | |  S                S  | | | | | | | | |  S&#10;T  | | | | | | | | |  T                T  | | | | | | | | |  T&#10;  0|1|2|3|4|5|6|7|8|9                    0|1|2|3|4|5|6|7|8|9&#10;Possible actions for Player A:&#10;F Fire at a square&#10;M Move a ship to another square (1 remaining)&#10;S Sonar scan (1 remaining)&#10;Please Select the coordinate to scan&#10;Submarines occupy 4squares&#10;Destroyers occupy 3squares&#10;Battleships occupy 1squares&#10;Computer is attacking&#10;Computer's ocean                       Enemy's ocean&#10;  0|1|2|3|4|5|6|7|8|9                    0|1|2|3|4|5|6|7|8|9&#10;A s|s|d|d|d|b| |b| |  A                A s| | | | | | | | |  A&#10;B s|s|d|d|d|b|b|b|b|  B                B  | | | | | | | | |  B&#10;C  | |d|d|d|b| |b| |  C                C  | | | | | | | | |  C&#10;D b| | | | | | | | |  D                D  | | | | | | | | |  D&#10;E b|b| | | | | | | |  E                E  | | | | | | | | |  E&#10;F b|c|c|c|c| | | | |  F                F  | | | | | | | | |  F&#10;G c|c|c| | | | | | |  G                G  | | | | | | | | |  G&#10;H  |c|c|c|c| | | | |  H                H  | | | | | | | | |  H&#10;I c|c|c| | | | | | |  I                I  | | | | | | | | |  I&#10;J  | | | | | | | | |  J                J  | | | | | | | | |  J&#10;K  | | | | | | | | |  K                K  | | | | | | | | |  K&#10;L  | | | | | | | | |  L                L  | | | | | | | | |  L&#10;M  | | | | | | | | |  M                M  | | | | | | | | |  M&#10;N  | | | | | | | | |  N                N  | | | | | | | | |  N&#10;O  | | | | | | | | |  O                O  | | | | | | | | |  O&#10;P  | | | | | | | | |  P                P  | | | | | | | | |  P&#10;Q  | | | | | | | | |  Q                Q  | | | | | | | | |  Q&#10;R  | | | | | | | | |  R                R  | | | | | | | | |  R&#10;S  | | | | | | | | |  S                S  | | | | | | | | |  S&#10;T  | | | | | | | | |  T                T  | | | | | | | | |  T&#10;  0|1|2|3|4|5|6|7|8|9                    0|1|2|3|4|5|6|7|8|9&#10;Computer hit a Submarine!&#10;Your ocean                             Enemy's ocean&#10;  0|1|2|3|4|5|6|7|8|9                    0|1|2|3|4|5|6|7|8|9&#10;A x|s|d| | | | | | |  A                A  | | | | | | | | |  A&#10;B x|s|d|b| | |b| | |b B                B  | | | | | | | | |  B&#10;C d|d|d|b|b|b|b| |b|b C                C  | | | | | | | | |  C&#10;D d|d| |b| | |b| | |b D                D  | | | | | | | | |  D&#10;E d|d| | | | | | | |  E                E  | | | | | | | | |  E&#10;F  | | | | | | | | |  F                F  | | | | | | | | |  F&#10;G  | | | | | | | | |  G                G  | | | | | | | | |  G&#10;H  | | | | | | | | |  H                H  | | | | | | | | |  H&#10;I c| | | | | |c|c|c|c I                I  | | | | | | | | |  I&#10;J c| | | | |c|c|c| |  J                J  | | | | | | | | |  J&#10;K c|c| | | | | | | |  K                K  | | | | | | | | |  K&#10;L c|c| | | | | | | |  L                L  | | | | | | | | |  L&#10;M  |c| | | | | | | |  M                M  | | | | | | | | |  M&#10;N  | | | | | | | | |  N                N  | | | | | | | | |  N&#10;O  | | | | | | | | |  O                O  | | | | | | | | |  O&#10;P  | | | | | | | | |  P                P  | | | | | | | | |  P&#10;Q  | | | | | | | | |  Q                Q  | | | | | | | | |  Q&#10;R  | | | | | | | | |  R                R  | | | | | | | | |  R&#10;S  | | | | | | | | |  S                S  | | | | | | | | |  S&#10;T  | | | | | | | | |  T                T  | | | | | | | | |  T&#10;  0|1|2|3|4|5|6|7|8|9                    0|1|2|3|4|5|6|7|8|9&#10;Possible actions for Player A:&#10;F Fire at a square&#10;M Move a ship to another square (1 remaining)&#10;S Sonar scan (0 remaining)&#10;Player A,Please enter your coordinate to attack:&#10;You hit a Submarine!&#10;&#10;Computer is attacking&#10;Computer's ocean                       Enemy's ocean&#10;  0|1|2|3|4|5|6|7|8|9                    0|1|2|3|4|5|6|7|8|9&#10;A x|s|d|d|d|b| |b| |  A                A s| | | | | | | | |  A&#10;B s|s|d|d|d|b|b|b|b|  B                B s| | | | | | | | |  B&#10;C  | |d|d|d|b| |b| |  C                C  | | | | | | | | |  C&#10;D b| | | | | | | | |  D                D  | | | | | | | | |  D&#10;E b|b| | | | | | | |  E                E  | | | | | | | | |  E&#10;F b|c|c|c|c| | | | |  F                F  | | | | | | | | |  F&#10;G c|c|c| | | | | | |  G                G  | | | | | | | | |  G&#10;H  |c|c|c|c| | | | |  H                H  | | | | | | | | |  H&#10;I c|c|c| | | | | | |  I                I  | | | | | | | | |  I&#10;J  | | | | | | | | |  J                J  | | | | | | | | |  J&#10;K  | | | | | | | | |  K                K  | | | | | | | | |  K&#10;L  | | | | | | | | |  L                L  | | | | | | | | |  L&#10;M  | | | | | | | | |  M                M  | | | | | | | | |  M&#10;N  | | | | | | | | |  N                N  | | | | | | | | |  N&#10;O  | | | | | | | | |  O                O  | | | | | | | | |  O&#10;P  | | | | | | | | |  P                P  | | | | | | | | |  P&#10;Q  | | | | | | | | |  Q                Q  | | | | | | | | |  Q&#10;R  | | | | | | | | |  R                R  | | | | | | | | |  R&#10;S  | | | | | | | | |  S                S  | | | | | | | | |  S&#10;T  | | | | | | | | |  T                T  | | | | | | | | |  T&#10;  0|1|2|3|4|5|6|7|8|9                    0|1|2|3|4|5|6|7|8|9&#10;Computer hit a Destroyer!&#10;Your ocean                             Enemy's ocean&#10;  0|1|2|3|4|5|6|7|8|9                    0|1|2|3|4|5|6|7|8|9&#10;A x|s|d| | | | | | |  A                A s| | | | | | | | |  A&#10;B x|s|d|b| | |b| | |b B                B  | | | | | | | | |  B&#10;C x|d|d|b|b|b|b| |b|b C                C  | | | | | | | | |  C&#10;D d|d| |b| | |b| | |b D                D  | | | | | | | | |  D&#10;E d|d| | | | | | | |  E                E  | | | | | | | | |  E&#10;F  | | | | | | | | |  F                F  | | | | | | | | |  F&#10;G  | | | | | | | | |  G                G  | | | | | | | | |  G&#10;H  | | | | | | | | |  H                H  | | | | | | | | |  H&#10;I c| | | | | |c|c|c|c I                I  | | | | | | | | |  I&#10;J c| | | | |c|c|c| |  J                J  | | | | | | | | |  J&#10;K c|c| | | | | | | |  K                K  | | | | | | | | |  K&#10;L c|c| | | | | | | |  L                L  | | | | | | | | |  L&#10;M  |c| | | | | | | |  M                M  | | | | | | | | |  M&#10;N  | | | | | | | | |  N                N  | | | | | | | | |  N&#10;O  | | | | | | | | |  O                O  | | | | | | | | |  O&#10;P  | | | | | | | | |  P                P  | | | | | | | | |  P&#10;Q  | | | | | | | | |  Q                Q  | | | | | | | | |  Q&#10;R  | | | | | | | | |  R                R  | | | | | | | | |  R&#10;S  | | | | | | | | |  S                S  | | | | | | | | |  S&#10;T  | | | | | | | | |  T                T  | | | | | | | | |  T&#10;  0|1|2|3|4|5|6|7|8|9                    0|1|2|3|4|5|6|7|8|9&#10;Possible actions for Player A:&#10;F Fire at a square&#10;M Move a ship to another square (1 remaining)&#10;S Sonar scan (0 remaining)&#10;Invalid input or choice have used up!&#10;Possible actions for Player A:&#10;F Fire at a square&#10;M Move a ship to another square (1 remaining)&#10;S Sonar scan (0 remaining)&#10;Invalid input or choice have used up!&#10;Possible actions for Player A:&#10;F Fire at a square&#10;M Move a ship to another square (1 remaining)&#10;S Sonar scan (0 remaining)&#10;Invalid input or choice have used up!&#10;Possible actions for Player A:&#10;F Fire at a square&#10;M Move a ship to another square (1 remaining)&#10;S Sonar scan (0 remaining)&#10;Player A,Please enter your coordinate to attack:&#10;You hit a Submarine!&#10;&#10;Computer is attacking&#10;Computer's ocean                       Enemy's ocean&#10;  0|1|2|3|4|5|6|7|8|9                    0|1|2|3|4|5|6|7|8|9&#10;A x|s|d|d|d|b| |b| |  A                A s| | | | | | | | |  A&#10;B s|s|d|d|d|b|b|b|b|  B                B s| | | | | | | | |  B&#10;C  | |d|d|d|b| |b| |  C                C d| | | | | | | | |  C&#10;D b| | | | | | | | |  D                D  | | | | | | | | |  D&#10;E b|b| | | | | | | |  E                E  | | | | | | | | |  E&#10;F b|c|c|c|c| | | | |  F                F  | | | | | | | | |  F&#10;G c|c|c| | | | | | |  G                G  | | | | | | | | |  G&#10;H  |c|c|c|c| | | | |  H                H  | | | | | | | | |  H&#10;I c|c|c| | | | | | |  I                I  | | | | | | | | |  I&#10;J  | | | | | | | | |  J                J  | | | | | | | | |  J&#10;K  | | | | | | | | |  K                K  | | | | | | | | |  K&#10;L  | | | | | | | | |  L                L  | | | | | | | | |  L&#10;M  | | | | | | | | |  M                M  | | | | | | | | |  M&#10;N  | | | | | | | | |  N                N  | | | | | | | | |  N&#10;O  | | | | | | | | |  O                O  | | | | | | | | |  O&#10;P  | | | | | | | | |  P                P  | | | | | | | | |  P&#10;Q  | | | | | | | | |  Q                Q  | | | | | | | | |  Q&#10;R  | | | | | | | | |  R                R  | | | | | | | | |  R&#10;S  | | | | | | | | |  S                S  | | | | | | | | |  S&#10;T  | | | | | | | | |  T                T  | | | | | | | | |  T&#10;  0|1|2|3|4|5|6|7|8|9                    0|1|2|3|4|5|6|7|8|9&#10;Computer hit a Destroyer!&#10;Your ocean                             Enemy's ocean&#10;  0|1|2|3|4|5|6|7|8|9                    0|1|2|3|4|5|6|7|8|9&#10;A x|s|d| | | | | | |  A                A s| | | | | | | | |  A&#10;B x|s|d|b| | |b| | |b B                B  | | | | | | | | |  B&#10;C x|d|d|b|b|b|b| |b|b C                C  | | | | | | | | |  C&#10;D x|d| |b| | |b| | |b D                D  | | | | | | | | |  D&#10;E d|d| | | | | | | |  E                E  | | | | | | | | |  E&#10;F  | | | | | | | | |  F                F  | | | | | | | | |  F&#10;G  | | | | | | | | |  G                G  | | | | | | | | |  G&#10;H  | | | | | | | | |  H                H  | | | | | | | | |  H&#10;I c| | | | | |c|c|c|c I                I  | | | | | | | | |  I&#10;J c| | | | |c|c|c| |  J                J  | | | | | | | | |  J&#10;K c|c| | | | | | | |  K                K  | | | | | | | | |  K&#10;L c|c| | | | | | | |  L                L  | | | | | | | | |  L&#10;M  |c| | | | | | | |  M                M  | | | | | | | | |  M&#10;N  | | | | | | | | |  N                N  | | | | | | | | |  N&#10;O  | | | | | | | | |  O                O  | | | | | | | | |  O&#10;P  | | | | | | | | |  P                P  | | | | | | | | |  P&#10;Q  | | | | | | | | |  Q                Q  | | | | | | | | |  Q&#10;R  | | | | | | | | |  R                R  | | | | | | | | |  R&#10;S  | | | | | | | | |  S                S  | | | | | | | | |  S&#10;T  | | | | | | | | |  T                T  | | | | | | | | |  T&#10;  0|1|2|3|4|5|6|7|8|9                    0|1|2|3|4|5|6|7|8|9&#10;Possible actions for Player A:&#10;F Fire at a square&#10;M Move a ship to another square (1 remaining)&#10;S Sonar scan (0 remaining)&#10;Player A,Please enter your coordinate to attack:&#10;You hit a Submarine!&#10;&#10;Computer is attacking&#10;Computer's ocean                       Enemy's ocean&#10;  0|1|2|3|4|5|6|7|8|9                    0|1|2|3|4|5|6|7|8|9&#10;A x|x|d|d|d|b| |b| |  A                A s| | | | | | | | |  A&#10;B s|s|d|d|d|b|b|b|b|  B                B s| | | | | | | | |  B&#10;C  | |d|d|d|b| |b| |  C                C d| | | | | | | | |  C&#10;D b| | | | | | | | |  D                D d| | | | | | | | |  D&#10;E b|b| | | | | | | |  E                E  | | | | | | | | |  E&#10;F b|c|c|c|c| | | | |  F                F  | | | | | | | | |  F&#10;G c|c|c| | | | | | |  G                G  | | | | | | | | |  G&#10;H  |c|c|c|c| | | | |  H                H  | | | | | | | | |  H&#10;I c|c|c| | | | | | |  I                I  | | | | | | | | |  I&#10;J  | | | | | | | | |  J                J  | | | | | | | | |  J&#10;K  | | | | | | | | |  K                K  | | | | | | | | |  K&#10;L  | | | | | | | | |  L                L  | | | | | | | | |  L&#10;M  | | | | | | | | |  M                M  | | | | | | | | |  M&#10;N  | | | | | | | | |  N                N  | | | | | | | | |  N&#10;O  | | | | | | | | |  O                O  | | | | | | | | |  O&#10;P  | | | | | | | | |  P                P  | | | | | | | | |  P&#10;Q  | | | | | | | | |  Q                Q  | | | | | | | | |  Q&#10;R  | | | | | | | | |  R                R  | | | | | | | | |  R&#10;S  | | | | | | | | |  S                S  | | | | | | | | |  S&#10;T  | | | | | | | | |  T                T  | | | | | | | | |  T&#10;  0|1|2|3|4|5|6|7|8|9                    0|1|2|3|4|5|6|7|8|9&#10;Computer hit a Destroyer!&#10;Your ocean                             Enemy's ocean&#10;  0|1|2|3|4|5|6|7|8|9                    0|1|2|3|4|5|6|7|8|9&#10;A x|s|d| | | | | | |  A                A s|s| | | | | | | |  A&#10;B x|s|d|b| | |b| | |b B                B  | | | | | | | | |  B&#10;C x|d|d|b|b|b|b| |b|b C                C  | | | | | | | | |  C&#10;D x|d| |b| | |b| | |b D                D  | | | | | | | | |  D&#10;E x|d| | | | | | | |  E                E  | | | | | | | | |  E&#10;F  | | | | | | | | |  F                F  | | | | | | | | |  F&#10;G  | | | | | | | | |  G                G  | | | | | | | | |  G&#10;H  | | | | | | | | |  H                H  | | | | | | | | |  H&#10;I c| | | | | |c|c|c|c I                I  | | | | | | | | |  I&#10;J c| | | | |c|c|c| |  J                J  | | | | | | | | |  J&#10;K c|c| | | | | | | |  K                K  | | | | | | | | |  K&#10;L c|c| | | | | | | |  L                L  | | | | | | | | |  L&#10;M  |c| | | | | | | |  M                M  | | | | | | | | |  M&#10;N  | | | | | | | | |  N                N  | | | | | | | | |  N&#10;O  | | | | | | | | |  O                O  | | | | | | | | |  O&#10;P  | | | | | | | | |  P                P  | | | | | | | | |  P&#10;Q  | | | | | | | | |  Q                Q  | | | | | | | | |  Q&#10;R  | | | | | | | | |  R                R  | | | | | | | | |  R&#10;S  | | | | | | | | |  S                S  | | | | | | | | |  S&#10;T  | | | | | | | | |  T                T  | | | | | | | | |  T&#10;  0|1|2|3|4|5|6|7|8|9                    0|1|2|3|4|5|6|7|8|9&#10;Possible actions for Player A:&#10;F Fire at a square&#10;M Move a ship to another square (1 remaining)&#10;S Sonar scan (0 remaining)&#10;Player A,Please enter your coordinate to attack:&#10;You hit a Destroyer!&#10;&#10;Computer is attacking&#10;Computer's ocean                       Enemy's ocean&#10;  0|1|2|3|4|5|6|7|8|9                    0|1|2|3|4|5|6|7|8|9&#10;A x|x|x|d|d|b| |b| |  A                A s| | | | | | | | |  A&#10;B s|s|d|d|d|b|b|b|b|  B                B s| | | | | | | | |  B&#10;C  | |d|d|d|b| |b| |  C                C d| | | | | | | | |  C&#10;D b| | | | | | | | |  D                D d| | | | | | | | |  D&#10;E b|b| | | | | | | |  E                E d| | | | | | | | |  E&#10;F b|c|c|c|c| | | | |  F                F  | | | | | | | | |  F&#10;G c|c|c| | | | | | |  G                G  | | | | | | | | |  G&#10;H  |c|c|c|c| | | | |  H                H  | | | | | | | | |  H&#10;I c|c|c| | | | | | |  I                I  | | | | | | | | |  I&#10;J  | | | | | | | | |  J                J  | | | | | | | | |  J&#10;K  | | | | | | | | |  K                K  | | | | | | | | |  K&#10;L  | | | | | | | | |  L                L  | | | | | | | | |  L&#10;M  | | | | | | | | |  M                M  | | | | | | | | |  M&#10;N  | | | | | | | | |  N                N  | | | | | | | | |  N&#10;O  | | | | | | | | |  O                O  | | | | | | | | |  O&#10;P  | | | | | | | | |  P                P  | | | | | | | | |  P&#10;Q  | | | | | | | | |  Q                Q  | | | | | | | | |  Q&#10;R  | | | | | | | | |  R                R  | | | | | | | | |  R&#10;S  | | | | | | | | |  S                S  | | | | | | | | |  S&#10;T  | | | | | | | | |  T                T  | | | | | | | | |  T&#10;  0|1|2|3|4|5|6|7|8|9                    0|1|2|3|4|5|6|7|8|9&#10;Computer missed!&#10;Your ocean                             Enemy's ocean&#10;  0|1|2|3|4|5|6|7|8|9                    0|1|2|3|4|5|6|7|8|9&#10;A x|s|d| | | | | | |  A                A s|s|d| | | | | | |  A&#10;B x|s|d|b| | |b| | |b B                B  | | | | | | | | |  B&#10;C x|d|d|b|b|b|b| |b|b C                C  | | | | | | | | |  C&#10;D x|d| |b| | |b| | |b D                D  | | | | | | | | |  D&#10;E x|d| | | | | | | |  E                E  | | | | | | | | |  E&#10;F  | | | | | | | | |  F                F  | | | | | | | | |  F&#10;G  | | | | | | | | |  G                G  | | | | | | | | |  G&#10;H  | | | | | | | | |  H                H  | | | | | | | | |  H&#10;I c| | | | | |c|c|c|c I                I  | | | | | | | | |  I&#10;J c| | | | |c|c|c| |  J                J  | | | | | | | | |  J&#10;K c|c| | | | | | | |  K                K  | | | | | | | | |  K&#10;L c|c| | | | | | | |  L                L  | | | | | | | | |  L&#10;M  |c| | | | | | | |  M                M  | | | | | | | | |  M&#10;N  | | | | | | | | |  N                N  | | | | | | | | |  N&#10;O  | | | | | | | | |  O                O  | | | | | | | | |  O&#10;P  | | | | | | | | |  P                P  | | | | | | | | |  P&#10;Q  | | | | | | | | |  Q                Q  | | | | | | | | |  Q&#10;R  | | | | | | | | |  R                R  | | | | | | | | |  R&#10;S  | | | | | | | | |  S                S  | | | | | | | | |  S&#10;T  | | | | | | | | |  T                T  | | | | | | | | |  T&#10;  0|1|2|3|4|5|6|7|8|9                    0|1|2|3|4|5|6|7|8|9&#10;Possible actions for Player A:&#10;F Fire at a square&#10;M Move a ship to another square (1 remaining)&#10;S Sonar scan (0 remaining)&#10;Player A,Please enter your coordinate to attack:&#10;You hit a Destroyer!&#10;&#10;Computer is attacking&#10;Computer's ocean                       Enemy's ocean&#10;  0|1|2|3|4|5|6|7|8|9                    0|1|2|3|4|5|6|7|8|9&#10;A x|x|x|x|d|b| |b| |  A                A s| | | | | | | | |  A&#10;B s|s|d|d|d|b|b|b|b|  B                B s| | | | | | | | |  B&#10;C  | |d|d|d|b| |b| |  C                C d| | | | | | | | |  C&#10;D b| | | | | | | | |  D                D d| | | | | | | | |  D&#10;E b|b| | | | | | | |  E                E d| | | | | | | | |  E&#10;F b|c|c|c|c| | | | |  F                F X| | | | | | | | |  F&#10;G c|c|c| | | | | | |  G                G  | | | | | | | | |  G&#10;H  |c|c|c|c| | | | |  H                H  | | | | | | | | |  H&#10;I c|c|c| | | | | | |  I                I  | | | | | | | | |  I&#10;J  | | | | | | | | |  J                J  | | | | | | | | |  J&#10;K  | | | | | | | | |  K                K  | | | | | | | | |  K&#10;L  | | | | | | | | |  L                L  | | | | | | | | |  L&#10;M  | | | | | | | | |  M                M  | | | | | | | | |  M&#10;N  | | | | | | | | |  N                N  | | | | | | | | |  N&#10;O  | | | | | | | | |  O                O  | | | | | | | | |  O&#10;P  | | | | | | | | |  P                P  | | | | | | | | |  P&#10;Q  | | | | | | | | |  Q                Q  | | | | | | | | |  Q&#10;R  | | | | | | | | |  R                R  | | | | | | | | |  R&#10;S  | | | | | | | | |  S                S  | | | | | | | | |  S&#10;T  | | | | | | | | |  T                T  | | | | | | | | |  T&#10;  0|1|2|3|4|5|6|7|8|9                    0|1|2|3|4|5|6|7|8|9&#10;Computer missed!&#10;Your ocean                             Enemy's ocean&#10;  0|1|2|3|4|5|6|7|8|9                    0|1|2|3|4|5|6|7|8|9&#10;A x|s|d| | | | | | |  A                A s|s|d|d| | | | | |  A&#10;B x|s|d|b| | |b| | |b B                B  | | | | | | | | |  B&#10;C x|d|d|b|b|b|b| |b|b C                C  | | | | | | | | |  C&#10;D x|d| |b| | |b| | |b D                D  | | | | | | | | |  D&#10;E x|d| | | | | | | |  E                E  | | | | | | | | |  E&#10;F  | | | | | | | | |  F                F  | | | | | | | | |  F&#10;G  | | | | | | | | |  G                G  | | | | | | | | |  G&#10;H  | | | | | | | | |  H                H  | | | | | | | | |  H&#10;I c| | | | | |c|c|c|c I                I  | | | | | | | | |  I&#10;J c| | | | |c|c|c| |  J                J  | | | | | | | | |  J&#10;K c|c| | | | | | | |  K                K  | | | | | | | | |  K&#10;L c|c| | | | | | | |  L                L  | | | | | | | | |  L&#10;M  |c| | | | | | | |  M                M  | | | | | | | | |  M&#10;N  | | | | | | | | |  N                N  | | | | | | | | |  N&#10;O  | | | | | | | | |  O                O  | | | | | | | | |  O&#10;P  | | | | | | | | |  P                P  | | | | | | | | |  P&#10;Q  | | | | | | | | |  Q                Q  | | | | | | | | |  Q&#10;R  | | | | | | | | |  R                R  | | | | | | | | |  R&#10;S  | | | | | | | | |  S                S  | | | | | | | | |  S&#10;T  | | | | | | | | |  T                T  | | | | | | | | |  T&#10;  0|1|2|3|4|5|6|7|8|9                    0|1|2|3|4|5|6|7|8|9&#10;Possible actions for Player A:&#10;F Fire at a square&#10;M Move a ship to another square (1 remaining)&#10;S Sonar scan (0 remaining)&#10;Player A,Please enter your coordinate to attack:&#10;You hit a Destroyer!&#10;&#10;Computer is attacking&#10;Computer's ocean                       Enemy's ocean&#10;  0|1|2|3|4|5|6|7|8|9                    0|1|2|3|4|5|6|7|8|9&#10;A x|x|x|x|x|b| |b| |  A                A s| | | | | | | | |  A&#10;B s|s|d|d|d|b|b|b|b|  B                B s| | | | | | | | |  B&#10;C  | |d|d|d|b| |b| |  C                C d| | | | | | | | |  C&#10;D b| | | | | | | | |  D                D d| | | | | | | | |  D&#10;E b|b| | | | | | | |  E                E d| | | | | | | | |  E&#10;F b|c|c|c|c| | | | |  F                F X| | | | | | | | |  F&#10;G c|c|c| | | | | | |  G                G X| | | | | | | | |  G&#10;H  |c|c|c|c| | | | |  H                H  | | | | | | | | |  H&#10;I c|c|c| | | | | | |  I                I  | | | | | | | | |  I&#10;J  | | | | | | | | |  J                J  | | | | | | | | |  J&#10;K  | | | | | | | | |  K                K  | | | | | | | | |  K&#10;L  | | | | | | | | |  L                L  | | | | | | | | |  L&#10;M  | | | | | | | | |  M                M  | | | | | | | | |  M&#10;N  | | | | | | | | |  N                N  | | | | | | | | |  N&#10;O  | | | | | | | | |  O                O  | | | | | | | | |  O&#10;P  | | | | | | | | |  P                P  | | | | | | | | |  P&#10;Q  | | | | | | | | |  Q                Q  | | | | | | | | |  Q&#10;R  | | | | | | | | |  R                R  | | | | | | | | |  R&#10;S  | | | | | | | | |  S                S  | | | | | | | | |  S&#10;T  | | | | | | | | |  T                T  | | | | | | | | |  T&#10;  0|1|2|3|4|5|6|7|8|9                    0|1|2|3|4|5|6|7|8|9&#10;Computer missed!&#10;Your ocean                             Enemy's ocean&#10;  0|1|2|3|4|5|6|7|8|9                    0|1|2|3|4|5|6|7|8|9&#10;A x|s|d| | | | | | |  A                A s|s|d|d|d| | | | |  A&#10;B x|s|d|b| | |b| | |b B                B  | | | | | | | | |  B&#10;C x|d|d|b|b|b|b| |b|b C                C  | | | | | | | | |  C&#10;D x|d| |b| | |b| | |b D                D  | | | | | | | | |  D&#10;E x|d| | | | | | | |  E                E  | | | | | | | | |  E&#10;F  | | | | | | | | |  F                F  | | | | | | | | |  F&#10;G  | | | | | | | | |  G                G  | | | | | | | | |  G&#10;H  | | | | | | | | |  H                H  | | | | | | | | |  H&#10;I c| | | | | |c|c|c|c I                I  | | | | | | | | |  I&#10;J c| | | | |c|c|c| |  J                J  | | | | | | | | |  J&#10;K c|c| | | | | | | |  K                K  | | | | | | | | |  K&#10;L c|c| | | | | | | |  L                L  | | | | | | | | |  L&#10;M  |c| | | | | | | |  M                M  | | | | | | | | |  M&#10;N  | | | | | | | | |  N                N  | | | | | | | | |  N&#10;O  | | | | | | | | |  O                O  | | | | | | | | |  O&#10;P  | | | | | | | | |  P                P  | | | | | | | | |  P&#10;Q  | | | | | | | | |  Q                Q  | | | | | | | | |  Q&#10;R  | | | | | | | | |  R                R  | | | | | | | | |  R&#10;S  | | | | | | | | |  S                S  | | | | | | | | |  S&#10;T  | | | | | | | | |  T                T  | | | | | | | | |  T&#10;  0|1|2|3|4|5|6|7|8|9                    0|1|2|3|4|5|6|7|8|9&#10;Possible actions for Player A:&#10;F Fire at a square&#10;M Move a ship to another square (1 remaining)&#10;S Sonar scan (0 remaining)&#10;Player A,Please enter your coordinate to attack:&#10;You hit a Battleship!&#10;&#10;Computer is attacking&#10;Computer's ocean                       Enemy's ocean&#10;  0|1|2|3|4|5|6|7|8|9                    0|1|2|3|4|5|6|7|8|9&#10;A x|x|x|x|x|x| |b| |  A                A s| | | | | | | | |  A&#10;B s|s|d|d|d|b|b|b|b|  B                B s| | | | | | | | |  B&#10;C  | |d|d|d|b| |b| |  C                C d| | | | | | | | |  C&#10;D b| | | | | | | | |  D                D d| | | | | | | | |  D&#10;E b|b| | | | | | | |  E                E d| | | | | | | | |  E&#10;F b|c|c|c|c| | | | |  F                F X| | | | | | | | |  F&#10;G c|c|c| | | | | | |  G                G X| | | | | | | | |  G&#10;H  |c|c|c|c| | | | |  H                H X| | | | | | | | |  H&#10;I c|c|c| | | | | | |  I                I  | | | | | | | | |  I&#10;J  | | | | | | | | |  J                J  | | | | | | | | |  J&#10;K  | | | | | | | | |  K                K  | | | | | | | | |  K&#10;L  | | | | | | | | |  L                L  | | | | | | | | |  L&#10;M  | | | | | | | | |  M                M  | | | | | | | | |  M&#10;N  | | | | | | | | |  N                N  | | | | | | | | |  N&#10;O  | | | | | | | | |  O                O  | | | | | | | | |  O&#10;P  | | | | | | | | |  P                P  | | | | | | | | |  P&#10;Q  | | | | | | | | |  Q                Q  | | | | | | | | |  Q&#10;R  | | | | | | | | |  R                R  | | | | | | | | |  R&#10;S  | | | | | | | | |  S                S  | | | | | | | | |  S&#10;T  | | | | | | | | |  T                T  | | | | | | | | |  T&#10;  0|1|2|3|4|5|6|7|8|9                    0|1|2|3|4|5|6|7|8|9&#10;Computer hit a Carrier!&#10;Your ocean                             Enemy's ocean&#10;  0|1|2|3|4|5|6|7|8|9                    0|1|2|3|4|5|6|7|8|9&#10;A x|s|d| | | | | | |  A                A s|s|d|d|d|b| | | |  A&#10;B x|s|d|b| | |b| | |b B                B  | | | | | | | | |  B&#10;C x|d|d|b|b|b|b| |b|b C                C  | | | | | | | | |  C&#10;D x|d| |b| | |b| | |b D                D  | | | | | | | | |  D&#10;E x|d| | | | | | | |  E                E  | | | | | | | | |  E&#10;F  | | | | | | | | |  F                F  | | | | | | | | |  F&#10;G  | | | | | | | | |  G                G  | | | | | | | | |  G&#10;H  | | | | | | | | |  H                H  | | | | | | | | |  H&#10;I x| | | | | |c|c|c|c I                I  | | | | | | | | |  I&#10;J c| | | | |c|c|c| |  J                J  | | | | | | | | |  J&#10;K c|c| | | | | | | |  K                K  | | | | | | | | |  K&#10;L c|c| | | | | | | |  L                L  | | | | | | | | |  L&#10;M  |c| | | | | | | |  M                M  | | | | | | | | |  M&#10;N  | | | | | | | | |  N                N  | | | | | | | | |  N&#10;O  | | | | | | | | |  O                O  | | | | | | | | |  O&#10;P  | | | | | | | | |  P                P  | | | | | | | | |  P&#10;Q  | | | | | | | | |  Q                Q  | | | | | | | | |  Q&#10;R  | | | | | | | | |  R                R  | | | | | | | | |  R&#10;S  | | | | | | | | |  S                S  | | | | | | | | |  S&#10;T  | | | | | | | | |  T                T  | | | | | | | | |  T&#10;  0|1|2|3|4|5|6|7|8|9                    0|1|2|3|4|5|6|7|8|9&#10;Possible actions for Player A:&#10;F Fire at a square&#10;M Move a ship to another square (1 remaining)&#10;S Sonar scan (0 remaining)&#10;Player A,Please enter your coordinate to attack:&#10;You missed!&#10;&#10;Computer is attacking&#10;Computer's ocean                       Enemy's ocean&#10;  0|1|2|3|4|5|6|7|8|9                    0|1|2|3|4|5|6|7|8|9&#10;A x|x|x|x|x|x| |b| |  A                A s| | | | | | | | |  A&#10;B s|s|d|d|d|b|b|b|b|  B                B s| | | | | | | | |  B&#10;C  | |d|d|d|b| |b| |  C                C d| | | | | | | | |  C&#10;D b| | | | | | | | |  D                D d| | | | | | | | |  D&#10;E b|b| | | | | | | |  E                E d| | | | | | | | |  E&#10;F b|c|c|c|c| | | | |  F                F X| | | | | | | | |  F&#10;G c|c|c| | | | | | |  G                G X| | | | | | | | |  G&#10;H  |c|c|c|c| | | | |  H                H X| | | | | | | | |  H&#10;I c|c|c| | | | | | |  I                I c| | | | | | | | |  I&#10;J  | | | | | | | | |  J                J  | | | | | | | | |  J&#10;K  | | | | | | | | |  K                K  | | | | | | | | |  K&#10;L  | | | | | | | | |  L                L  | | | | | | | | |  L&#10;M  | | | | | | | | |  M                M  | | | | | | | | |  M&#10;N  | | | | | | | | |  N                N  | | | | | | | | |  N&#10;O  | | | | | | | | |  O                O  | | | | | | | | |  O&#10;P  | | | | | | | | |  P                P  | | | | | | | | |  P&#10;Q  | | | | | | | | |  Q                Q  | | | | | | | | |  Q&#10;R  | | | | | | | | |  R                R  | | | | | | | | |  R&#10;S  | | | | | | | | |  S                S  | | | | | | | | |  S&#10;T  | | | | | | | | |  T                T  | | | | | | | | |  T&#10;  0|1|2|3|4|5|6|7|8|9                    0|1|2|3|4|5|6|7|8|9&#10;Computer hit a Carrier!&#10;Your ocean                             Enemy's ocean&#10;  0|1|2|3|4|5|6|7|8|9                    0|1|2|3|4|5|6|7|8|9&#10;A x|s|d| | | | | | |  A                A s|s|d|d|d|b|X| | |  A&#10;B x|s|d|b| | |b| | |b B                B  | | | | | | | | |  B&#10;C x|d|d|b|b|b|b| |b|b C                C  | | | | | | | | |  C&#10;D x|d| |b| | |b| | |b D                D  | | | | | | | | |  D&#10;E x|d| | | | | | | |  E                E  | | | | | | | | |  E&#10;F  | | | | | | | | |  F                F  | | | | | | | | |  F&#10;G  | | | | | | | | |  G                G  | | | | | | | | |  G&#10;H  | | | | | | | | |  H                H  | | | | | | | | |  H&#10;I x| | | | | |c|c|c|c I                I  | | | | | | | | |  I&#10;J x| | | | |c|c|c| |  J                J  | | | | | | | | |  J&#10;K c|c| | | | | | | |  K                K  | | | | | | | | |  K&#10;L c|c| | | | | | | |  L                L  | | | | | | | | |  L&#10;M  |c| | | | | | | |  M                M  | | | | | | | | |  M&#10;N  | | | | | | | | |  N                N  | | | | | | | | |  N&#10;O  | | | | | | | | |  O                O  | | | | | | | | |  O&#10;P  | | | | | | | | |  P                P  | | | | | | | | |  P&#10;Q  | | | | | | | | |  Q                Q  | | | | | | | | |  Q&#10;R  | | | | | | | | |  R                R  | | | | | | | | |  R&#10;S  | | | | | | | | |  S                S  | | | | | | | | |  S&#10;T  | | | | | | | | |  T                T  | | | | | | | | |  T&#10;  0|1|2|3|4|5|6|7|8|9                    0|1|2|3|4|5|6|7|8|9&#10;Possible actions for Player A:&#10;F Fire at a square&#10;M Move a ship to another square (1 remaining)&#10;S Sonar scan (0 remaining)&#10;Player A,Please enter your coordinate to attack:&#10;You hit a Submarine!&#10;&#10;Computer is attacking&#10;Computer's ocean                       Enemy's ocean&#10;  0|1|2|3|4|5|6|7|8|9                    0|1|2|3|4|5|6|7|8|9&#10;A x|x|x|x|x|x| |b| |  A                A s| | | | | | | | |  A&#10;B x|s|d|d|d|b|b|b|b|  B                B s| | | | | | | | |  B&#10;C  | |d|d|d|b| |b| |  C                C d| | | | | | | | |  C&#10;D b| | | | | | | | |  D                D d| | | | | | | | |  D&#10;E b|b| | | | | | | |  E                E d| | | | | | | | |  E&#10;F b|c|c|c|c| | | | |  F                F X| | | | | | | | |  F&#10;G c|c|c| | | | | | |  G                G X| | | | | | | | |  G&#10;H  |c|c|c|c| | | | |  H                H X| | | | | | | | |  H&#10;I c|c|c| | | | | | |  I                I c| | | | | | | | |  I&#10;J  | | | | | | | | |  J                J c| | | | | | | | |  J&#10;K  | | | | | | | | |  K                K  | | | | | | | | |  K&#10;L  | | | | | | | | |  L                L  | | | | | | | | |  L&#10;M  | | | | | | | | |  M                M  | | | | | | | | |  M&#10;N  | | | | | | | | |  N                N  | | | | | | | | |  N&#10;O  | | | | | | | | |  O                O  | | | | | | | | |  O&#10;P  | | | | | | | | |  P                P  | | | | | | | | |  P&#10;Q  | | | | | | | | |  Q                Q  | | | | | | | | |  Q&#10;R  | | | | | | | | |  R                R  | | | | | | | | |  R&#10;S  | | | | | | | | |  S                S  | | | | | | | | |  S&#10;T  | | | | | | | | |  T                T  | | | | | | | | |  T&#10;  0|1|2|3|4|5|6|7|8|9                    0|1|2|3|4|5|6|7|8|9&#10;Computer hit a Submarine!&#10;Your ocean                             Enemy's ocean&#10;  0|1|2|3|4|5|6|7|8|9                    0|1|2|3|4|5|6|7|8|9&#10;A x|x|d| | | | | | |  A                A s|s|d|d|d|b|X| | |  A&#10;B x|s|d|b| | |b| | |b B                B s| | | | | | | | |  B&#10;C x|d|d|b|b|b|b| |b|b C                C  | | | | | | | | |  C&#10;D x|d| |b| | |b| | |b D                D  | | | | | | | | |  D&#10;E x|d| | | | | | | |  E                E  | | | | | | | | |  E&#10;F  | | | | | | | | |  F                F  | | | | | | | | |  F&#10;G  | | | | | | | | |  G                G  | | | | | | | | |  G&#10;H  | | | | | | | | |  H                H  | | | | | | | | |  H&#10;I x| | | | | |c|c|c|c I                I  | | | | | | | | |  I&#10;J x| | | | |c|c|c| |  J                J  | | | | | | | | |  J&#10;K c|c| | | | | | | |  K                K  | | | | | | | | |  K&#10;L c|c| | | | | | | |  L                L  | | | | | | | | |  L&#10;M  |c| | | | | | | |  M                M  | | | | | | | | |  M&#10;N  | | | | | | | | |  N                N  | | | | | | | | |  N&#10;O  | | | | | | | | |  O                O  | | | | | | | | |  O&#10;P  | | | | | | | | |  P                P  | | | | | | | | |  P&#10;Q  | | | | | | | | |  Q                Q  | | | | | | | | |  Q&#10;R  | | | | | | | | |  R                R  | | | | | | | | |  R&#10;S  | | | | | | | | |  S                S  | | | | | | | | |  S&#10;T  | | | | | | | | |  T                T  | | | | | | | | |  T&#10;  0|1|2|3|4|5|6|7|8|9                    0|1|2|3|4|5|6|7|8|9&#10;Possible actions for Player A:&#10;F Fire at a square&#10;M Move a ship to another square (1 remaining)&#10;S Sonar scan (0 remaining)&#10;Player A,Please enter your coordinate to attack:&#10;You hit a Submarine!&#10;&#10;Computer is attacking&#10;Computer's ocean                       Enemy's ocean&#10;  0|1|2|3|4|5|6|7|8|9                    0|1|2|3|4|5|6|7|8|9&#10;A x|x|x|x|x|x| |b| |  A                A s|s| | | | | | | |  A&#10;B x|x|d|d|d|b|b|b|b|  B                B s| | | | | | | | |  B&#10;C  | |d|d|d|b| |b| |  C                C d| | | | | | | | |  C&#10;D b| | | | | | | | |  D                D d| | | | | | | | |  D&#10;E b|b| | | | | | | |  E                E d| | | | | | | | |  E&#10;F b|c|c|c|c| | | | |  F                F X| | | | | | | | |  F&#10;G c|c|c| | | | | | |  G                G X| | | | | | | | |  G&#10;H  |c|c|c|c| | | | |  H                H X| | | | | | | | |  H&#10;I c|c|c| | | | | | |  I                I c| | | | | | | | |  I&#10;J  | | | | | | | | |  J                J c| | | | | | | | |  J&#10;K  | | | | | | | | |  K                K  | | | | | | | | |  K&#10;L  | | | | | | | | |  L                L  | | | | | | | | |  L&#10;M  | | | | | | | | |  M                M  | | | | | | | | |  M&#10;N  | | | | | | | | |  N                N  | | | | | | | | |  N&#10;O  | | | | | | | | |  O                O  | | | | | | | | |  O&#10;P  | | | | | | | | |  P                P  | | | | | | | | |  P&#10;Q  | | | | | | | | |  Q                Q  | | | | | | | | |  Q&#10;R  | | | | | | | | |  R                R  | | | | | | | | |  R&#10;S  | | | | | | | | |  S                S  | | | | | | | | |  S&#10;T  | | | | | | | | |  T                T  | | | | | | | | |  T&#10;  0|1|2|3|4|5|6|7|8|9                    0|1|2|3|4|5|6|7|8|9&#10;Computer hit a Submarine!&#10;Your ocean                             Enemy's ocean&#10;  0|1|2|3|4|5|6|7|8|9                    0|1|2|3|4|5|6|7|8|9&#10;A x|x|d| | | | | | |  A                A s|s|d|d|d|b|X| | |  A&#10;B x|x|d|b| | |b| | |b B                B s|s| | | | | | | |  B&#10;C x|d|d|b|b|b|b| |b|b C                C  | | | | | | | | |  C&#10;D x|d| |b| | |b| | |b D                D  | | | | | | | | |  D&#10;E x|d| | | | | | | |  E                E  | | | | | | | | |  E&#10;F  | | | | | | | | |  F                F  | | | | | | | | |  F&#10;G  | | | | | | | | |  G                G  | | | | | | | | |  G&#10;H  | | | | | | | | |  H                H  | | | | | | | | |  H&#10;I x| | | | | |c|c|c|c I                I  | | | | | | | | |  I&#10;J x| | | | |c|c|c| |  J                J  | | | | | | | | |  J&#10;K c|c| | | | | | | |  K                K  | | | | | | | | |  K&#10;L c|c| | | | | | | |  L                L  | | | | | | | | |  L&#10;M  |c| | | | | | | |  M                M  | | | | | | | | |  M&#10;N  | | | | | | | | |  N                N  | | | | | | | | |  N&#10;O  | | | | | | | | |  O                O  | | | | | | | | |  O&#10;P  | | | | | | | | |  P                P  | | | | | | | | |  P&#10;Q  | | | | | | | | |  Q                Q  | | | | | | | | |  Q&#10;R  | | | | | | | | |  R                R  | | | | | | | | |  R&#10;S  | | | | | | | | |  S                S  | | | | | | | | |  S&#10;T  | | | | | | | | |  T                T  | | | | | | | | |  T&#10;  0|1|2|3|4|5|6|7|8|9                    0|1|2|3|4|5|6|7|8|9&#10;Possible actions for Player A:&#10;F Fire at a square&#10;M Move a ship to another square (1 remaining)&#10;S Sonar scan (0 remaining)&#10;Player A,Please enter your coordinate to attack:&#10;You hit a Destroyer!&#10;&#10;Computer is attacking&#10;Computer's ocean                       Enemy's ocean&#10;  0|1|2|3|4|5|6|7|8|9                    0|1|2|3|4|5|6|7|8|9&#10;A x|x|x|x|x|x| |b| |  A                A s|s| | | | | | | |  A&#10;B x|x|x|d|d|b|b|b|b|  B                B s|s| | | | | | | |  B&#10;C  | |d|d|d|b| |b| |  C                C d| | | | | | | | |  C&#10;D b| | | | | | | | |  D                D d| | | | | | | | |  D&#10;E b|b| | | | | | | |  E                E d| | | | | | | | |  E&#10;F b|c|c|c|c| | | | |  F                F X| | | | | | | | |  F&#10;G c|c|c| | | | | | |  G                G X| | | | | | | | |  G&#10;H  |c|c|c|c| | | | |  H                H X| | | | | | | | |  H&#10;I c|c|c| | | | | | |  I                I c| | | | | | | | |  I&#10;J  | | | | | | | | |  J                J c| | | | | | | | |  J&#10;K  | | | | | | | | |  K                K  | | | | | | | | |  K&#10;L  | | | | | | | | |  L                L  | | | | | | | | |  L&#10;M  | | | | | | | | |  M                M  | | | | | | | | |  M&#10;N  | | | | | | | | |  N                N  | | | | | | | | |  N&#10;O  | | | | | | | | |  O                O  | | | | | | | | |  O&#10;P  | | | | | | | | |  P                P  | | | | | | | | |  P&#10;Q  | | | | | | | | |  Q                Q  | | | | | | | | |  Q&#10;R  | | | | | | | | |  R                R  | | | | | | | | |  R&#10;S  | | | | | | | | |  S                S  | | | | | | | | |  S&#10;T  | | | | | | | | |  T                T  | | | | | | | | |  T&#10;  0|1|2|3|4|5|6|7|8|9                    0|1|2|3|4|5|6|7|8|9&#10;Computer hit a Destroyer!&#10;Your ocean                             Enemy's ocean&#10;  0|1|2|3|4|5|6|7|8|9                    0|1|2|3|4|5|6|7|8|9&#10;A x|x|d| | | | | | |  A                A s|s|d|d|d|b|X| | |  A&#10;B x|x|d|b| | |b| | |b B                B s|s|d| | | | | | |  B&#10;C x|x|d|b|b|b|b| |b|b C                C  | | | | | | | | |  C&#10;D x|d| |b| | |b| | |b D                D  | | | | | | | | |  D&#10;E x|d| | | | | | | |  E                E  | | | | | | | | |  E&#10;F  | | | | | | | | |  F                F  | | | | | | | | |  F&#10;G  | | | | | | | | |  G                G  | | | | | | | | |  G&#10;H  | | | | | | | | |  H                H  | | | | | | | | |  H&#10;I x| | | | | |c|c|c|c I                I  | | | | | | | | |  I&#10;J x| | | | |c|c|c| |  J                J  | | | | | | | | |  J&#10;K c|c| | | | | | | |  K                K  | | | | | | | | |  K&#10;L c|c| | | | | | | |  L                L  | | | | | | | | |  L&#10;M  |c| | | | | | | |  M                M  | | | | | | | | |  M&#10;N  | | | | | | | | |  N                N  | | | | | | | | |  N&#10;O  | | | | | | | | |  O                O  | | | | | | | | |  O&#10;P  | | | | | | | | |  P                P  | | | | | | | | |  P&#10;Q  | | | | | | | | |  Q                Q  | | | | | | | | |  Q&#10;R  | | | | | | | | |  R                R  | | | | | | | | |  R&#10;S  | | | | | | | | |  S                S  | | | | | | | | |  S&#10;T  | | | | | | | | |  T                T  | | | | | | | | |  T&#10;  0|1|2|3|4|5|6|7|8|9                    0|1|2|3|4|5|6|7|8|9&#10;Possible actions for Player A:&#10;F Fire at a square&#10;M Move a ship to another square (1 remaining)&#10;S Sonar scan (0 remaining)&#10;Player A,Please enter your coordinate to attack:&#10;You hit a Destroyer!&#10;&#10;Computer is attacking&#10;Computer's ocean                       Enemy's ocean&#10;  0|1|2|3|4|5|6|7|8|9                    0|1|2|3|4|5|6|7|8|9&#10;A x|x|x|x|x|x| |b| |  A                A s|s| | | | | | | |  A&#10;B x|x|x|x|d|b|b|b|b|  B                B s|s| | | | | | | |  B&#10;C  | |d|d|d|b| |b| |  C                C d|d| | | | | | | |  C&#10;D b| | | | | | | | |  D                D d| | | | | | | | |  D&#10;E b|b| | | | | | | |  E                E d| | | | | | | | |  E&#10;F b|c|c|c|c| | | | |  F                F X| | | | | | | | |  F&#10;G c|c|c| | | | | | |  G                G X| | | | | | | | |  G&#10;H  |c|c|c|c| | | | |  H                H X| | | | | | | | |  H&#10;I c|c|c| | | | | | |  I                I c| | | | | | | | |  I&#10;J  | | | | | | | | |  J                J c| | | | | | | | |  J&#10;K  | | | | | | | | |  K                K  | | | | | | | | |  K&#10;L  | | | | | | | | |  L                L  | | | | | | | | |  L&#10;M  | | | | | | | | |  M                M  | | | | | | | | |  M&#10;N  | | | | | | | | |  N                N  | | | | | | | | |  N&#10;O  | | | | | | | | |  O                O  | | | | | | | | |  O&#10;P  | | | | | | | | |  P                P  | | | | | | | | |  P&#10;Q  | | | | | | | | |  Q                Q  | | | | | | | | |  Q&#10;R  | | | | | | | | |  R                R  | | | | | | | | |  R&#10;S  | | | | | | | | |  S                S  | | | | | | | | |  S&#10;T  | | | | | | | | |  T                T  | | | | | | | | |  T&#10;  0|1|2|3|4|5|6|7|8|9                    0|1|2|3|4|5|6|7|8|9&#10;Computer hit a Destroyer!&#10;Your ocean                             Enemy's ocean&#10;  0|1|2|3|4|5|6|7|8|9                    0|1|2|3|4|5|6|7|8|9&#10;A x|x|d| | | | | | |  A                A s|s|d|d|d|b|X| | |  A&#10;B x|x|d|b| | |b| | |b B                B s|s|d|d| | | | | |  B&#10;C x|x|d|b|b|b|b| |b|b C                C  | | | | | | | | |  C&#10;D x|x| |b| | |b| | |b D                D  | | | | | | | | |  D&#10;E x|d| | | | | | | |  E                E  | | | | | | | | |  E&#10;F  | | | | | | | | |  F                F  | | | | | | | | |  F&#10;G  | | | | | | | | |  G                G  | | | | | | | | |  G&#10;H  | | | | | | | | |  H                H  | | | | | | | | |  H&#10;I x| | | | | |c|c|c|c I                I  | | | | | | | | |  I&#10;J x| | | | |c|c|c| |  J                J  | | | | | | | | |  J&#10;K c|c| | | | | | | |  K                K  | | | | | | | | |  K&#10;L c|c| | | | | | | |  L                L  | | | | | | | | |  L&#10;M  |c| | | | | | | |  M                M  | | | | | | | | |  M&#10;N  | | | | | | | | |  N                N  | | | | | | | | |  N&#10;O  | | | | | | | | |  O                O  | | | | | | | | |  O&#10;P  | | | | | | | | |  P                P  | | | | | | | | |  P&#10;Q  | | | | | | | | |  Q                Q  | | | | | | | | |  Q&#10;R  | | | | | | | | |  R                R  | | | | | | | | |  R&#10;S  | | | | | | | | |  S                S  | | | | | | | | |  S&#10;T  | | | | | | | | |  T                T  | | | | | | | | |  T&#10;  0|1|2|3|4|5|6|7|8|9                    0|1|2|3|4|5|6|7|8|9&#10;Possible actions for Player A:&#10;F Fire at a square&#10;M Move a ship to another square (1 remaining)&#10;S Sonar scan (0 remaining)&#10;Player A,Please enter your coordinate to attack:&#10;You hit a Destroyer!&#10;&#10;Computer is attacking&#10;Computer's ocean                       Enemy's ocean&#10;  0|1|2|3|4|5|6|7|8|9                    0|1|2|3|4|5|6|7|8|9&#10;A x|x|x|x|x|x| |b| |  A                A s|s| | | | | | | |  A&#10;B x|x|x|x|x|b|b|b|b|  B                B s|s| | | | | | | |  B&#10;C  | |d|d|d|b| |b| |  C                C d|d| | | | | | | |  C&#10;D b| | | | | | | | |  D                D d|d| | | | | | | |  D&#10;E b|b| | | | | | | |  E                E d| | | | | | | | |  E&#10;F b|c|c|c|c| | | | |  F                F X| | | | | | | | |  F&#10;G c|c|c| | | | | | |  G                G X| | | | | | | | |  G&#10;H  |c|c|c|c| | | | |  H                H X| | | | | | | | |  H&#10;I c|c|c| | | | | | |  I                I c| | | | | | | | |  I&#10;J  | | | | | | | | |  J                J c| | | | | | | | |  J&#10;K  | | | | | | | | |  K                K  | | | | | | | | |  K&#10;L  | | | | | | | | |  L                L  | | | | | | | | |  L&#10;M  | | | | | | | | |  M                M  | | | | | | | | |  M&#10;N  | | | | | | | | |  N                N  | | | | | | | | |  N&#10;O  | | | | | | | | |  O                O  | | | | | | | | |  O&#10;P  | | | | | | | | |  P                P  | | | | | | | | |  P&#10;Q  | | | | | | | | |  Q                Q  | | | | | | | | |  Q&#10;R  | | | | | | | | |  R                R  | | | | | | | | |  R&#10;S  | | | | | | | | |  S                S  | | | | | | | | |  S&#10;T  | | | | | | | | |  T                T  | | | | | | | | |  T&#10;  0|1|2|3|4|5|6|7|8|9                    0|1|2|3|4|5|6|7|8|9&#10;Computer hit a Destroyer!&#10;Your ocean                             Enemy's ocean&#10;  0|1|2|3|4|5|6|7|8|9                    0|1|2|3|4|5|6|7|8|9&#10;A x|x|d| | | | | | |  A                A s|s|d|d|d|b|X| | |  A&#10;B x|x|d|b| | |b| | |b B                B s|s|d|d|d| | | | |  B&#10;C x|x|d|b|b|b|b| |b|b C                C  | | | | | | | | |  C&#10;D x|x| |b| | |b| | |b D                D  | | | | | | | | |  D&#10;E x|x| | | | | | | |  E                E  | | | | | | | | |  E&#10;F  | | | | | | | | |  F                F  | | | | | | | | |  F&#10;G  | | | | | | | | |  G                G  | | | | | | | | |  G&#10;H  | | | | | | | | |  H                H  | | | | | | | | |  H&#10;I x| | | | | |c|c|c|c I                I  | | | | | | | | |  I&#10;J x| | | | |c|c|c| |  J                J  | | | | | | | | |  J&#10;K c|c| | | | | | | |  K                K  | | | | | | | | |  K&#10;L c|c| | | | | | | |  L                L  | | | | | | | | |  L&#10;M  |c| | | | | | | |  M                M  | | | | | | | | |  M&#10;N  | | | | | | | | |  N                N  | | | | | | | | |  N&#10;O  | | | | | | | | |  O                O  | | | | | | | | |  O&#10;P  | | | | | | | | |  P                P  | | | | | | | | |  P&#10;Q  | | | | | | | | |  Q                Q  | | | | | | | | |  Q&#10;R  | | | | | | | | |  R                R  | | | | | | | | |  R&#10;S  | | | | | | | | |  S                S  | | | | | | | | |  S&#10;T  | | | | | | | | |  T                T  | | | | | | | | |  T&#10;  0|1|2|3|4|5|6|7|8|9                    0|1|2|3|4|5|6|7|8|9&#10;Possible actions for Player A:&#10;F Fire at a square&#10;M Move a ship to another square (1 remaining)&#10;S Sonar scan (0 remaining)&#10;Player A,Please enter your coordinate to attack:&#10;You hit a Battleship!&#10;&#10;Computer is attacking&#10;Computer's ocean                       Enemy's ocean&#10;  0|1|2|3|4|5|6|7|8|9                    0|1|2|3|4|5|6|7|8|9&#10;A x|x|x|x|x|x| |b| |  A                A s|s| | | | | | | |  A&#10;B x|x|x|x|x|x|b|b|b|  B                B s|s| | | | | | | |  B&#10;C  | |d|d|d|b| |b| |  C                C d|d| | | | | | | |  C&#10;D b| | | | | | | | |  D                D d|d| | | | | | | |  D&#10;E b|b| | | | | | | |  E                E d|d| | | | | | | |  E&#10;F b|c|c|c|c| | | | |  F                F X| | | | | | | | |  F&#10;G c|c|c| | | | | | |  G                G X| | | | | | | | |  G&#10;H  |c|c|c|c| | | | |  H                H X| | | | | | | | |  H&#10;I c|c|c| | | | | | |  I                I c| | | | | | | | |  I&#10;J  | | | | | | | | |  J                J c| | | | | | | | |  J&#10;K  | | | | | | | | |  K                K  | | | | | | | | |  K&#10;L  | | | | | | | | |  L                L  | | | | | | | | |  L&#10;M  | | | | | | | | |  M                M  | | | | | | | | |  M&#10;N  | | | | | | | | |  N                N  | | | | | | | | |  N&#10;O  | | | | | | | | |  O                O  | | | | | | | | |  O&#10;P  | | | | | | | | |  P                P  | | | | | | | | |  P&#10;Q  | | | | | | | | |  Q                Q  | | | | | | | | |  Q&#10;R  | | | | | | | | |  R                R  | | | | | | | | |  R&#10;S  | | | | | | | | |  S                S  | | | | | | | | |  S&#10;T  | | | | | | | | |  T                T  | | | | | | | | |  T&#10;  0|1|2|3|4|5|6|7|8|9                    0|1|2|3|4|5|6|7|8|9&#10;Computer missed!&#10;Your ocean                             Enemy's ocean&#10;  0|1|2|3|4|5|6|7|8|9                    0|1|2|3|4|5|6|7|8|9&#10;A x|x|d| | | | | | |  A                A s|s|d|d|d|b|X| | |  A&#10;B x|x|d|b| | |b| | |b B                B s|s|d|d|d|b| | | |  B&#10;C x|x|d|b|b|b|b| |b|b C                C  | | | | | | | | |  C&#10;D x|x| |b| | |b| | |b D                D  | | | | | | | | |  D&#10;E x|x| | | | | | | |  E                E  | | | | | | | | |  E&#10;F  | | | | | | | | |  F                F  | | | | | | | | |  F&#10;G  | | | | | | | | |  G                G  | | | | | | | | |  G&#10;H  | | | | | | | | |  H                H  | | | | | | | | |  H&#10;I x| | | | | |c|c|c|c I                I  | | | | | | | | |  I&#10;J x| | | | |c|c|c| |  J                J  | | | | | | | | |  J&#10;K c|c| | | | | | | |  K                K  | | | | | | | | |  K&#10;L c|c| | | | | | | |  L                L  | | | | | | | | |  L&#10;M  |c| | | | | | | |  M                M  | | | | | | | | |  M&#10;N  | | | | | | | | |  N                N  | | | | | | | | |  N&#10;O  | | | | | | | | |  O                O  | | | | | | | | |  O&#10;P  | | | | | | | | |  P                P  | | | | | | | | |  P&#10;Q  | | | | | | | | |  Q                Q  | | | | | | | | |  Q&#10;R  | | | | | | | | |  R                R  | | | | | | | | |  R&#10;S  | | | | | | | | |  S                S  | | | | | | | | |  S&#10;T  | | | | | | | | |  T                T  | | | | | | | | |  T&#10;  0|1|2|3|4|5|6|7|8|9                    0|1|2|3|4|5|6|7|8|9&#10;Possible actions for Player A:&#10;F Fire at a square&#10;M Move a ship to another square (1 remaining)&#10;S Sonar scan (0 remaining)&#10;Player A,Please enter your coordinate to attack:&#10;You hit a Battleship!&#10;&#10;Computer is attacking&#10;Computer's ocean                       Enemy's ocean&#10;  0|1|2|3|4|5|6|7|8|9                    0|1|2|3|4|5|6|7|8|9&#10;A x|x|x|x|x|x| |b| |  A                A s|s| | | | | | | |  A&#10;B x|x|x|x|x|x|x|b|b|  B                B s|s| | | | | | | |  B&#10;C  | |d|d|d|b| |b| |  C                C d|d| | | | | | | |  C&#10;D b| | | | | | | | |  D                D d|d| | | | | | | |  D&#10;E b|b| | | | | | | |  E                E d|d| | | | | | | |  E&#10;F b|c|c|c|c| | | | |  F                F X|X| | | | | | | |  F&#10;G c|c|c| | | | | | |  G                G X| | | | | | | | |  G&#10;H  |c|c|c|c| | | | |  H                H X| | | | | | | | |  H&#10;I c|c|c| | | | | | |  I                I c| | | | | | | | |  I&#10;J  | | | | | | | | |  J                J c| | | | | | | | |  J&#10;K  | | | | | | | | |  K                K  | | | | | | | | |  K&#10;L  | | | | | | | | |  L                L  | | | | | | | | |  L&#10;M  | | | | | | | | |  M                M  | | | | | | | | |  M&#10;N  | | | | | | | | |  N                N  | | | | | | | | |  N&#10;O  | | | | | | | | |  O                O  | | | | | | | | |  O&#10;P  | | | | | | | | |  P                P  | | | | | | | | |  P&#10;Q  | | | | | | | | |  Q                Q  | | | | | | | | |  Q&#10;R  | | | | | | | | |  R                R  | | | | | | | | |  R&#10;S  | | | | | | | | |  S                S  | | | | | | | | |  S&#10;T  | | | | | | | | |  T                T  | | | | | | | | |  T&#10;  0|1|2|3|4|5|6|7|8|9                    0|1|2|3|4|5|6|7|8|9&#10;Computer missed!&#10;Your ocean                             Enemy's ocean&#10;  0|1|2|3|4|5|6|7|8|9                    0|1|2|3|4|5|6|7|8|9&#10;A x|x|d| | | | | | |  A                A s|s|d|d|d|b|X| | |  A&#10;B x|x|d|b| | |b| | |b B                B s|s|d|d|d|b|b| | |  B&#10;C x|x|d|b|b|b|b| |b|b C                C  | | | | | | | | |  C&#10;D x|x| |b| | |b| | |b D                D  | | | | | | | | |  D&#10;E x|x| | | | | | | |  E                E  | | | | | | | | |  E&#10;F  | | | | | | | | |  F                F  | | | | | | | | |  F&#10;G  | | | | | | | | |  G                G  | | | | | | | | |  G&#10;H  | | | | | | | | |  H                H  | | | | | | | | |  H&#10;I x| | | | | |c|c|c|c I                I  | | | | | | | | |  I&#10;J x| | | | |c|c|c| |  J                J  | | | | | | | | |  J&#10;K c|c| | | | | | | |  K                K  | | | | | | | | |  K&#10;L c|c| | | | | | | |  L                L  | | | | | | | | |  L&#10;M  |c| | | | | | | |  M                M  | | | | | | | | |  M&#10;N  | | | | | | | | |  N                N  | | | | | | | | |  N&#10;O  | | | | | | | | |  O                O  | | | | | | | | |  O&#10;P  | | | | | | | | |  P                P  | | | | | | | | |  P&#10;Q  | | | | | | | | |  Q                Q  | | | | | | | | |  Q&#10;R  | | | | | | | | |  R                R  | | | | | | | | |  R&#10;S  | | | | | | | | |  S                S  | | | | | | | | |  S&#10;T  | | | | | | | | |  T                T  | | | | | | | | |  T&#10;  0|1|2|3|4|5|6|7|8|9                    0|1|2|3|4|5|6|7|8|9&#10;Possible actions for Player A:&#10;F Fire at a square&#10;M Move a ship to another square (1 remaining)&#10;S Sonar scan (0 remaining)&#10;Player A,Please enter your coordinate to attack:&#10;You hit a Battleship!&#10;&#10;Computer is attacking&#10;Computer's ocean                       Enemy's ocean&#10;  0|1|2|3|4|5|6|7|8|9                    0|1|2|3|4|5|6|7|8|9&#10;A x|x|x|x|x|x| |b| |  A                A s|s| | | | | | | |  A&#10;B x|x|x|x|x|x|x|x|b|  B                B s|s| | | | | | | |  B&#10;C  | |d|d|d|b| |b| |  C                C d|d| | | | | | | |  C&#10;D b| | | | | | | | |  D                D d|d| | | | | | | |  D&#10;E b|b| | | | | | | |  E                E d|d| | | | | | | |  E&#10;F b|c|c|c|c| | | | |  F                F X|X| | | | | | | |  F&#10;G c|c|c| | | | | | |  G                G X|X| | | | | | | |  G&#10;H  |c|c|c|c| | | | |  H                H X| | | | | | | | |  H&#10;I c|c|c| | | | | | |  I                I c| | | | | | | | |  I&#10;J  | | | | | | | | |  J                J c| | | | | | | | |  J&#10;K  | | | | | | | | |  K                K  | | | | | | | | |  K&#10;L  | | | | | | | | |  L                L  | | | | | | | | |  L&#10;M  | | | | | | | | |  M                M  | | | | | | | | |  M&#10;N  | | | | | | | | |  N                N  | | | | | | | | |  N&#10;O  | | | | | | | | |  O                O  | | | | | | | | |  O&#10;P  | | | | | | | | |  P                P  | | | | | | | | |  P&#10;Q  | | | | | | | | |  Q                Q  | | | | | | | | |  Q&#10;R  | | | | | | | | |  R                R  | | | | | | | | |  R&#10;S  | | | | | | | | |  S                S  | | | | | | | | |  S&#10;T  | | | | | | | | |  T                T  | | | | | | | | |  T&#10;  0|1|2|3|4|5|6|7|8|9                    0|1|2|3|4|5|6|7|8|9&#10;Computer missed!&#10;Your ocean                             Enemy's ocean&#10;  0|1|2|3|4|5|6|7|8|9                    0|1|2|3|4|5|6|7|8|9&#10;A x|x|d| | | | | | |  A                A s|s|d|d|d|b|X| | |  A&#10;B x|x|d|b| | |b| | |b B                B s|s|d|d|d|b|b|b| |  B&#10;C x|x|d|b|b|b|b| |b|b C                C  | | | | | | | | |  C&#10;D x|x| |b| | |b| | |b D                D  | | | | | | | | |  D&#10;E x|x| | | | | | | |  E                E  | | | | | | | | |  E&#10;F  | | | | | | | | |  F                F  | | | | | | | | |  F&#10;G  | | | | | | | | |  G                G  | | | | | | | | |  G&#10;H  | | | | | | | | |  H                H  | | | | | | | | |  H&#10;I x| | | | | |c|c|c|c I                I  | | | | | | | | |  I&#10;J x| | | | |c|c|c| |  J                J  | | | | | | | | |  J&#10;K c|c| | | | | | | |  K                K  | | | | | | | | |  K&#10;L c|c| | | | | | | |  L                L  | | | | | | | | |  L&#10;M  |c| | | | | | | |  M                M  | | | | | | | | |  M&#10;N  | | | | | | | | |  N                N  | | | | | | | | |  N&#10;O  | | | | | | | | |  O                O  | | | | | | | | |  O&#10;P  | | | | | | | | |  P                P  | | | | | | | | |  P&#10;Q  | | | | | | | | |  Q                Q  | | | | | | | | |  Q&#10;R  | | | | | | | | |  R                R  | | | | | | | | |  R&#10;S  | | | | | | | | |  S                S  | | | | | | | | |  S&#10;T  | | | | | | | | |  T                T  | | | | | | | | |  T&#10;  0|1|2|3|4|5|6|7|8|9                    0|1|2|3|4|5|6|7|8|9&#10;Possible actions for Player A:&#10;F Fire at a square&#10;M Move a ship to another square (1 remaining)&#10;S Sonar scan (0 remaining)&#10;Player A,Please enter your coordinate to attack:&#10;You hit a Battleship!&#10;&#10;Computer is attacking&#10;Computer's ocean                       Enemy's ocean&#10;  0|1|2|3|4|5|6|7|8|9                    0|1|2|3|4|5|6|7|8|9&
[...]
L c|c| | | | | | | |  L                L  | | | | | | | | |  L
M  |c| | | | | | | |  M                M  | | | | | | | | |  M
N  | | | | | | | | |  N                N  | | | | | | | | |  N
O  | | | | | | | | |  O                O  | | | | | | | | |  O
P  | | | | | | | | |  P                P  | | | | | | | | |  P
Q  | | | | | | | | |  Q                Q  | | | | | | | | |  Q
R  | | | | | | | | |  R                R  | | | | | | | | |  R
S  | | | | | | | | |  S                S  | | | | | | | | |  S
T  | | | | | | | | |  T                T  | | | | | | | | |  T
  0|1|2|3|4|5|6|7|8|9                    0|1|2|3|4|5|6|7|8|9
Possible actions for Player A:
F Fire at a square
M Move a ship to another square (1 remaining)
S Sonar scan (0 remaining)
Player A,Please enter your coordinate to attack:
You hit a Carrier!

Computer is attacking
Computer's ocean                       Enemy's ocean
  0|1|2|3|4|5|6|7|8|9                    0|1|2|3|4|5|6|7|8|9
A x|x|x|x|x|x| |x| |  A                A s|s|d|X|X| | | | |  A
B x|x|x|x|x|x|x|x|x|  B                B s|s|d|b|X| | | | |  B
C  | |x|x|x|x| |x| |  C                C d|d|d|b| | | | | |  C
D x| | | | | | | | |  D                D d|d|X|b| | | | | |  D
E x|x| | | | | | | |  E                E d|d|X|X| | | | | |  E
F x|x|x|x|x| | | | |  F                F X|X|X|X| | | | | |  F
G x|x|x| | | | | | |  G                G X|X|X|X| | | | | |  G
H  |x|x|x|x| | | | |  H                H X|X|X|X| | | | | |  H
I c|c|c| | | | | | |  I                I c|X|X|X| | | | | |  I
J  | | | | | | | | |  J                J c|X|X|X| | | | | |  J
K  | | | | | | | | |  K                K  | | | | | | | | |  K
L  | | | | | | | | |  L                L  | | | | | | | | |  L
M  | | | | | | | | |  M                M  | | | | | | | | |  M
N  | | | | | | | | |  N                N  | | | | | | | | |  N
O  | | | | | | | | |  O                O  | | | | | | | | |  O
P  | | | | | | | | |  P                P  | | | | | | | | |  P
Q  | | | | | | | | |  Q                Q  | | | | | | | | |  Q
R  | | | | | | | | |  R                R  | | | | | | | | |  R
S  | | | | | | | | |  S                S  | | | | | | | | |  S
T  | | | | | | | | |  T                T  | | | | | | | | |  T
  0|1|2|3|4|5|6|7|8|9                    0|1|2|3|4|5|6|7|8|9
Computer hit a Battleship!
Your ocean                             Enemy's ocean
  0|1|2|3|4|5|6|7|8|9                    0|1|2|3|4|5|6|7|8|9
A x|x|x| | | | | | |  A                A s|s|d|d|d|b|X|b|X|  A
B x|x|x|x| | |b| | |b B                B s|s|d|d|d|b|b|b|b|X B
C x|x|x|x|x|b|b| |b|b C                C  | |d|d|d|b| |b| |  C
D x|x| |x| | |b| | |b D                D b| | | | | | | | |  D
E x|x| | | | | | | |  E                E b|b| | | | | | | |  E
F  | | | | | | | | |  F                F b|c|c|c|c|X| | | |  F
G  | | | | | | | | |  G                G c|c|c| | | | | | |  G
H  | | | | | | | | |  H                H  |c|c|c|c| | | | |  H
I x| | | | | |c|c|c|c I                I  | | | | | | | | |  I
J x| | | | |c|c|c| |  J                J  | | | | | | | | |  J
K c|c| | | | | | | |  K                K  | | | | | | | | |  K
L c|c| | | | | | | |  L                L  | | | | | | | | |  L
M  |c| | | | | | | |  M                M  | | | | | | | | |  M
N  | | | | | | | | |  N                N  | | | | | | | | |  N
O  | | | | | | | | |  O                O  | | | | | | | | |  O
P  | | | | | | | | |  P                P  | | | | | | | | |  P
Q  | | | | | | | | |  Q                Q  | | | | | | | | |  Q
R  | | | | | | | | |  R                R  | | | | | | | | |  R
S  | | | | | | | | |  S                S  | | | | | | | | |  S
T  | | | | | | | | |  T                T  | | | | | | | | |  T
  0|1|2|3|4|5|6|7|8|9                    0|1|2|3|4|5|6|7|8|9
Possible actions for Player A:
F Fire at a square
M Move a ship to another square (1 remaining)
S Sonar scan (0 remaining)
Player A,Please enter your coordinate to attack:
You hit a Carrier!

Computer is attacking
Computer's ocean                       Enemy's ocean
  0|1|2|3|4|5|6|7|8|9                    0|1|2|3|4|5|6|7|8|9
A x|x|x|x|x|x| |x| |  A                A s|s|d|X|X| | | | |  A
B x|x|x|x|x|x|x|x|x|  B                B s|s|d|b|X| | | | |  B
C  | |x|x|x|x| |x| |  C                C d|d|d|b|b| | | | |  C
D x| | | | | | | | |  D                D d|d|X|b| | | | | |  D
E x|x| | | | | | | |  E                E d|d|X|X| | | | | |  E
F x|x|x|x|x| | | | |  F                F X|X|X|X| | | | | |  F
G x|x|x| | | | | | |  G                G X|X|X|X| | | | | |  G
H  |x|x|x|x| | | | |  H                H X|X|X|X| | | | | |  H
I x|c|c| | | | | | |  I                I c|X|X|X| | | | | |  I
J  | | | | | | | | |  J                J c|X|X|X| | | | | |  J
K  | | | | | | | | |  K                K  | | | | | | | | |  K
L  | | | | | | | | |  L                L  | | | | | | | | |  L
M  | | | | | | | | |  M                M  | | | | | | | | |  M
N  | | | | | | | | |  N                N  | | | | | | | | |  N
O  | | | | | | | | |  O                O  | | | | | | | | |  O
P  | | | | | | | | |  P                P  | | | | | | | | |  P
Q  | | | | | | | | |  Q                Q  | | | | | | | | |  Q
R  | | | | | | | | |  R                R  | | | | | | | | |  R
S  | | | | | | | | |  S                S  | | | | | | | | |  S
T  | | | | | | | | |  T                T  | | | | | | | | |  T
  0|1|2|3|4|5|6|7|8|9                    0|1|2|3|4|5|6|7|8|9
Computer missed!
Your ocean                             Enemy's ocean
  0|1|2|3|4|5|6|7|8|9                    0|1|2|3|4|5|6|7|8|9
A x|x|x| | | | | | |  A                A s|s|d|d|d|b|X|b|X|  A
B x|x|x|x| | |b| | |b B                B s|s|d|d|d|b|b|b|b|X B
C x|x|x|x|x|b|b| |b|b C                C  | |d|d|d|b| |b| |  C
D x|x| |x| | |b| | |b D                D b| | | | | | | | |  D
E x|x| | | | | | | |  E                E b|b| | | | | | | |  E
F  | | | | | | | | |  F                F b|c|c|c|c|X| | | |  F
G  | | | | | | | | |  G                G c|c|c| | | | | | |  G
H  | | | | | | | | |  H                H  |c|c|c|c| | | | |  H
I x| | | | | |c|c|c|c I                I c| | | | | | | | |  I
J x| | | | |c|c|c| |  J                J  | | | | | | | | |  J
K c|c| | | | | | | |  K                K  | | | | | | | | |  K
L c|c| | | | | | | |  L                L  | | | | | | | | |  L
M  |c| | | | | | | |  M                M  | | | | | | | | |  M
N  | | | | | | | | |  N                N  | | | | | | | | |  N
O  | | | | | | | | |  O                O  | | | | | | | | |  O
P  | | | | | | | | |  P                P  | | | | | | | | |  P
Q  | | | | | | | | |  Q                Q  | | | | | | | | |  Q
R  | | | | | | | | |  R                R  | | | | | | | | |  R
S  | | | | | | | | |  S                S  | | | | | | | | |  S
T  | | | | | | | | |  T                T  | | | | | | | | |  T
  0|1|2|3|4|5|6|7|8|9                    0|1|2|3|4|5|6|7|8|9
Possible actions for Player A:
F Fire at a square
M Move a ship to another square (1 remaining)
S Sonar scan (0 remaining)
Player A,Please enter your coordinate to attack:
You hit a Carrier!

Computer is attacking
Computer's ocean                       Enemy's ocean
  0|1|2|3|4|5|6|7|8|9                    0|1|2|3|4|5|6|7|8|9
A x|x|x|x|x|x| |x| |  A                A s|s|d|X|X| | | | |  A
B x|x|x|x|x|x|x|x|x|  B                B s|s|d|b|X| | | | |  B
C  | |x|x|x|x| |x| |  C                C d|d|d|b|b| | | | |  C
D x| | | | | | | | |  D                D d|d|X|b|X| | | | |  D
E x|x| | | | | | | |  E                E d|d|X|X| | | | | |  E
F x|x|x|x|x| | | | |  F                F X|X|X|X| | | | | |  F
G x|x|x| | | | | | |  G                G X|X|X|X| | | | | |  G
H  |x|x|x|x| | | | |  H                H X|X|X|X| | | | | |  H
I x|x|c| | | | | | |  I                I c|X|X|X| | | | | |  I
J  | | | | | | | | |  J                J c|X|X|X| | | | | |  J
K  | | | | | | | | |  K                K  | | | | | | | | |  K
L  | | | | | | | | |  L                L  | | | | | | | | |  L
M  | | | | | | | | |  M                M  | | | | | | | | |  M
N  | | | | | | | | |  N                N  | | | | | | | | |  N
O  | | | | | | | | |  O                O  | | | | | | | | |  O
P  | | | | | | | | |  P                P  | | | | | | | | |  P
Q  | | | | | | | | |  Q                Q  | | | | | | | | |  Q
R  | | | | | | | | |  R                R  | | | | | | | | |  R
S  | | | | | | | | |  S                S  | | | | | | | | |  S
T  | | | | | | | | |  T                T  | | | | | | | | |  T
  0|1|2|3|4|5|6|7|8|9                    0|1|2|3|4|5|6|7|8|9
Computer missed!
Your ocean                             Enemy's ocean
  0|1|2|3|4|5|6|7|8|9                    0|1|2|3|4|5|6|7|8|9
A x|x|x| | | | | | |  A                A s|s|d|d|d|b|X|b|X|  A
B x|x|x|x| | |b| | |b B                B s|s|d|d|d|b|b|b|b|X B
C x|x|x|x|x|b|b| |b|b C                C  | |d|d|d|b| |b| |  C
D x|x| |x| | |b| | |b D                D b| | | | | | | | |  D
E x|x| | | | | | | |  E                E b|b| | | | | | | |  E
F  | | | | | | | | |  F                F b|c|c|c|c|X| | | |  F
G  | | | | | | | | |  G                G c|c|c| | | | | | |  G
H  | | | | | | | | |  H                H  |c|c|c|c| | | | |  H
I x| | | | | |c|c|c|c I                I c|c| | | | | | | |  I
J x| | | | |c|c|c| |  J                J  | | | | | | | | |  J
K c|c| | | | | | | |  K                K  | | | | | | | | |  K
L c|c| | | | | | | |  L                L  | | | | | | | | |  L
M  |c| | | | | | | |  M                M  | | | | | | | | |  M
N  | | | | | | | | |  N                N  | | | | | | | | |  N
O  | | | | | | | | |  O                O  | | | | | | | | |  O
P  | | | | | | | | |  P                P  | | | | | | | | |  P
Q  | | | | | | | | |  Q                Q  | | | | | | | | |  Q
R  | | | | | | | | |  R                R  | | | | | | | | |  R
S  | | | | | | | | |  S                S  | | | | | | | | |  S
T  | | | | | | | | |  T                T  | | | | | | | | |  T
  0|1|2|3|4|5|6|7|8|9                    0|1|2|3|4|5|6|7|8|9
Possible actions for Player A:
F Fire at a square
M Move a ship to another square (1 remaining)
S Sonar scan (0 remaining)
Player A,Please enter your coordinate to attack:
You hit a Carrier!

Player A has won!
&gt;
	at app//org.junit.jupiter.api.AssertionUtils.fail(AssertionUtils.java:55)
	at app//org.junit.jupiter.api.AssertionUtils.failNotEqual(AssertionUtils.java:62)
	at app//org.junit.jupiter.api.AssertEquals.assertEquals(AssertEquals.java:182)
	at app//org.junit.jupiter.api.AssertEquals.assertEquals(AssertEquals.java:177)
	at app//org.junit.jupiter.api.Assertions.assertEquals(Assertions.java:1141)
	at app//edu.duke.sz232.battleship.AppTest.test_main(AppTest.java:43)
	at java.base@11.0.13/jdk.internal.reflect.NativeMethodAccessorImpl.invoke0(Native Method)
	at java.base@11.0.13/jdk.internal.reflect.NativeMethodAccessorImpl.invoke(NativeMethodAccessorImpl.java:62)
	at java.base@11.0.13/jdk.internal.reflect.DelegatingMethodAccessorImpl.invoke(DelegatingMethodAccessorImpl.java:43)
	at java.base@11.0.13/java.lang.reflect.Method.invoke(Method.java:566)
	at app//org.junit.platform.commons.util.ReflectionUtils.invokeMethod(ReflectionUtils.java:725)
	at app//org.junit.jupiter.engine.execution.MethodInvocation.proceed(MethodInvocation.java:60)
	at app//org.junit.jupiter.engine.execution.InvocationInterceptorChain$ValidatingInvocation.proceed(InvocationInterceptorChain.java:131)
	at app//org.junit.jupiter.engine.extension.TimeoutExtension.intercept(TimeoutExtension.java:149)
	at app//org.junit.jupiter.engine.extension.TimeoutExtension.interceptTestableMethod(TimeoutExtension.java:140)
	at app//org.junit.jupiter.engine.extension.TimeoutExtension.interceptTestMethod(TimeoutExtension.java:84)
	at app//org.junit.jupiter.engine.execution.ExecutableInvoker$ReflectiveInterceptorCall.lambda$ofVoidMethod$0(ExecutableInvoker.java:115)
	at app//org.junit.jupiter.engine.execution.ExecutableInvoker.lambda$invoke$0(ExecutableInvoker.java:105)
	at app//org.junit.jupiter.engine.execution.InvocationInterceptorChain$InterceptedInvocation.proceed(InvocationInterceptorChain.java:106)
	at app//org.junit.jupiter.engine.execution.InvocationInterceptorChain.proceed(InvocationInterceptorChain.java:64)
	at app//org.junit.jupiter.engine.execution.InvocationInterceptorChain.chainAndInvoke(InvocationInterceptorChain.java:45)
	at app//org.junit.jupiter.engine.execution.InvocationInterceptorChain.invoke(InvocationInterceptorChain.java:37)
	at app//org.junit.jupiter.engine.execution.ExecutableInvoker.invoke(ExecutableInvoker.java:104)
	at app//org.junit.jupiter.engine.execution.ExecutableInvoker.invoke(ExecutableInvoker.java:98)
	at app//org.junit.jupiter.engine.descriptor.TestMethodTestDescriptor.lambda$invokeTestMethod$7(TestMethodTestDescriptor.java:214)
	at app//org.junit.platform.engine.support.hierarchical.ThrowableCollector.execute(ThrowableCollector.java:73)
	at app//org.junit.jupiter.engine.descriptor.TestMethodTestDescriptor.invokeTestMethod(TestMethodTestDescriptor.java:210)
	at app//org.junit.jupiter.engine.descriptor.TestMethodTestDescriptor.execute(TestMethodTestDescriptor.java:135)
	at app//org.junit.jupiter.engine.descriptor.TestMethodTestDescriptor.execute(TestMethodTestDescriptor.java:66)
	at app//org.junit.platform.engine.support.hierarchical.NodeTestTask.lambda$executeRecursively$6(NodeTestTask.java:151)
	at app//org.junit.platform.engine.support.hierarchical.ThrowableCollector.execute(ThrowableCollector.java:73)
	at app//org.junit.platform.engine.support.hierarchical.NodeTestTask.lambda$executeRecursively$8(NodeTestTask.java:141)
	at app//org.junit.platform.engine.support.hierarchical.Node.around(Node.java:137)
	at app//org.junit.platform.engine.support.hierarchical.NodeTestTask.lambda$executeRecursively$9(NodeTestTask.java:139)
	at app//org.junit.platform.engine.support.hierarchical.ThrowableCollector.execute(ThrowableCollector.java:73)
	at app//org.junit.platform.engine.support.hierarchical.NodeTestTask.executeRecursively(NodeTestTask.java:138)
	at app//org.junit.platform.engine.support.hierarchical.NodeTestTask.execute(NodeTestTask.java:95)
	at java.base@11.0.13/java.util.ArrayList.forEach(ArrayList.java:1541)
	at app//org.junit.platform.engine.support.hierarchical.SameThreadHierarchicalTestExecutorService.invokeAll(SameThreadHierarchicalTestExecutorService.java:41)
	at app//org.junit.platform.engine.support.hierarchical.NodeTestTask.lambda$executeRecursively$6(NodeTestTask.java:155)
	at app//org.junit.platform.engine.support.hierarchical.ThrowableCollector.execute(ThrowableCollector.java:73)
	at app//org.junit.platform.engine.support.hierarchical.NodeTestTask.lambda$executeRecursively$8(NodeTestTask.java:141)
	at app//org.junit.platform.engine.support.hierarchical.Node.around(Node.java:137)
	at app//org.junit.platform.engine.support.hierarchical.NodeTestTask.lambda$executeRecursively$9(NodeTestTask.java:139)
	at app//org.junit.platform.engine.support.hierarchical.ThrowableCollector.execute(ThrowableCollector.java:73)
	at app//org.junit.platform.engine.support.hierarchical.NodeTestTask.executeRecursively(NodeTestTask.java:138)
	at app//org.junit.platform.engine.support.hierarchical.NodeTestTask.execute(NodeTestTask.java:95)
	at java.base@11.0.13/java.util.ArrayList.forEach(ArrayList.java:1541)
	at app//org.junit.platform.engine.support.hierarchical.SameThreadHierarchicalTestExecutorService.invokeAll(SameThreadHierarchicalTestExecutorService.java:41)
	at app//org.junit.platform.engine.support.hierarchical.NodeTestTask.lambda$executeRecursively$6(NodeTestTask.java:155)
	at app//org.junit.platform.engine.support.hierarchical.ThrowableCollector.execute(ThrowableCollector.java:73)
	at app//org.junit.platform.engine.support.hierarchical.NodeTestTask.lambda$executeRecursively$8(NodeTestTask.java:141)
	at app//org.junit.platform.engine.support.hierarchical.Node.around(Node.java:137)
	at app//org.junit.platform.engine.support.hierarchical.NodeTestTask.lambda$executeRecursively$9(NodeTestTask.java:139)
	at app//org.junit.platform.engine.support.hierarchical.ThrowableCollector.execute(ThrowableCollector.java:73)
	at app//org.junit.platform.engine.support.hierarchical.NodeTestTask.executeRecursively(NodeTestTask.java:138)
	at app//org.junit.platform.engine.support.hierarchical.NodeTestTask.execute(NodeTestTask.java:95)
	at app//org.junit.platform.engine.support.hierarchical.SameThreadHierarchicalTestExecutorService.submit(SameThreadHierarchicalTestExecutorService.java:35)
	at app//org.junit.platform.engine.support.hierarchical.HierarchicalTestExecutor.execute(HierarchicalTestExecutor.java:57)
	at app//org.junit.platform.engine.support.hierarchical.HierarchicalTestEngine.execute(HierarchicalTestEngine.java:54)
	at org.junit.platform.launcher.core.EngineExecutionOrchestrator.execute(EngineExecutionOrchestrator.java:108)
	at org.junit.platform.launcher.core.EngineExecutionOrchestrator.execute(EngineExecutionOrchestrator.java:88)
	at org.junit.platform.launcher.core.EngineExecutionOrchestrator.lambda$execute$0(EngineExecutionOrchestrator.java:54)
	at org.junit.platform.launcher.core.EngineExecutionOrchestrator.withInterceptedStreams(EngineExecutionOrchestrator.java:67)
	at org.junit.platform.launcher.core.EngineExecutionOrchestrator.execute(EngineExecutionOrchestrator.java:52)
	at org.junit.platform.launcher.core.DefaultLauncher.execute(DefaultLauncher.java:96)
	at org.junit.platform.launcher.core.DefaultLauncher.execute(DefaultLauncher.java:75)
	at org.gradle.api.internal.tasks.testing.junitplatform.JUnitPlatformTestClassProcessor$CollectAllTestClassesExecutor.processAllTestClasses(JUnitPlatformTestClassProcessor.java:99)
	at org.gradle.api.internal.tasks.testing.junitplatform.JUnitPlatformTestClassProcessor$CollectAllTestClassesExecutor.access$000(JUnitPlatformTestClassProcessor.java:79)
	at org.gradle.api.internal.tasks.testing.junitplatform.JUnitPlatformTestClassProcessor.stop(JUnitPlatformTestClassProcessor.java:75)
	at org.gradle.api.internal.tasks.testing.SuiteTestClassProcessor.stop(SuiteTestClassProcessor.java:61)
	at java.base@11.0.13/jdk.internal.reflect.NativeMethodAccessorImpl.invoke0(Native Method)
	at java.base@11.0.13/jdk.internal.reflect.NativeMethodAccessorImpl.invoke(NativeMethodAccessorImpl.java:62)
	at java.base@11.0.13/jdk.internal.reflect.DelegatingMethodAccessorImpl.invoke(DelegatingMethodAccessorImpl.java:43)
	at java.base@11.0.13/java.lang.reflect.Method.invoke(Method.java:566)
	at org.gradle.internal.dispatch.ReflectionDispatch.dispatch(ReflectionDispatch.java:36)
	at org.gradle.internal.dispatch.ReflectionDispatch.dispatch(ReflectionDispatch.java:24)
	at org.gradle.internal.dispatch.ContextClassLoaderDispatch.dispatch(ContextClassLoaderDispatch.java:33)
	at org.gradle.internal.dispatch.ProxyDispatchAdapter$DispatchingInvocationHandler.invoke(ProxyDispatchAdapter.java:94)
	at com.sun.proxy.$Proxy5.stop(Unknown Source)
	at org.gradle.api.internal.tasks.testing.worker.TestWorker$3.run(TestWorker.java:193)
	at org.gradle.api.internal.tasks.testing.worker.TestWorker.executeAndMaintainThreadName(TestWorker.java:129)
	at org.gradle.api.internal.tasks.testing.worker.TestWorker.execute(TestWorker.java:100)
	at org.gradle.api.internal.tasks.testing.worker.TestWorker.execute(TestWorker.java:60)
	at org.gradle.process.internal.worker.child.ActionExecutionWorker.execute(ActionExecutionWorker.java:56)
	at org.gradle.process.internal.worker.child.SystemApplicationClassLoaderWorker.call(SystemApplicationClassLoaderWorker.java:133)
	at org.gradle.process.internal.worker.child.SystemApplicationClassLoaderWorker.call(SystemApplicationClassLoaderWorker.java:71)
	at app//worker.org.gradle.process.internal.worker.GradleWorkerMain.run(GradleWorkerMain.java:69)
	at app//worker.org.gradle.process.internal.worker.GradleWorkerMain.main(GradleWorkerMain.java:74)
</failure>
  </testcase>
  <testcase name="test_Computer_player()" classname="edu.duke.sz232.battleship.AppTest" time="0.302"/>
  <system-out><![CDATA[]]></system-out>
  <system-err><![CDATA[]]></system-err>
</testsuite>
